<?xml version="1.0" encoding="UTF-8"?>
<testsuites name="LEEDForCommunities TestSuite" time="0" tests="0" failures="0" errors="0">
   <testsuite name="LEEDForCommunities TestSuite" tests="0" failures="0" errors="0" time="0" timestamp="2018-06-28 11:32:32" hostname="Group10 - G10CHLT003" id="Test Suites/Communities Suites/LEEDForCommunities TestSuite">
      <properties>
         <property name="deviceName" value=""/>
         <property name="devicePlatform" value=""/>
         <property name="logFolder" value="C:\\Users\\Group10\\git\\KatalonStudio\\ArcWithKatalonStudio\\Reports\\Communities Suites\\LEEDForCommunities TestSuite\\20180628_113227"/>
         <property name="logFiles" value="C:\\Users\\Group10\\git\\KatalonStudio\\ArcWithKatalonStudio\\Reports\\Communities Suites\\LEEDForCommunities TestSuite\\20180628_113227\\execution0.log"/>
         <property name="attachments" value=""/>
         <property name="hostName" value="Group10 - G10CHLT003"/>
         <property name="hostAddress" value="172.18.0.84"/>
         <property name="os" value="Windows 7 64bit"/>
         <property name="katalonVersion" value="5.4.2.1"/>
      </properties>
      <system-out><![CDATA[2018-06-28 11:32:32 - [TEST_SUITE][INCOMPLETE] - LEEDForCommunities TestSuite: null]]></system-out>
      <system-err><![CDATA[2018-06-28 11:32:32 - [TEST_SUITE][INCOMPLETE] - LEEDForCommunities TestSuite: null]]></system-err>
   </testsuite>
</testsuites>
