<?xml version="1.0" encoding="UTF-8"?>
<testsuites name="BuildingNone TestSuite" time="0" tests="0" failures="0" errors="0">
   <testsuite name="BuildingNone TestSuite" tests="0" failures="0" errors="0" time="0" timestamp="2018-06-28 11:38:36" hostname="Group10 - G10CHLT003" id="Test Suites/Building Suites/IND Building Suite/BuildingNone TestSuite">
      <properties>
         <property name="deviceName" value=""/>
         <property name="devicePlatform" value=""/>
         <property name="logFolder" value="C:\\Users\\Group10\\git\\KatalonStudio\\ArcWithKatalonStudio\\Reports\\Building Suites\\IND Building Suite\\BuildingNone TestSuite\\20180628_113831"/>
         <property name="logFiles" value="C:\\Users\\Group10\\git\\KatalonStudio\\ArcWithKatalonStudio\\Reports\\Building Suites\\IND Building Suite\\BuildingNone TestSuite\\20180628_113831\\execution0.log"/>
         <property name="attachments" value=""/>
         <property name="hostName" value="Group10 - G10CHLT003"/>
         <property name="hostAddress" value="172.18.0.84"/>
         <property name="os" value="Windows 7 64bit"/>
         <property name="katalonVersion" value="5.4.2.1"/>
      </properties>
      <system-out><![CDATA[2018-06-28 11:38:36 - [TEST_SUITE][INCOMPLETE] - BuildingNone TestSuite: null]]></system-out>
      <system-err><![CDATA[2018-06-28 11:38:36 - [TEST_SUITE][INCOMPLETE] - BuildingNone TestSuite: null]]></system-err>
   </testsuite>
</testsuites>
