<?xml version="1.0" encoding="UTF-8"?>
<testsuites name="LEEDForCites TestSuite" time="156" tests="2" failures="0" errors="0">
   <testsuite name="LEEDForCites TestSuite" tests="2" failures="0" errors="0" time="156" timestamp="2018-06-27 14:17:38" hostname="Group10 - G10CHLT003" id="Test Suites/Cities Suites/CitiesIndiaSutes/LEEDForCites TestSuite">
      <properties>
         <property name="deviceName" value=""/>
         <property name="devicePlatform" value=""/>
         <property name="logFolder" value="C:\\Users\\Group10\\git\\KatalonStudio\\ArcWithKatalonStudio\\Reports\\Cities Suites\\CitiesIndiaSutes\\LEEDForCites TestSuite\\20180627_141730"/>
         <property name="logFiles" value="C:\\Users\\Group10\\git\\KatalonStudio\\ArcWithKatalonStudio\\Reports\\Cities Suites\\CitiesIndiaSutes\\LEEDForCites TestSuite\\20180627_141730\\execution0.log"/>
         <property name="attachments" value=""/>
         <property name="hostName" value="Group10 - G10CHLT003"/>
         <property name="os" value="Windows 7 64bit"/>
         <property name="katalonVersion" value="5.4.2.1"/>
         <property name="browser" value="Chrome 67.0.3396.99"/>
         <property name="hostAddress" value="172.18.0.84"/>
         <property name="sessionId" value="a51bbcd9faa2d6f429195b1139f55474"/>
         <property name="seleniumVersion" value="3.7.1"/>
         <property name="proxyInformation" value="ProxyInformation{proxyOption=NO_PROXY, proxyServerType=HTTP, password=, proxyServerAddress=, proxyServerPort=0}"/>
         <property name="platform" value="Windows 7"/>
      </properties>
      <testcase name="Test Cases/MyCities/LEEDForCities/AddNewProjectTest" classname="Test Cases/MyCities/LEEDForCities/AddNewProjectTest" status="PASSED">
         <system-out><![CDATA[2018-06-27 14:17:46 - [TEST_CASE][PASSED] - Test Cases/MyCities/LEEDForCities/AddNewProjectTest: Test Cases/MyCities/LEEDForCities/AddNewProjectTest

2018-06-27 14:17:46 - [TEST_STEP][PASSED] - Start listener action : beforeTestListener: com.arc.ReusableMethods.ReusableMethodsLogin.loginIntoArcWithGlobalVariable is PASSED

2018-06-27 14:17:46 - [TEST_STEP][PASSED] - com.arc.ReusableMethods.ReusableMethodsLogin.loginIntoArcWithGlobalVariable: com.arc.ReusableMethods.ReusableMethodsLogin.loginIntoArcWithGlobalVariable is PASSED

2018-06-27 14:18:02 - [MESSAGE][PASSED] - Browser is opened with url: 'http://www.qas.arconline.io/'

2018-06-27 14:18:03 - [MESSAGE][PASSED] - Current window maximized

2018-06-27 14:18:03 - [MESSAGE][PASSED] - Wait for page load successfully

2018-06-27 14:18:03 - [MESSAGE][PASSED] - Object: 'Object Repository/Page_Home  Arc/button_ACCEPT AND CLOSE' is clicked on

2018-06-27 14:18:04 - [MESSAGE][PASSED] - Object: 'Object Repository/Page_Home  Arc/Click_Log in' is clicked on

2018-06-27 14:18:05 - [MESSAGE][PASSED] - Text 'testleed1@gmail.com' is set on object 'Object Repository/Page_Home  Arc/input_name'

2018-06-27 14:18:05 - [MESSAGE][PASSED] - Text 'initpass' is set on object 'Object Repository/Page_Home  Arc/input_pass'

2018-06-27 14:18:05 - [MESSAGE][PASSED] - Object: 'Object Repository/Page_Home  Arc/input_field_policy_accept' is clicked on

2018-06-27 14:18:22 - [MESSAGE][PASSED] - Object: 'Object Repository/Page_Home  Arc/button_Log in' is clicked on

2018-06-27 14:18:27 - [MESSAGE][PASSED] - Delayed 5 second(s)

2018-06-27 14:18:28 - [MESSAGE][PASSED] - Text of object 'Object Repository/Page_Arc dashboard/span_My Projects' is: 'My Projects'

2018-06-27 14:18:28 - [MESSAGE][PASSED] - Actual text 'My Projects' and expected text 'My Projects' are matched  using regular expression

2018-06-27 14:18:31 - [MESSAGE][PASSED] - Delayed 3 second(s)

2018-06-27 14:18:31 - [MESSAGE][PASSED] - com.arc.ReusableMethods.ReusableMethodsLogin.loginIntoArcWithGlobalVariable is PASSED

2018-06-27 14:18:32 - [TEST_STEP][PASSED] - Statement - Try: com.arc.ReusableMethods.ReusableMethodsAddNewProject.addNewProjectCityORCom is PASSED

2018-06-27 14:18:32 - [TEST_STEP][PASSED] - com.arc.ReusableMethods.ReusableMethodsNavigation.navigateToCities: com.arc.ReusableMethods.ReusableMethodsNavigation.navigateToCities is PASSED

2018-06-27 14:18:32 - [MESSAGE][PASSED] - Object: 'Object Repository/Page_Arc dashboard/a_ My Cities' is clicked on

2018-06-27 14:18:33 - [MESSAGE][PASSED] - Delayed 1 second(s)

2018-06-27 14:18:34 - [MESSAGE][PASSED] - Text of object 'Object Repository/Page_Arc dashboard/span_My Cities' is: 'My Cities'

2018-06-27 14:18:34 - [MESSAGE][PASSED] - Actual text 'My Cities' and expected text 'My Cities' are matched 

2018-06-27 14:18:34 - [MESSAGE][PASSED] - com.arc.ReusableMethods.ReusableMethodsNavigation.navigateToCities is PASSED

2018-06-27 14:18:34 - [TEST_STEP][PASSED] - com.arc.ReusableMethods.ReusableMethodsAddNewProject.addNewProjectCityORCom: com.arc.ReusableMethods.ReusableMethodsAddNewProject.addNewProjectCityORCom is PASSED

2018-06-27 14:18:36 - [MESSAGE][PASSED] - Object: 'Object Repository/Add_Project_Details/button_ Add' is clicked on

2018-06-27 14:18:37 - [MESSAGE][PASSED] - Delayed 1 second(s)

2018-06-27 14:18:38 - [MESSAGE][PASSED] - Text of object 'Object Repository/Add_Project_Details/h1_Project Registration' is: 'Project Registration'

2018-06-27 14:18:38 - [MESSAGE][PASSED] - Actual text 'Project Registration' and expected text 'Project Registration' are matched  using regular expression

2018-06-27 14:18:39 - [MESSAGE][PASSED] - Text 'INDCityLEED for Cities 14:18:34' is set on object 'Object Repository/Add_Project_Details/input_name'

2018-06-27 14:18:39 - [MESSAGE][PASSED] - All options with label 'Cities' are selected in object 'Object Repository/Add_Project_Details/select_Select a Project TypeCo'  using regular expression

2018-06-27 14:18:39 - [MESSAGE][PASSED] - All options with label 'LEED for Cities' are selected in object 'Object Repository/Add_Project_Details/select_Select a Rating SystemL'  using regular expression

2018-06-27 14:18:41 - [MESSAGE][PASSED] - All options with label 'Investor: Bank' are selected in object 'Object Repository/Add_Project_Details/select_Select Owner Type'  using regular expression

2018-06-27 14:18:42 - [MESSAGE][PASSED] - Text 'Habitat for Humanity' is set on object 'Object Repository/Add_Project_Details/input_organization'

2018-06-27 14:18:42 - [MESSAGE][PASSED] - Object: 'Object Repository/Add_Project_Details/input_organization' is clicked on

2018-06-27 14:18:44 - [MESSAGE][PASSED] - Delayed 2 second(s)

2018-06-27 14:18:44 - [MESSAGE][PASSED] - Object: 'Object Repository/Add_Project_Details/span_Habitat for Humanity' is clicked on

2018-06-27 14:18:45 - [MESSAGE][PASSED] - Text 'usgbcarc@gmail.com' is set on object 'Object Repository/Add_Project_Details/input_owner_email'

2018-06-27 14:18:45 - [MESSAGE][PASSED] - All options with label 'India' are selected in object 'Object Repository/Add_Project_Details/select_OwnerCountry' 

2018-06-27 14:18:45 - [MESSAGE][PASSED] - Text '5600' is set on object 'Object Repository/Add_Project_Details/input_gross_area'

2018-06-27 14:18:46 - [MESSAGE][PASSED] - Text '176000' is set on object 'Object Repository/Add_Project_Details/input_occupancy'

2018-06-27 14:18:47 - [MESSAGE][PASSED] - Text '611-618, Tower A, Spaze I-Tech Park, Sohna Road, Sector 49' is set on object 'Object Repository/Add_Project_Details/input_street'

2018-06-27 14:18:47 - [MESSAGE][PASSED] - Text 'Gurgaon' is set on object 'Object Repository/Add_Project_Details/input_city'

2018-06-27 14:18:47 - [MESSAGE][PASSED] - All options with label 'India' are selected in object 'Object Repository/Add_Project_Details/country' 

2018-06-27 14:18:49 - [MESSAGE][PASSED] - All options with label 'Haryana' are selected in object 'Object Repository/Add_Project_Details/state'  using regular expression

2018-06-27 14:18:49 - [MESSAGE][PASSED] - Text '122018' is set on object 'Object Repository/Add_Project_Details/input_zip_code'

2018-06-27 14:18:49 - [MESSAGE][PASSED] - Object: 'Object Repository/Add_Project_Details/input_reg_agreement' is clicked on

2018-06-27 14:18:49 - [MESSAGE][PASSED] - Object: 'Object Repository/Add_Project_Details/button_Next' is clicked on

2018-06-27 14:18:54 - [MESSAGE][PASSED] - Delayed 5 second(s)

2018-06-27 14:18:59 - [MESSAGE][PASSED] - Text of object 'Object Repository/Add_Project_Details/strong_Promotional Code' is: 'Promotional Code'

2018-06-27 14:18:59 - [MESSAGE][PASSED] - Actual text 'Promotional Code' and expected text 'Promotional Code' are matched  using regular expression

2018-06-27 14:18:59 - [MESSAGE][PASSED] - Text of object 'Object Repository/Add_Project_Details/td_BuildingID' is: '1000073619'

2018-06-27 14:19:05 - [MESSAGE][PASSED] - Delayed 5 second(s)

2018-06-27 14:19:05 - [MESSAGE][PASSED] - com.arc.ReusableMethods.ReusableMethodsAddNewProject.addNewProjectCityORCom is PASSED

2018-06-27 14:19:05 - [TEST_STEP][PASSED] - Start listener action : afterTestCase: Browser is closed

2018-06-27 14:19:05 - [TEST_STEP][PASSED] - switchToDefaultContent: Switching to default content

2018-06-27 14:19:05 - [TEST_STEP][PASSED] - Statement - com.kms.katalon.core.util.KeywordUtil.markWarning("Test Case Name : " + testCase.getTestCaseId()): Test Case Name : Test Cases/MyCities/LEEDForCities/AddNewProjectTest

2018-06-27 14:19:05 - [MESSAGE][WARNING] - Test Case Name : Test Cases/MyCities/LEEDForCities/AddNewProjectTest

2018-06-27 14:19:05 - [TEST_STEP][PASSED] - Statement - com.kms.katalon.core.util.KeywordUtil.markWarning("Test Case Status : " + testCase.getTestCaseStatus()): Test Case Status : PASSED

2018-06-27 14:19:05 - [MESSAGE][WARNING] - Test Case Status : PASSED

2018-06-27 14:19:05 - [TEST_STEP][PASSED] - Statement - If ("FAILED".equalsIgnoreCase(testCase.getTestCaseStatus())): null

2018-06-27 14:19:05 - [TEST_STEP][PASSED] - closeBrowser: Browser is closed

2018-06-27 14:19:06 - [MESSAGE][PASSED] - Browser is closed]]></system-out>
         <system-err><![CDATA[]]></system-err>
      </testcase>
      <testcase name="Test Cases/MyCities/LEEDForCities/RegPaymentByCheckTest" classname="Test Cases/MyCities/LEEDForCities/RegPaymentByCheckTest" status="PASSED">
         <system-out><![CDATA[2018-06-27 14:19:06 - [TEST_CASE][PASSED] - Test Cases/MyCities/LEEDForCities/RegPaymentByCheckTest: Test Cases/MyCities/LEEDForCities/RegPaymentByCheckTest

2018-06-27 14:19:06 - [TEST_STEP][PASSED] - Start listener action : beforeTestListener: com.arc.ReusableMethods.ReusableMethodsLogin.loginIntoArcWithGlobalVariable is PASSED

2018-06-27 14:19:06 - [TEST_STEP][PASSED] - com.arc.ReusableMethods.ReusableMethodsLogin.loginIntoArcWithGlobalVariable: com.arc.ReusableMethods.ReusableMethodsLogin.loginIntoArcWithGlobalVariable is PASSED

2018-06-27 14:19:16 - [MESSAGE][PASSED] - Browser is opened with url: 'http://www.qas.arconline.io/'

2018-06-27 14:19:17 - [MESSAGE][PASSED] - Current window maximized

2018-06-27 14:19:17 - [MESSAGE][PASSED] - Wait for page load successfully

2018-06-27 14:19:17 - [MESSAGE][PASSED] - Object: 'Object Repository/Page_Home  Arc/button_ACCEPT AND CLOSE' is clicked on

2018-06-27 14:19:17 - [MESSAGE][PASSED] - Object: 'Object Repository/Page_Home  Arc/Click_Log in' is clicked on

2018-06-27 14:19:18 - [MESSAGE][PASSED] - Text 'testleed1@gmail.com' is set on object 'Object Repository/Page_Home  Arc/input_name'

2018-06-27 14:19:18 - [MESSAGE][PASSED] - Text 'initpass' is set on object 'Object Repository/Page_Home  Arc/input_pass'

2018-06-27 14:19:18 - [MESSAGE][PASSED] - Object: 'Object Repository/Page_Home  Arc/input_field_policy_accept' is clicked on

2018-06-27 14:19:36 - [MESSAGE][PASSED] - Object: 'Object Repository/Page_Home  Arc/button_Log in' is clicked on

2018-06-27 14:19:41 - [MESSAGE][PASSED] - Delayed 5 second(s)

2018-06-27 14:19:41 - [MESSAGE][PASSED] - Text of object 'Object Repository/Page_Arc dashboard/span_My Projects' is: 'My Projects'

2018-06-27 14:19:41 - [MESSAGE][PASSED] - Actual text 'My Projects' and expected text 'My Projects' are matched  using regular expression

2018-06-27 14:19:44 - [MESSAGE][PASSED] - Delayed 3 second(s)

2018-06-27 14:19:44 - [MESSAGE][PASSED] - com.arc.ReusableMethods.ReusableMethodsLogin.loginIntoArcWithGlobalVariable is PASSED

2018-06-27 14:19:44 - [TEST_STEP][PASSED] - Statement - Try: com.arc.ReusableMethods.ReusableMethodsPayment.paymentByCheck is PASSED

2018-06-27 14:19:44 - [TEST_STEP][PASSED] - com.arc.ReusableMethods.ReusableMethodsSearch.searchProgram: com.arc.ReusableMethods.ReusableMethodsSearch.searchProgram is PASSED

2018-06-27 14:19:45 - [MESSAGE][PASSED] - Object: 'Object Repository/Page_Arc dashboard/sideBar' is clicked on

2018-06-27 14:19:47 - [MESSAGE][PASSED] - Delayed 2 second(s)

2018-06-27 14:19:48 - [MESSAGE][PASSED] - Object: 'Object Repository/Page_Arc dashboard/input_searchBar1' is clicked on

2018-06-27 14:19:48 - [MESSAGE][PASSED] - Text '1000073619' is set on object 'Object Repository/Page_Arc dashboard/input_searchBar1'

2018-06-27 14:19:49 - [MESSAGE][PASSED] - Object: 'Object Repository/Page_Arc dashboard/input_searchBar1' is clicked on

2018-06-27 14:19:52 - [MESSAGE][PASSED] - Delayed 3 second(s)

2018-06-27 14:19:52 - [MESSAGE][PASSED] - Text of object 'Object Repository/Page_Arc dashboard/no_Project (1 project)' is: 'Project (1 project)'

2018-06-27 14:19:52 - [MESSAGE][PASSED] - Actual text 'Project (1 project)' and expected text 'Project (1 project)' are matched 

2018-06-27 14:19:53 - [MESSAGE][PASSED] - Object: 'Object Repository/Page_Arc dashboard/search_Result' is clicked on

2018-06-27 14:19:56 - [MESSAGE][PASSED] - Delayed 3 second(s)

2018-06-27 14:19:56 - [MESSAGE][PASSED] - com.arc.ReusableMethods.ReusableMethodsSearch.searchProgram is PASSED

2018-06-27 14:19:56 - [TEST_STEP][PASSED] - com.arc.ReusableMethods.ReusableMethodsPayment.paymentByCheck: com.arc.ReusableMethods.ReusableMethodsPayment.paymentByCheck is PASSED

2018-06-27 14:19:56 - [MESSAGE][PASSED] - Wait for page load successfully

2018-06-27 14:19:57 - [MESSAGE][PASSED] - Text of object 'Object Repository/PaymenntLocator/input_party_name' is cleared

2018-06-27 14:19:57 - [MESSAGE][PASSED] - Text 'J R Gems' is set on object 'Object Repository/PaymenntLocator/input_party_name'

2018-06-27 14:19:57 - [MESSAGE][PASSED] - Text of object 'Object Repository/PaymenntLocator/input_email' is cleared

2018-06-27 14:19:58 - [MESSAGE][PASSED] - Text 'usgbcarc@gmail.com' is set on object 'Object Repository/PaymenntLocator/input_email'

2018-06-27 14:19:58 - [MESSAGE][PASSED] - Text of object 'Object Repository/PaymenntLocator/input_street' is cleared

2018-06-27 14:20:00 - [MESSAGE][PASSED] - Text '611-618, Tower A, Spaze I-Tech Park, Sohna Road, Sector 51' is set on object 'Object Repository/PaymenntLocator/input_street'

2018-06-27 14:20:00 - [MESSAGE][PASSED] - Text of object 'Object Repository/PaymenntLocator/input_city' is cleared

2018-06-27 14:20:00 - [MESSAGE][PASSED] - Text 'Gurgaon' is set on object 'Object Repository/PaymenntLocator/input_city'

2018-06-27 14:20:00 - [MESSAGE][PASSED] - All options with label 'India' are selected in object 'Object Repository/PaymenntLocator/Country' 

2018-06-27 14:20:02 - [MESSAGE][PASSED] - All options with label 'Haryana' are selected in object 'Object Repository/PaymenntLocator/Select_State'  using regular expression

2018-06-27 14:20:02 - [MESSAGE][PASSED] - Text of object 'Object Repository/PaymenntLocator/input_zip_code' is cleared

2018-06-27 14:20:02 - [MESSAGE][PASSED] - Text '122020' is set on object 'Object Repository/PaymenntLocator/input_zip_code'

2018-06-27 14:20:02 - [MESSAGE][PASSED] - Object: 'Object Repository/PaymenntLocator/button_Next' is clicked on

2018-06-27 14:20:07 - [MESSAGE][PASSED] - Delayed 5 second(s)

2018-06-27 14:20:07 - [MESSAGE][PASSED] - Object: 'Object Repository/PaymenntLocator/button_Continue' is clicked on

2018-06-27 14:20:12 - [MESSAGE][PASSED] - Delayed 5 second(s)

2018-06-27 14:20:14 - [MESSAGE][PASSED] - Text of object 'Object Repository/PaymenntLocator/h2_Congratulations' is: 'Congratulations!'

2018-06-27 14:20:14 - [MESSAGE][PASSED] - Actual text 'Congratulations!' and expected text 'Congratulations!' are matched  using regular expression

2018-06-27 14:20:14 - [MESSAGE][PASSED] - com.arc.ReusableMethods.ReusableMethodsPayment.paymentByCheck is PASSED

2018-06-27 14:20:14 - [TEST_STEP][PASSED] - Start listener action : afterTestCase: Browser is closed

2018-06-27 14:20:14 - [TEST_STEP][PASSED] - switchToDefaultContent: Switching to default content

2018-06-27 14:20:14 - [TEST_STEP][PASSED] - Statement - com.kms.katalon.core.util.KeywordUtil.markWarning("Test Case Name : " + testCase.getTestCaseId()): Test Case Name : Test Cases/MyCities/LEEDForCities/RegPaymentByCheckTest

2018-06-27 14:20:14 - [MESSAGE][WARNING] - Test Case Name : Test Cases/MyCities/LEEDForCities/RegPaymentByCheckTest

2018-06-27 14:20:14 - [TEST_STEP][PASSED] - Statement - com.kms.katalon.core.util.KeywordUtil.markWarning("Test Case Status : " + testCase.getTestCaseStatus()): Test Case Status : PASSED

2018-06-27 14:20:14 - [MESSAGE][WARNING] - Test Case Status : PASSED

2018-06-27 14:20:14 - [TEST_STEP][PASSED] - Statement - If ("FAILED".equalsIgnoreCase(testCase.getTestCaseStatus())): null

2018-06-27 14:20:14 - [TEST_STEP][PASSED] - closeBrowser: Browser is closed

2018-06-27 14:20:14 - [MESSAGE][PASSED] - Browser is closed]]></system-out>
         <system-err><![CDATA[]]></system-err>
      </testcase>
      <system-out><![CDATA[2018-06-27 14:17:38 - [TEST_SUITE][PASSED] - LEEDForCites TestSuite: Test Cases/MyCities/LEEDForCities/RegPaymentByCheckTest]]></system-out>
      <system-err><![CDATA[]]></system-err>
   </testsuite>
</testsuites>
