<?xml version="1.0" encoding="UTF-8"?>
<testsuites name="Portfolios TestSuite" time="2082" tests="21" failures="8" errors="3">
   <testsuite name="Portfolios TestSuite" tests="21" failures="8" errors="3" time="2082" timestamp="2018-07-13 12:33:18" hostname="Group 10 - Group10-THINK" id="Test Suites/Building Suites/Portfolios TestSuite">
      <properties>
         <property name="deviceName" value=""/>
         <property name="devicePlatform" value=""/>
         <property name="logFolder" value="C:\\Users\\Group 10\\git\\KatalonStudio\\ArcWithKatalonStudio\\Reports\\Building Suites\\Portfolios TestSuite\\20180713_123315"/>
         <property name="logFiles" value="C:\\Users\\Group 10\\git\\KatalonStudio\\ArcWithKatalonStudio\\Reports\\Building Suites\\Portfolios TestSuite\\20180713_123315\\execution0.log"/>
         <property name="attachments" value="C:\\Users\\Group 10\\git\\KatalonStudio\\ArcWithKatalonStudio\\ScreenShot\\screenshot_20180713124051.png, C:\\Users\\Group 10\\git\\KatalonStudio\\ArcWithKatalonStudio\\ScreenShot\\screenshot_20180713124139.png, C:\\Users\\Group 10\\git\\KatalonStudio\\ArcWithKatalonStudio\\ScreenShot\\screenshot_20180713124233.png, C:\\Users\\Group 10\\git\\KatalonStudio\\ArcWithKatalonStudio\\ScreenShot\\screenshot_20180713124330.png, C:\\Users\\Group 10\\git\\KatalonStudio\\ArcWithKatalonStudio\\ScreenShot\\screenshot_20180713124432.png, C:\\Users\\Group 10\\git\\KatalonStudio\\ArcWithKatalonStudio\\ScreenShot\\screenshot_20180713124524.png, C:\\Users\\Group 10\\git\\KatalonStudio\\ArcWithKatalonStudio\\ScreenShot\\screenshot_20180713124752.png, C:\\Users\\Group 10\\git\\KatalonStudio\\ArcWithKatalonStudio\\ScreenShot\\screenshot_20180713124851.png, C:\\Users\\Group 10\\git\\KatalonStudio\\ArcWithKatalonStudio\\ScreenShot\\screenshot_20180713125746.png, C:\\Users\\Group 10\\git\\KatalonStudio\\ArcWithKatalonStudio\\ScreenShot\\screenshot_20180713125955.png, C:\\Users\\Group 10\\git\\KatalonStudio\\ArcWithKatalonStudio\\ScreenShot\\screenshot_20180713130716.png"/>
         <property name="hostName" value="Group 10 - Group10-THINK"/>
         <property name="os" value="Windows 7 64bit"/>
         <property name="katalonVersion" value="5.4.1.1"/>
         <property name="browser" value="Chrome 67.0.3396.99"/>
         <property name="hostAddress" value="172.18.0.112"/>
         <property name="sessionId" value="9552b3ec9ad740c1b14778f799e6b415"/>
         <property name="seleniumVersion" value="3.7.1"/>
         <property name="proxyInformation" value="ProxyInformation{proxyOption=NO_PROXY, proxyServerType=HTTP, password=, proxyServerAddress=, proxyServerPort=0}"/>
         <property name="platform" value="Windows 7"/>
      </properties>
      <testcase name="Test Cases/Buildings/MyPortfolios/LoginWithPortfolioTest" classname="Test Cases/Buildings/MyPortfolios/LoginWithPortfolioTest" status="PASSED">
         <system-out><![CDATA[2018-07-13 12:33:21 - [TEST_CASE][PASSED] - Test Cases/Buildings/MyPortfolios/LoginWithPortfolioTest: Test Cases/Buildings/MyPortfolios/LoginWithPortfolioTest

2018-07-13 12:33:21 - [TEST_STEP][PASSED] - Start listener action : beforeTestListener: com.arc.ReusableMethods.ReusableMethodsLogin.loginIntoArcWithGlobalVariable is PASSED

2018-07-13 12:33:21 - [TEST_STEP][PASSED] - com.arc.ReusableMethods.ReusableMethodsLogin.loginIntoArcWithGlobalVariable: com.arc.ReusableMethods.ReusableMethodsLogin.loginIntoArcWithGlobalVariable is PASSED

2018-07-13 12:33:31 - [MESSAGE][PASSED] - Browser is opened with url: 'http://www.stg.arconline.io/'

2018-07-13 12:33:32 - [MESSAGE][PASSED] - Current window maximized

2018-07-13 12:33:32 - [MESSAGE][PASSED] - Wait for page load successfully

2018-07-13 12:33:32 - [MESSAGE][PASSED] - Object: 'Object Repository/Page_Home  Arc/button_ACCEPT AND CLOSE' is clicked on

2018-07-13 12:33:32 - [MESSAGE][PASSED] - Object: 'Object Repository/Page_Home  Arc/Click_Log in' is clicked on

2018-07-13 12:33:33 - [MESSAGE][PASSED] - Text 'Saurav@groupten.com' is set on object 'Object Repository/Page_Home  Arc/input_name'

2018-07-13 12:33:34 - [MESSAGE][PASSED] - Text 'LEEDg10' is set on object 'Object Repository/Page_Home  Arc/input_pass'

2018-07-13 12:33:34 - [MESSAGE][PASSED] - Object: 'Object Repository/Page_Home  Arc/input_field_policy_accept' is clicked on

2018-07-13 12:33:49 - [MESSAGE][PASSED] - Object: 'Object Repository/Page_Home  Arc/button_Log in' is clicked on

2018-07-13 12:33:54 - [MESSAGE][PASSED] - Delayed 5 second(s)

2018-07-13 12:33:54 - [MESSAGE][PASSED] - Text of object 'Object Repository/Page_Arc dashboard/span_My Projects' is: 'My Projects'

2018-07-13 12:33:54 - [MESSAGE][PASSED] - Actual text 'My Projects' and expected text 'My Projects' are matched  using regular expression

2018-07-13 12:33:57 - [MESSAGE][PASSED] - Delayed 3 second(s)

2018-07-13 12:33:57 - [MESSAGE][PASSED] - com.arc.ReusableMethods.ReusableMethodsLogin.loginIntoArcWithGlobalVariable is PASSED

2018-07-13 12:33:57 - [TEST_STEP][PASSED] - Statement - Try: com.arc.ReusableMethods.ReusableMethodsNavigation.navigateToPortfolio is PASSED

2018-07-13 12:33:57 - [TEST_STEP][PASSED] - com.arc.ReusableMethods.ReusableMethodsNavigation.navigateToPortfolio: com.arc.ReusableMethods.ReusableMethodsNavigation.navigateToPortfolio is PASSED

2018-07-13 12:33:57 - [MESSAGE][PASSED] - Object: 'Object Repository/Page_Arc dashboard/a_ Buildings' is clicked on

2018-07-13 12:33:59 - [MESSAGE][PASSED] - Delayed 2 second(s)

2018-07-13 12:34:00 - [MESSAGE][PASSED] - Object: 'Object Repository/Portfolio/Common/a_ My Portfolios' is clicked on

2018-07-13 12:34:00 - [MESSAGE][PASSED] - Object: 'Object Repository/Portfolio/Common/span_My Portfolios' is clicked on

2018-07-13 12:34:00 - [MESSAGE][PASSED] - Text of object 'Object Repository/Page_Arc dashboard/span_My Portfolios' is: 'My Portfolios'

2018-07-13 12:34:00 - [MESSAGE][PASSED] - Actual text 'My Portfolios' and expected text 'My Portfolios' are matched 

2018-07-13 12:34:00 - [MESSAGE][PASSED] - com.arc.ReusableMethods.ReusableMethodsNavigation.navigateToPortfolio is PASSED

2018-07-13 12:34:00 - [TEST_STEP][PASSED] - Start listener action : afterTestCase: Browser is closed

2018-07-13 12:34:00 - [TEST_STEP][PASSED] - switchToDefaultContent: Switching to default content

2018-07-13 12:34:00 - [TEST_STEP][PASSED] - Statement - com.kms.katalon.core.util.KeywordUtil.markWarning("Test Case Name : " + testCase.getTestCaseId()): Test Case Name : Test Cases/Buildings/MyPortfolios/LoginWithPortfolioTest

2018-07-13 12:34:00 - [MESSAGE][WARNING] - Test Case Name : Test Cases/Buildings/MyPortfolios/LoginWithPortfolioTest

2018-07-13 12:34:00 - [TEST_STEP][PASSED] - Statement - com.kms.katalon.core.util.KeywordUtil.markWarning("Test Case Status : " + testCase.getTestCaseStatus()): Test Case Status : PASSED

2018-07-13 12:34:00 - [MESSAGE][WARNING] - Test Case Status : PASSED

2018-07-13 12:34:00 - [TEST_STEP][PASSED] - Statement - If ("FAILED".equalsIgnoreCase(testCase.getTestCaseStatus())): null

2018-07-13 12:34:00 - [TEST_STEP][PASSED] - closeBrowser: Browser is closed

2018-07-13 12:34:01 - [MESSAGE][PASSED] - Browser is closed]]></system-out>
         <system-err><![CDATA[]]></system-err>
      </testcase>
      <testcase name="Test Cases/Buildings/MyPortfolios/CreateNewPortfolioTest" classname="Test Cases/Buildings/MyPortfolios/CreateNewPortfolioTest" status="PASSED">
         <system-out><![CDATA[2018-07-13 12:34:01 - [TEST_CASE][PASSED] - Test Cases/Buildings/MyPortfolios/CreateNewPortfolioTest: Test Cases/Buildings/MyPortfolios/CreateNewPortfolioTest

2018-07-13 12:34:01 - [TEST_STEP][PASSED] - Start listener action : beforeTestListener: com.arc.ReusableMethods.ReusableMethodsLogin.loginIntoArcWithGlobalVariable is PASSED

2018-07-13 12:34:01 - [TEST_STEP][PASSED] - com.arc.ReusableMethods.ReusableMethodsLogin.loginIntoArcWithGlobalVariable: com.arc.ReusableMethods.ReusableMethodsLogin.loginIntoArcWithGlobalVariable is PASSED

2018-07-13 12:34:10 - [MESSAGE][PASSED] - Browser is opened with url: 'http://www.stg.arconline.io/'

2018-07-13 12:34:11 - [MESSAGE][PASSED] - Current window maximized

2018-07-13 12:34:11 - [MESSAGE][PASSED] - Wait for page load successfully

2018-07-13 12:34:11 - [MESSAGE][PASSED] - Object: 'Object Repository/Page_Home  Arc/button_ACCEPT AND CLOSE' is clicked on

2018-07-13 12:34:11 - [MESSAGE][PASSED] - Object: 'Object Repository/Page_Home  Arc/Click_Log in' is clicked on

2018-07-13 12:34:12 - [MESSAGE][PASSED] - Text 'Saurav@groupten.com' is set on object 'Object Repository/Page_Home  Arc/input_name'

2018-07-13 12:34:12 - [MESSAGE][PASSED] - Text 'LEEDg10' is set on object 'Object Repository/Page_Home  Arc/input_pass'

2018-07-13 12:34:13 - [MESSAGE][PASSED] - Object: 'Object Repository/Page_Home  Arc/input_field_policy_accept' is clicked on

2018-07-13 12:34:25 - [MESSAGE][PASSED] - Object: 'Object Repository/Page_Home  Arc/button_Log in' is clicked on

2018-07-13 12:34:30 - [MESSAGE][PASSED] - Delayed 5 second(s)

2018-07-13 12:34:30 - [MESSAGE][PASSED] - Text of object 'Object Repository/Page_Arc dashboard/span_My Projects' is: 'My Projects'

2018-07-13 12:34:30 - [MESSAGE][PASSED] - Actual text 'My Projects' and expected text 'My Projects' are matched  using regular expression

2018-07-13 12:34:33 - [MESSAGE][PASSED] - Delayed 3 second(s)

2018-07-13 12:34:33 - [MESSAGE][PASSED] - com.arc.ReusableMethods.ReusableMethodsLogin.loginIntoArcWithGlobalVariable is PASSED

2018-07-13 12:34:33 - [TEST_STEP][PASSED] - Statement - Try: com.arc.ReusableMethods.ResuableMethodsPortfolio.createNewPortfolio is PASSED

2018-07-13 12:34:33 - [TEST_STEP][PASSED] - com.arc.ReusableMethods.ReusableMethodsNavigation.navigateToPortfolio: com.arc.ReusableMethods.ReusableMethodsNavigation.navigateToPortfolio is PASSED

2018-07-13 12:34:33 - [MESSAGE][PASSED] - Object: 'Object Repository/Page_Arc dashboard/a_ Buildings' is clicked on

2018-07-13 12:34:35 - [MESSAGE][PASSED] - Delayed 2 second(s)

2018-07-13 12:34:35 - [MESSAGE][PASSED] - Object: 'Object Repository/Portfolio/Common/a_ My Portfolios' is clicked on

2018-07-13 12:34:36 - [MESSAGE][PASSED] - Object: 'Object Repository/Portfolio/Common/span_My Portfolios' is clicked on

2018-07-13 12:34:36 - [MESSAGE][PASSED] - Text of object 'Object Repository/Page_Arc dashboard/span_My Portfolios' is: 'My Portfolios'

2018-07-13 12:34:36 - [MESSAGE][PASSED] - Actual text 'My Portfolios' and expected text 'My Portfolios' are matched 

2018-07-13 12:34:36 - [MESSAGE][PASSED] - com.arc.ReusableMethods.ReusableMethodsNavigation.navigateToPortfolio is PASSED

2018-07-13 12:34:36 - [TEST_STEP][PASSED] - com.arc.ReusableMethods.ResuableMethodsPortfolio.createNewPortfolio: com.arc.ReusableMethods.ResuableMethodsPortfolio.createNewPortfolio is PASSED

2018-07-13 12:34:38 - [MESSAGE][PASSED] - Object: 'Object Repository/Portfolio/Common/button_ Create a Portfolio' is clicked on

2018-07-13 12:34:42 - [MESSAGE][PASSED] - Delayed 4 second(s)

2018-07-13 12:34:42 - [MESSAGE][PASSED] - Text 'Building Portfolio 123321' is set on object 'Object Repository/Portfolio/Common/input_name'

2018-07-13 12:34:43 - [MESSAGE][PASSED] - Text 'Z Park' is set on object 'Object Repository/Portfolio/Common/input_organization'

2018-07-13 12:34:43 - [MESSAGE][PASSED] - Object: 'Object Repository/Portfolio/Common/input_organization' is clicked on

2018-07-13 12:34:45 - [MESSAGE][PASSED] - Delayed 2 second(s)

2018-07-13 12:34:45 - [MESSAGE][PASSED] - Object: 'Object Repository/Portfolio/Common/span_Z Park' is clicked on

2018-07-13 12:34:45 - [MESSAGE][PASSED] - All options with label 'United States' are selected in object 'Object Repository/Portfolio/Common/OwnerOrg' 

2018-07-13 12:34:45 - [MESSAGE][PASSED] - Text '8969774445' is set on object 'Object Repository/Portfolio/Common/input_portfolio_organization_c'

2018-07-13 12:34:46 - [MESSAGE][PASSED] - Text 'Alabama' is set on object 'Object Repository/Portfolio/Common/input_location'

2018-07-13 12:34:46 - [MESSAGE][PASSED] - Text 'usgbcarc@gmail.com' is set on object 'Object Repository/Portfolio/Common/input_portfolio_email'

2018-07-13 12:34:47 - [MESSAGE][PASSED] - Text 'US Building LEED V4 Projects' is set on object 'Object Repository/Portfolio/Common/textarea_Description'

2018-07-13 12:34:47 - [MESSAGE][PASSED] - Object: 'Object Repository/Portfolio/Common/button_Create' is clicked on

2018-07-13 12:34:54 - [MESSAGE][PASSED] - Delayed 7 second(s)

2018-07-13 12:34:54 - [MESSAGE][PASSED] - Object: 'Object Repository/Portfolio/Common/button_Done' is clicked on

2018-07-13 12:34:59 - [MESSAGE][PASSED] - Delayed 5 second(s)

2018-07-13 12:34:59 - [MESSAGE][PASSED] - Text of object 'Object Repository/Portfolio/Common/p_Get Started' is: 'Get Started!'

2018-07-13 12:34:59 - [MESSAGE][PASSED] - Actual text 'Get Started!' and expected text 'Get Started!' are matched  using regular expression

2018-07-13 12:34:59 - [MESSAGE][PASSED] - com.arc.ReusableMethods.ResuableMethodsPortfolio.createNewPortfolio is PASSED

2018-07-13 12:34:59 - [TEST_STEP][PASSED] - Start listener action : afterTestCase: Browser is closed

2018-07-13 12:34:59 - [TEST_STEP][PASSED] - switchToDefaultContent: Switching to default content

2018-07-13 12:34:59 - [TEST_STEP][PASSED] - Statement - com.kms.katalon.core.util.KeywordUtil.markWarning("Test Case Name : " + testCase.getTestCaseId()): Test Case Name : Test Cases/Buildings/MyPortfolios/CreateNewPortfolioTest

2018-07-13 12:34:59 - [MESSAGE][WARNING] - Test Case Name : Test Cases/Buildings/MyPortfolios/CreateNewPortfolioTest

2018-07-13 12:34:59 - [TEST_STEP][PASSED] - Statement - com.kms.katalon.core.util.KeywordUtil.markWarning("Test Case Status : " + testCase.getTestCaseStatus()): Test Case Status : PASSED

2018-07-13 12:34:59 - [MESSAGE][WARNING] - Test Case Status : PASSED

2018-07-13 12:34:59 - [TEST_STEP][PASSED] - Statement - If ("FAILED".equalsIgnoreCase(testCase.getTestCaseStatus())): null

2018-07-13 12:34:59 - [TEST_STEP][PASSED] - closeBrowser: Browser is closed

2018-07-13 12:35:00 - [MESSAGE][PASSED] - Browser is closed]]></system-out>
         <system-err><![CDATA[]]></system-err>
      </testcase>
      <testcase name="Test Cases/Buildings/MyPortfolios/SearchProgramPortfolioTest" classname="Test Cases/Buildings/MyPortfolios/SearchProgramPortfolioTest" status="PASSED">
         <system-out><![CDATA[2018-07-13 12:35:00 - [TEST_CASE][PASSED] - Test Cases/Buildings/MyPortfolios/SearchProgramPortfolioTest: Test Cases/Buildings/MyPortfolios/SearchProgramPortfolioTest

2018-07-13 12:35:00 - [TEST_STEP][PASSED] - Start listener action : beforeTestListener: com.arc.ReusableMethods.ReusableMethodsLogin.loginIntoArcWithGlobalVariable is PASSED

2018-07-13 12:35:00 - [TEST_STEP][PASSED] - com.arc.ReusableMethods.ReusableMethodsLogin.loginIntoArcWithGlobalVariable: com.arc.ReusableMethods.ReusableMethodsLogin.loginIntoArcWithGlobalVariable is PASSED

2018-07-13 12:35:08 - [MESSAGE][PASSED] - Browser is opened with url: 'http://www.stg.arconline.io/'

2018-07-13 12:35:09 - [MESSAGE][PASSED] - Current window maximized

2018-07-13 12:35:09 - [MESSAGE][PASSED] - Wait for page load successfully

2018-07-13 12:35:09 - [MESSAGE][PASSED] - Object: 'Object Repository/Page_Home  Arc/button_ACCEPT AND CLOSE' is clicked on

2018-07-13 12:35:10 - [MESSAGE][PASSED] - Object: 'Object Repository/Page_Home  Arc/Click_Log in' is clicked on

2018-07-13 12:35:10 - [MESSAGE][PASSED] - Text 'Saurav@groupten.com' is set on object 'Object Repository/Page_Home  Arc/input_name'

2018-07-13 12:35:11 - [MESSAGE][PASSED] - Text 'LEEDg10' is set on object 'Object Repository/Page_Home  Arc/input_pass'

2018-07-13 12:35:11 - [MESSAGE][PASSED] - Object: 'Object Repository/Page_Home  Arc/input_field_policy_accept' is clicked on

2018-07-13 12:35:25 - [MESSAGE][PASSED] - Object: 'Object Repository/Page_Home  Arc/button_Log in' is clicked on

2018-07-13 12:35:30 - [MESSAGE][PASSED] - Delayed 5 second(s)

2018-07-13 12:35:30 - [MESSAGE][PASSED] - Text of object 'Object Repository/Page_Arc dashboard/span_My Projects' is: 'My Projects'

2018-07-13 12:35:30 - [MESSAGE][PASSED] - Actual text 'My Projects' and expected text 'My Projects' are matched  using regular expression

2018-07-13 12:35:33 - [MESSAGE][PASSED] - Delayed 3 second(s)

2018-07-13 12:35:33 - [MESSAGE][PASSED] - com.arc.ReusableMethods.ReusableMethodsLogin.loginIntoArcWithGlobalVariable is PASSED

2018-07-13 12:35:33 - [TEST_STEP][PASSED] - Statement - Try: com.arc.ReusableMethods.ReusableMethodsSearch.searchProgramPortfolio is PASSED

2018-07-13 12:35:33 - [TEST_STEP][PASSED] - com.arc.ReusableMethods.ReusableMethodsNavigation.navigateToPortfolio: com.arc.ReusableMethods.ReusableMethodsNavigation.navigateToPortfolio is PASSED

2018-07-13 12:35:33 - [MESSAGE][PASSED] - Object: 'Object Repository/Page_Arc dashboard/a_ Buildings' is clicked on

2018-07-13 12:35:35 - [MESSAGE][PASSED] - Delayed 2 second(s)

2018-07-13 12:35:35 - [MESSAGE][PASSED] - Object: 'Object Repository/Portfolio/Common/a_ My Portfolios' is clicked on

2018-07-13 12:35:36 - [MESSAGE][PASSED] - Object: 'Object Repository/Portfolio/Common/span_My Portfolios' is clicked on

2018-07-13 12:35:36 - [MESSAGE][PASSED] - Text of object 'Object Repository/Page_Arc dashboard/span_My Portfolios' is: 'My Portfolios'

2018-07-13 12:35:36 - [MESSAGE][PASSED] - Actual text 'My Portfolios' and expected text 'My Portfolios' are matched 

2018-07-13 12:35:36 - [MESSAGE][PASSED] - com.arc.ReusableMethods.ReusableMethodsNavigation.navigateToPortfolio is PASSED

2018-07-13 12:35:36 - [TEST_STEP][PASSED] - com.arc.ReusableMethods.ReusableMethodsSearch.searchProgramPortfolio: com.arc.ReusableMethods.ReusableMethodsSearch.searchProgramPortfolio is PASSED

2018-07-13 12:35:38 - [MESSAGE][PASSED] - Delayed 2 second(s)

2018-07-13 12:35:38 - [MESSAGE][PASSED] - Object: 'Object Repository/Page_Arc dashboard/input_searchBar1' is clicked on

2018-07-13 12:35:38 - [MESSAGE][PASSED] - Text 'Building Portfolio 123321' is set on object 'Object Repository/Page_Arc dashboard/input_searchBar1'

2018-07-13 12:35:38 - [MESSAGE][PASSED] - Object: 'Object Repository/Page_Arc dashboard/input_searchBar1' is clicked on

2018-07-13 12:35:41 - [MESSAGE][PASSED] - Delayed 3 second(s)

2018-07-13 12:35:41 - [MESSAGE][PASSED] - Text of object 'Object Repository/Portfolio/Common/TNoPortfolio (1 portfolio)' is: 'Portfolio (1 portfolio)'

2018-07-13 12:35:41 - [MESSAGE][PASSED] - Actual text 'Portfolio (1 portfolio)' and expected text 'Portfolio (1 portfolio)' are matched 

2018-07-13 12:35:41 - [MESSAGE][PASSED] - Object: 'Object Repository/Page_Arc dashboard/search_Result' is clicked on

2018-07-13 12:35:46 - [MESSAGE][PASSED] - Delayed 5 second(s)

2018-07-13 12:35:46 - [MESSAGE][PASSED] - com.arc.ReusableMethods.ReusableMethodsSearch.searchProgramPortfolio is PASSED

2018-07-13 12:35:46 - [TEST_STEP][PASSED] - Start listener action : afterTestCase: Browser is closed

2018-07-13 12:35:46 - [TEST_STEP][PASSED] - switchToDefaultContent: Switching to default content

2018-07-13 12:35:46 - [TEST_STEP][PASSED] - Statement - com.kms.katalon.core.util.KeywordUtil.markWarning("Test Case Name : " + testCase.getTestCaseId()): Test Case Name : Test Cases/Buildings/MyPortfolios/SearchProgramPortfolioTest

2018-07-13 12:35:46 - [MESSAGE][WARNING] - Test Case Name : Test Cases/Buildings/MyPortfolios/SearchProgramPortfolioTest

2018-07-13 12:35:46 - [TEST_STEP][PASSED] - Statement - com.kms.katalon.core.util.KeywordUtil.markWarning("Test Case Status : " + testCase.getTestCaseStatus()): Test Case Status : PASSED

2018-07-13 12:35:46 - [MESSAGE][WARNING] - Test Case Status : PASSED

2018-07-13 12:35:46 - [TEST_STEP][PASSED] - Statement - If ("FAILED".equalsIgnoreCase(testCase.getTestCaseStatus())): null

2018-07-13 12:35:46 - [TEST_STEP][PASSED] - closeBrowser: Browser is closed

2018-07-13 12:35:47 - [MESSAGE][PASSED] - Browser is closed]]></system-out>
         <system-err><![CDATA[]]></system-err>
      </testcase>
      <testcase name="Test Cases/Buildings/MyPortfolios/AddProjectInsidePortfolioTest" classname="Test Cases/Buildings/MyPortfolios/AddProjectInsidePortfolioTest" status="PASSED">
         <system-out><![CDATA[2018-07-13 12:35:47 - [TEST_CASE][PASSED] - Test Cases/Buildings/MyPortfolios/AddProjectInsidePortfolioTest: Test Cases/Buildings/MyPortfolios/AddProjectInsidePortfolioTest

2018-07-13 12:35:47 - [TEST_STEP][PASSED] - Start listener action : beforeTestListener: com.arc.ReusableMethods.ReusableMethodsLogin.loginIntoArcWithGlobalVariable is PASSED

2018-07-13 12:35:47 - [TEST_STEP][PASSED] - com.arc.ReusableMethods.ReusableMethodsLogin.loginIntoArcWithGlobalVariable: com.arc.ReusableMethods.ReusableMethodsLogin.loginIntoArcWithGlobalVariable is PASSED

2018-07-13 12:35:55 - [MESSAGE][PASSED] - Browser is opened with url: 'http://www.stg.arconline.io/'

2018-07-13 12:35:56 - [MESSAGE][PASSED] - Current window maximized

2018-07-13 12:35:56 - [MESSAGE][PASSED] - Wait for page load successfully

2018-07-13 12:35:56 - [MESSAGE][PASSED] - Object: 'Object Repository/Page_Home  Arc/button_ACCEPT AND CLOSE' is clicked on

2018-07-13 12:35:56 - [MESSAGE][PASSED] - Object: 'Object Repository/Page_Home  Arc/Click_Log in' is clicked on

2018-07-13 12:35:57 - [MESSAGE][PASSED] - Text 'Saurav@groupten.com' is set on object 'Object Repository/Page_Home  Arc/input_name'

2018-07-13 12:35:57 - [MESSAGE][PASSED] - Text 'LEEDg10' is set on object 'Object Repository/Page_Home  Arc/input_pass'

2018-07-13 12:35:57 - [MESSAGE][PASSED] - Object: 'Object Repository/Page_Home  Arc/input_field_policy_accept' is clicked on

2018-07-13 12:36:15 - [MESSAGE][PASSED] - Object: 'Object Repository/Page_Home  Arc/button_Log in' is clicked on

2018-07-13 12:36:20 - [MESSAGE][PASSED] - Delayed 5 second(s)

2018-07-13 12:36:20 - [MESSAGE][PASSED] - Text of object 'Object Repository/Page_Arc dashboard/span_My Projects' is: 'My Projects'

2018-07-13 12:36:20 - [MESSAGE][PASSED] - Actual text 'My Projects' and expected text 'My Projects' are matched  using regular expression

2018-07-13 12:36:23 - [MESSAGE][PASSED] - Delayed 3 second(s)

2018-07-13 12:36:23 - [MESSAGE][PASSED] - com.arc.ReusableMethods.ReusableMethodsLogin.loginIntoArcWithGlobalVariable is PASSED

2018-07-13 12:36:23 - [TEST_STEP][PASSED] - Statement - Try: com.arc.ReusableMethods.ResuableMethodsPortfolio.AddProjectInPortfolio is PASSED

2018-07-13 12:36:23 - [TEST_STEP][PASSED] - com.arc.ReusableMethods.ReusableMethodsSearch.searchProgramPortfolio: com.arc.ReusableMethods.ReusableMethodsSearch.searchProgramPortfolio is PASSED

2018-07-13 12:36:25 - [MESSAGE][PASSED] - Delayed 2 second(s)

2018-07-13 12:36:25 - [MESSAGE][PASSED] - Object: 'Object Repository/Page_Arc dashboard/input_searchBar1' is clicked on

2018-07-13 12:36:26 - [MESSAGE][PASSED] - Text 'Building Portfolio 123321' is set on object 'Object Repository/Page_Arc dashboard/input_searchBar1'

2018-07-13 12:36:26 - [MESSAGE][PASSED] - Object: 'Object Repository/Page_Arc dashboard/input_searchBar1' is clicked on

2018-07-13 12:36:29 - [MESSAGE][PASSED] - Delayed 3 second(s)

2018-07-13 12:36:29 - [MESSAGE][PASSED] - Text of object 'Object Repository/Portfolio/Common/TNoPortfolio (1 portfolio)' is: 'Portfolio (1 portfolio)'

2018-07-13 12:36:29 - [MESSAGE][PASSED] - Actual text 'Portfolio (1 portfolio)' and expected text 'Portfolio (1 portfolio)' are matched 

2018-07-13 12:36:29 - [MESSAGE][PASSED] - Object: 'Object Repository/Page_Arc dashboard/search_Result' is clicked on

2018-07-13 12:36:34 - [MESSAGE][PASSED] - Delayed 5 second(s)

2018-07-13 12:36:34 - [MESSAGE][PASSED] - com.arc.ReusableMethods.ReusableMethodsSearch.searchProgramPortfolio is PASSED

2018-07-13 12:36:34 - [TEST_STEP][PASSED] - com.arc.ReusableMethods.ResuableMethodsPortfolio.AddProjectInPortfolio: com.arc.ReusableMethods.ResuableMethodsPortfolio.AddProjectInPortfolio is PASSED

2018-07-13 12:36:35 - [MESSAGE][PASSED] - Object: 'Object Repository/Portfolio/Common/span_Add a Project' is clicked on

2018-07-13 12:36:38 - [MESSAGE][PASSED] - Delayed 3 second(s)

2018-07-13 12:36:38 - [MESSAGE][PASSED] - Text '1000139587' is set on object 'Object Repository/Portfolio/Common/input_searchBarPort'

2018-07-13 12:36:38 - [MESSAGE][PASSED] - Object: 'Object Repository/Portfolio/Common/input_searchBarPort' is clicked on

2018-07-13 12:36:40 - [MESSAGE][PASSED] - Delayed 2 second(s)

2018-07-13 12:36:40 - [MESSAGE][PASSED] - Object: 'Object Repository/Portfolio/Common/SelectProjectInPortfolio' is clicked on

2018-07-13 12:36:41 - [MESSAGE][PASSED] - Text 'Building Portfolio 123321' is set on object 'Object Repository/Portfolio/Common/input_searchBarPortfolio'

2018-07-13 12:36:41 - [MESSAGE][PASSED] - Object: 'Object Repository/Portfolio/Common/input_searchBarPortfolio' is clicked on

2018-07-13 12:36:43 - [MESSAGE][PASSED] - Delayed 2 second(s)

2018-07-13 12:36:43 - [MESSAGE][PASSED] - Object: 'Object Repository/Portfolio/Common/SelectPortfolio' is clicked on

2018-07-13 12:36:43 - [MESSAGE][PASSED] - Object: 'Object Repository/Portfolio/Common/button_Add' is clicked on

2018-07-13 12:36:48 - [MESSAGE][PASSED] - Delayed 5 second(s)

2018-07-13 12:36:48 - [MESSAGE][PASSED] - Object: 'Object Repository/Portfolio/Common/button_Done' is clicked on

2018-07-13 12:36:50 - [MESSAGE][PASSED] - Delayed 2 second(s)

2018-07-13 12:36:50 - [MESSAGE][PASSED] - Text of object 'Object Repository/Portfolio/Common/ProjectName' is: 'Building Portfolio 123321'

2018-07-13 12:36:50 - [MESSAGE][PASSED] - Actual text 'Building Portfolio 123321' and expected text 'Building Portfolio 123321' are matched 

2018-07-13 12:36:51 - [MESSAGE][PASSED] - Object: 'Object Repository/Portfolio/Common/span_Add a Project' is clicked on

2018-07-13 12:36:54 - [MESSAGE][PASSED] - Delayed 3 second(s)

2018-07-13 12:36:54 - [MESSAGE][PASSED] - Text '1000139500' is set on object 'Object Repository/Portfolio/Common/input_searchBarPort'

2018-07-13 12:36:54 - [MESSAGE][PASSED] - Object: 'Object Repository/Portfolio/Common/input_searchBarPort' is clicked on

2018-07-13 12:36:56 - [MESSAGE][PASSED] - Delayed 2 second(s)

2018-07-13 12:36:56 - [MESSAGE][PASSED] - Object: 'Object Repository/Portfolio/Common/SelectProjectInPortfolio' is clicked on

2018-07-13 12:36:56 - [MESSAGE][PASSED] - Text 'Building Portfolio 123321' is set on object 'Object Repository/Portfolio/Common/input_searchBarPortfolio'

2018-07-13 12:36:56 - [MESSAGE][PASSED] - Object: 'Object Repository/Portfolio/Common/input_searchBarPortfolio' is clicked on

2018-07-13 12:36:58 - [MESSAGE][PASSED] - Delayed 2 second(s)

2018-07-13 12:36:59 - [MESSAGE][PASSED] - Object: 'Object Repository/Portfolio/Common/SelectPortfolio' is clicked on

2018-07-13 12:36:59 - [MESSAGE][PASSED] - Object: 'Object Repository/Portfolio/Common/button_Add' is clicked on

2018-07-13 12:37:04 - [MESSAGE][PASSED] - Delayed 5 second(s)

2018-07-13 12:37:04 - [MESSAGE][PASSED] - Object: 'Object Repository/Portfolio/Common/button_Done' is clicked on

2018-07-13 12:37:06 - [MESSAGE][PASSED] - Delayed 2 second(s)

2018-07-13 12:37:06 - [MESSAGE][PASSED] - Text of object 'Object Repository/Portfolio/Common/ProjectName' is: 'Building Portfolio 123321'

2018-07-13 12:37:06 - [MESSAGE][PASSED] - Actual text 'Building Portfolio 123321' and expected text 'Building Portfolio 123321' are matched 

2018-07-13 12:37:06 - [MESSAGE][PASSED] - Object: 'Object Repository/Portfolio/Common/span_Add a Project' is clicked on

2018-07-13 12:37:09 - [MESSAGE][PASSED] - Delayed 3 second(s)

2018-07-13 12:37:10 - [MESSAGE][PASSED] - Text '1000139543' is set on object 'Object Repository/Portfolio/Common/input_searchBarPort'

2018-07-13 12:37:10 - [MESSAGE][PASSED] - Object: 'Object Repository/Portfolio/Common/input_searchBarPort' is clicked on

2018-07-13 12:37:12 - [MESSAGE][PASSED] - Delayed 2 second(s)

2018-07-13 12:37:12 - [MESSAGE][PASSED] - Object: 'Object Repository/Portfolio/Common/SelectProjectInPortfolio' is clicked on

2018-07-13 12:37:12 - [MESSAGE][PASSED] - Text 'Building Portfolio 123321' is set on object 'Object Repository/Portfolio/Common/input_searchBarPortfolio'

2018-07-13 12:37:12 - [MESSAGE][PASSED] - Object: 'Object Repository/Portfolio/Common/input_searchBarPortfolio' is clicked on

2018-07-13 12:37:14 - [MESSAGE][PASSED] - Delayed 2 second(s)

2018-07-13 12:37:15 - [MESSAGE][PASSED] - Object: 'Object Repository/Portfolio/Common/SelectPortfolio' is clicked on

2018-07-13 12:37:15 - [MESSAGE][PASSED] - Object: 'Object Repository/Portfolio/Common/button_Add' is clicked on

2018-07-13 12:37:20 - [MESSAGE][PASSED] - Delayed 5 second(s)

2018-07-13 12:37:20 - [MESSAGE][PASSED] - Object: 'Object Repository/Portfolio/Common/button_Done' is clicked on

2018-07-13 12:37:22 - [MESSAGE][PASSED] - Delayed 2 second(s)

2018-07-13 12:37:22 - [MESSAGE][PASSED] - Text of object 'Object Repository/Portfolio/Common/ProjectName' is: 'Building Portfolio 123321'

2018-07-13 12:37:22 - [MESSAGE][PASSED] - Actual text 'Building Portfolio 123321' and expected text 'Building Portfolio 123321' are matched 

2018-07-13 12:37:22 - [MESSAGE][PASSED] - Object: 'Object Repository/Portfolio/Common/span_Add a Project' is clicked on

2018-07-13 12:37:25 - [MESSAGE][PASSED] - Delayed 3 second(s)

2018-07-13 12:37:26 - [MESSAGE][PASSED] - Text '1000139599' is set on object 'Object Repository/Portfolio/Common/input_searchBarPort'

2018-07-13 12:37:26 - [MESSAGE][PASSED] - Object: 'Object Repository/Portfolio/Common/input_searchBarPort' is clicked on

2018-07-13 12:37:28 - [MESSAGE][PASSED] - Delayed 2 second(s)

2018-07-13 12:37:28 - [MESSAGE][PASSED] - Object: 'Object Repository/Portfolio/Common/SelectProjectInPortfolio' is clicked on

2018-07-13 12:37:28 - [MESSAGE][PASSED] - Text 'Building Portfolio 123321' is set on object 'Object Repository/Portfolio/Common/input_searchBarPortfolio'

2018-07-13 12:37:28 - [MESSAGE][PASSED] - Object: 'Object Repository/Portfolio/Common/input_searchBarPortfolio' is clicked on

2018-07-13 12:37:30 - [MESSAGE][PASSED] - Delayed 2 second(s)

2018-07-13 12:37:30 - [MESSAGE][PASSED] - Object: 'Object Repository/Portfolio/Common/SelectPortfolio' is clicked on

2018-07-13 12:37:30 - [MESSAGE][PASSED] - Object: 'Object Repository/Portfolio/Common/button_Add' is clicked on

2018-07-13 12:37:35 - [MESSAGE][PASSED] - Delayed 5 second(s)

2018-07-13 12:37:36 - [MESSAGE][PASSED] - Object: 'Object Repository/Portfolio/Common/button_Done' is clicked on

2018-07-13 12:37:38 - [MESSAGE][PASSED] - Delayed 2 second(s)

2018-07-13 12:37:38 - [MESSAGE][PASSED] - Text of object 'Object Repository/Portfolio/Common/ProjectName' is: 'Building Portfolio 123321'

2018-07-13 12:37:38 - [MESSAGE][PASSED] - Actual text 'Building Portfolio 123321' and expected text 'Building Portfolio 123321' are matched 

2018-07-13 12:37:38 - [MESSAGE][PASSED] - Object: 'Object Repository/Portfolio/Common/span_Add a Project' is clicked on

2018-07-13 12:37:41 - [MESSAGE][PASSED] - Delayed 3 second(s)

2018-07-13 12:37:41 - [MESSAGE][PASSED] - Text '1000139593' is set on object 'Object Repository/Portfolio/Common/input_searchBarPort'

2018-07-13 12:37:41 - [MESSAGE][PASSED] - Object: 'Object Repository/Portfolio/Common/input_searchBarPort' is clicked on

2018-07-13 12:37:43 - [MESSAGE][PASSED] - Delayed 2 second(s)

2018-07-13 12:37:44 - [MESSAGE][PASSED] - Object: 'Object Repository/Portfolio/Common/SelectProjectInPortfolio' is clicked on

2018-07-13 12:37:44 - [MESSAGE][PASSED] - Text 'Building Portfolio 123321' is set on object 'Object Repository/Portfolio/Common/input_searchBarPortfolio'

2018-07-13 12:37:44 - [MESSAGE][PASSED] - Object: 'Object Repository/Portfolio/Common/input_searchBarPortfolio' is clicked on

2018-07-13 12:37:46 - [MESSAGE][PASSED] - Delayed 2 second(s)

2018-07-13 12:37:46 - [MESSAGE][PASSED] - Object: 'Object Repository/Portfolio/Common/SelectPortfolio' is clicked on

2018-07-13 12:37:46 - [MESSAGE][PASSED] - Object: 'Object Repository/Portfolio/Common/button_Add' is clicked on

2018-07-13 12:37:51 - [MESSAGE][PASSED] - Delayed 5 second(s)

2018-07-13 12:37:52 - [MESSAGE][PASSED] - Object: 'Object Repository/Portfolio/Common/button_Done' is clicked on

2018-07-13 12:37:54 - [MESSAGE][PASSED] - Delayed 2 second(s)

2018-07-13 12:37:54 - [MESSAGE][PASSED] - Text of object 'Object Repository/Portfolio/Common/ProjectName' is: 'Building Portfolio 123321'

2018-07-13 12:37:54 - [MESSAGE][PASSED] - Actual text 'Building Portfolio 123321' and expected text 'Building Portfolio 123321' are matched 

2018-07-13 12:37:54 - [MESSAGE][PASSED] - Object: 'Object Repository/Portfolio/Common/span_Add a Project' is clicked on

2018-07-13 12:37:57 - [MESSAGE][PASSED] - Delayed 3 second(s)

2018-07-13 12:37:57 - [MESSAGE][PASSED] - Text '1000139589' is set on object 'Object Repository/Portfolio/Common/input_searchBarPort'

2018-07-13 12:37:57 - [MESSAGE][PASSED] - Object: 'Object Repository/Portfolio/Common/input_searchBarPort' is clicked on

2018-07-13 12:37:59 - [MESSAGE][PASSED] - Delayed 2 second(s)

2018-07-13 12:37:59 - [MESSAGE][PASSED] - Object: 'Object Repository/Portfolio/Common/SelectProjectInPortfolio' is clicked on

2018-07-13 12:38:00 - [MESSAGE][PASSED] - Text 'Building Portfolio 123321' is set on object 'Object Repository/Portfolio/Common/input_searchBarPortfolio'

2018-07-13 12:38:00 - [MESSAGE][PASSED] - Object: 'Object Repository/Portfolio/Common/input_searchBarPortfolio' is clicked on

2018-07-13 12:38:02 - [MESSAGE][PASSED] - Delayed 2 second(s)

2018-07-13 12:38:02 - [MESSAGE][PASSED] - Object: 'Object Repository/Portfolio/Common/SelectPortfolio' is clicked on

2018-07-13 12:38:02 - [MESSAGE][PASSED] - Object: 'Object Repository/Portfolio/Common/button_Add' is clicked on

2018-07-13 12:38:07 - [MESSAGE][PASSED] - Delayed 5 second(s)

2018-07-13 12:38:08 - [MESSAGE][PASSED] - Object: 'Object Repository/Portfolio/Common/button_Done' is clicked on

2018-07-13 12:38:10 - [MESSAGE][PASSED] - Delayed 2 second(s)

2018-07-13 12:38:10 - [MESSAGE][PASSED] - Text of object 'Object Repository/Portfolio/Common/ProjectName' is: 'Building Portfolio 123321'

2018-07-13 12:38:10 - [MESSAGE][PASSED] - Actual text 'Building Portfolio 123321' and expected text 'Building Portfolio 123321' are matched 

2018-07-13 12:38:10 - [MESSAGE][PASSED] - Object: 'Object Repository/Portfolio/Common/span_Add a Project' is clicked on

2018-07-13 12:38:13 - [MESSAGE][PASSED] - Delayed 3 second(s)

2018-07-13 12:38:13 - [MESSAGE][PASSED] - Text '1000139596' is set on object 'Object Repository/Portfolio/Common/input_searchBarPort'

2018-07-13 12:38:13 - [MESSAGE][PASSED] - Object: 'Object Repository/Portfolio/Common/input_searchBarPort' is clicked on

2018-07-13 12:38:15 - [MESSAGE][PASSED] - Delayed 2 second(s)

2018-07-13 12:38:15 - [MESSAGE][PASSED] - Object: 'Object Repository/Portfolio/Common/SelectProjectInPortfolio' is clicked on

2018-07-13 12:38:16 - [MESSAGE][PASSED] - Text 'Building Portfolio 123321' is set on object 'Object Repository/Portfolio/Common/input_searchBarPortfolio'

2018-07-13 12:38:16 - [MESSAGE][PASSED] - Object: 'Object Repository/Portfolio/Common/input_searchBarPortfolio' is clicked on

2018-07-13 12:38:18 - [MESSAGE][PASSED] - Delayed 2 second(s)

2018-07-13 12:38:18 - [MESSAGE][PASSED] - Object: 'Object Repository/Portfolio/Common/SelectPortfolio' is clicked on

2018-07-13 12:38:18 - [MESSAGE][PASSED] - Object: 'Object Repository/Portfolio/Common/button_Add' is clicked on

2018-07-13 12:38:23 - [MESSAGE][PASSED] - Delayed 5 second(s)

2018-07-13 12:38:24 - [MESSAGE][PASSED] - Object: 'Object Repository/Portfolio/Common/button_Done' is clicked on

2018-07-13 12:38:26 - [MESSAGE][PASSED] - Delayed 2 second(s)

2018-07-13 12:38:26 - [MESSAGE][PASSED] - Text of object 'Object Repository/Portfolio/Common/ProjectName' is: 'Building Portfolio 123321'

2018-07-13 12:38:26 - [MESSAGE][PASSED] - Actual text 'Building Portfolio 123321' and expected text 'Building Portfolio 123321' are matched 

2018-07-13 12:38:26 - [MESSAGE][PASSED] - Object: 'Object Repository/Portfolio/Common/span_Add a Project' is clicked on

2018-07-13 12:38:29 - [MESSAGE][PASSED] - Delayed 3 second(s)

2018-07-13 12:38:29 - [MESSAGE][PASSED] - Text '1000139598' is set on object 'Object Repository/Portfolio/Common/input_searchBarPort'

2018-07-13 12:38:29 - [MESSAGE][PASSED] - Object: 'Object Repository/Portfolio/Common/input_searchBarPort' is clicked on

2018-07-13 12:38:31 - [MESSAGE][PASSED] - Delayed 2 second(s)

2018-07-13 12:38:31 - [MESSAGE][PASSED] - Object: 'Object Repository/Portfolio/Common/SelectProjectInPortfolio' is clicked on

2018-07-13 12:38:32 - [MESSAGE][PASSED] - Text 'Building Portfolio 123321' is set on object 'Object Repository/Portfolio/Common/input_searchBarPortfolio'

2018-07-13 12:38:32 - [MESSAGE][PASSED] - Object: 'Object Repository/Portfolio/Common/input_searchBarPortfolio' is clicked on

2018-07-13 12:38:34 - [MESSAGE][PASSED] - Delayed 2 second(s)

2018-07-13 12:38:34 - [MESSAGE][PASSED] - Object: 'Object Repository/Portfolio/Common/SelectPortfolio' is clicked on

2018-07-13 12:38:34 - [MESSAGE][PASSED] - Object: 'Object Repository/Portfolio/Common/button_Add' is clicked on

2018-07-13 12:38:39 - [MESSAGE][PASSED] - Delayed 5 second(s)

2018-07-13 12:38:39 - [MESSAGE][PASSED] - Object: 'Object Repository/Portfolio/Common/button_Done' is clicked on

2018-07-13 12:38:41 - [MESSAGE][PASSED] - Delayed 2 second(s)

2018-07-13 12:38:42 - [MESSAGE][PASSED] - Text of object 'Object Repository/Portfolio/Common/ProjectName' is: 'Building Portfolio 123321'

2018-07-13 12:38:42 - [MESSAGE][PASSED] - Actual text 'Building Portfolio 123321' and expected text 'Building Portfolio 123321' are matched 

2018-07-13 12:38:42 - [MESSAGE][PASSED] - Object: 'Object Repository/Portfolio/Common/span_Add a Project' is clicked on

2018-07-13 12:38:45 - [MESSAGE][PASSED] - Delayed 3 second(s)

2018-07-13 12:38:45 - [MESSAGE][PASSED] - Text '1000139592' is set on object 'Object Repository/Portfolio/Common/input_searchBarPort'

2018-07-13 12:38:45 - [MESSAGE][PASSED] - Object: 'Object Repository/Portfolio/Common/input_searchBarPort' is clicked on

2018-07-13 12:38:47 - [MESSAGE][PASSED] - Delayed 2 second(s)

2018-07-13 12:38:47 - [MESSAGE][PASSED] - Object: 'Object Repository/Portfolio/Common/SelectProjectInPortfolio' is clicked on

2018-07-13 12:38:48 - [MESSAGE][PASSED] - Text 'Building Portfolio 123321' is set on object 'Object Repository/Portfolio/Common/input_searchBarPortfolio'

2018-07-13 12:38:48 - [MESSAGE][PASSED] - Object: 'Object Repository/Portfolio/Common/input_searchBarPortfolio' is clicked on

2018-07-13 12:38:50 - [MESSAGE][PASSED] - Delayed 2 second(s)

2018-07-13 12:38:50 - [MESSAGE][PASSED] - Object: 'Object Repository/Portfolio/Common/SelectPortfolio' is clicked on

2018-07-13 12:38:50 - [MESSAGE][PASSED] - Object: 'Object Repository/Portfolio/Common/button_Add' is clicked on

2018-07-13 12:38:55 - [MESSAGE][PASSED] - Delayed 5 second(s)

2018-07-13 12:38:55 - [MESSAGE][PASSED] - Object: 'Object Repository/Portfolio/Common/button_Done' is clicked on

2018-07-13 12:38:57 - [MESSAGE][PASSED] - Delayed 2 second(s)

2018-07-13 12:38:57 - [MESSAGE][PASSED] - Text of object 'Object Repository/Portfolio/Common/ProjectName' is: 'Building Portfolio 123321'

2018-07-13 12:38:57 - [MESSAGE][PASSED] - Actual text 'Building Portfolio 123321' and expected text 'Building Portfolio 123321' are matched 

2018-07-13 12:38:58 - [MESSAGE][PASSED] - Object: 'Object Repository/Portfolio/Common/span_Add a Project' is clicked on

2018-07-13 12:39:01 - [MESSAGE][PASSED] - Delayed 3 second(s)

2018-07-13 12:39:01 - [MESSAGE][PASSED] - Text '1000139591' is set on object 'Object Repository/Portfolio/Common/input_searchBarPort'

2018-07-13 12:39:01 - [MESSAGE][PASSED] - Object: 'Object Repository/Portfolio/Common/input_searchBarPort' is clicked on

2018-07-13 12:39:03 - [MESSAGE][PASSED] - Delayed 2 second(s)

2018-07-13 12:39:03 - [MESSAGE][PASSED] - Object: 'Object Repository/Portfolio/Common/SelectProjectInPortfolio' is clicked on

2018-07-13 12:39:04 - [MESSAGE][PASSED] - Text 'Building Portfolio 123321' is set on object 'Object Repository/Portfolio/Common/input_searchBarPortfolio'

2018-07-13 12:39:04 - [MESSAGE][PASSED] - Object: 'Object Repository/Portfolio/Common/input_searchBarPortfolio' is clicked on

2018-07-13 12:39:06 - [MESSAGE][PASSED] - Delayed 2 second(s)

2018-07-13 12:39:06 - [MESSAGE][PASSED] - Object: 'Object Repository/Portfolio/Common/SelectPortfolio' is clicked on

2018-07-13 12:39:06 - [MESSAGE][PASSED] - Object: 'Object Repository/Portfolio/Common/button_Add' is clicked on

2018-07-13 12:39:11 - [MESSAGE][PASSED] - Delayed 5 second(s)

2018-07-13 12:39:11 - [MESSAGE][PASSED] - Object: 'Object Repository/Portfolio/Common/button_Done' is clicked on

2018-07-13 12:39:13 - [MESSAGE][PASSED] - Delayed 2 second(s)

2018-07-13 12:39:13 - [MESSAGE][PASSED] - Text of object 'Object Repository/Portfolio/Common/ProjectName' is: 'Building Portfolio 123321'

2018-07-13 12:39:13 - [MESSAGE][PASSED] - Actual text 'Building Portfolio 123321' and expected text 'Building Portfolio 123321' are matched 

2018-07-13 12:39:13 - [MESSAGE][PASSED] - com.arc.ReusableMethods.ResuableMethodsPortfolio.AddProjectInPortfolio is PASSED

2018-07-13 12:39:13 - [TEST_STEP][PASSED] - Start listener action : afterTestCase: Browser is closed

2018-07-13 12:39:13 - [TEST_STEP][PASSED] - switchToDefaultContent: Switching to default content

2018-07-13 12:39:13 - [TEST_STEP][PASSED] - Statement - com.kms.katalon.core.util.KeywordUtil.markWarning("Test Case Name : " + testCase.getTestCaseId()): Test Case Name : Test Cases/Buildings/MyPortfolios/AddProjectInsidePortfolioTest

2018-07-13 12:39:13 - [MESSAGE][WARNING] - Test Case Name : Test Cases/Buildings/MyPortfolios/AddProjectInsidePortfolioTest

2018-07-13 12:39:13 - [TEST_STEP][PASSED] - Statement - com.kms.katalon.core.util.KeywordUtil.markWarning("Test Case Status : " + testCase.getTestCaseStatus()): Test Case Status : PASSED

2018-07-13 12:39:13 - [MESSAGE][WARNING] - Test Case Status : PASSED

2018-07-13 12:39:13 - [TEST_STEP][PASSED] - Statement - If ("FAILED".equalsIgnoreCase(testCase.getTestCaseStatus())): null

2018-07-13 12:39:13 - [TEST_STEP][PASSED] - closeBrowser: Browser is closed

2018-07-13 12:39:14 - [MESSAGE][PASSED] - Browser is closed]]></system-out>
         <system-err><![CDATA[]]></system-err>
      </testcase>
      <testcase name="Test Cases/Buildings/MyPortfolios/ProjectDetailVerificationTest" classname="Test Cases/Buildings/MyPortfolios/ProjectDetailVerificationTest" status="PASSED">
         <system-out><![CDATA[2018-07-13 12:39:14 - [TEST_CASE][PASSED] - Test Cases/Buildings/MyPortfolios/ProjectDetailVerificationTest: Test Cases/Buildings/MyPortfolios/ProjectDetailVerificationTest

2018-07-13 12:39:14 - [TEST_STEP][PASSED] - Start listener action : beforeTestListener: com.arc.ReusableMethods.ReusableMethodsLogin.loginIntoArcWithGlobalVariable is PASSED

2018-07-13 12:39:14 - [TEST_STEP][PASSED] - com.arc.ReusableMethods.ReusableMethodsLogin.loginIntoArcWithGlobalVariable: com.arc.ReusableMethods.ReusableMethodsLogin.loginIntoArcWithGlobalVariable is PASSED

2018-07-13 12:39:23 - [MESSAGE][PASSED] - Browser is opened with url: 'http://www.stg.arconline.io/'

2018-07-13 12:39:24 - [MESSAGE][PASSED] - Current window maximized

2018-07-13 12:39:24 - [MESSAGE][PASSED] - Wait for page load successfully

2018-07-13 12:39:25 - [MESSAGE][PASSED] - Object: 'Object Repository/Page_Home  Arc/button_ACCEPT AND CLOSE' is clicked on

2018-07-13 12:39:25 - [MESSAGE][PASSED] - Object: 'Object Repository/Page_Home  Arc/Click_Log in' is clicked on

2018-07-13 12:39:25 - [MESSAGE][PASSED] - Text 'Saurav@groupten.com' is set on object 'Object Repository/Page_Home  Arc/input_name'

2018-07-13 12:39:26 - [MESSAGE][PASSED] - Text 'LEEDg10' is set on object 'Object Repository/Page_Home  Arc/input_pass'

2018-07-13 12:39:26 - [MESSAGE][PASSED] - Object: 'Object Repository/Page_Home  Arc/input_field_policy_accept' is clicked on

2018-07-13 12:39:40 - [MESSAGE][PASSED] - Object: 'Object Repository/Page_Home  Arc/button_Log in' is clicked on

2018-07-13 12:39:45 - [MESSAGE][PASSED] - Delayed 5 second(s)

2018-07-13 12:39:45 - [MESSAGE][PASSED] - Text of object 'Object Repository/Page_Arc dashboard/span_My Projects' is: 'My Projects'

2018-07-13 12:39:45 - [MESSAGE][PASSED] - Actual text 'My Projects' and expected text 'My Projects' are matched  using regular expression

2018-07-13 12:39:48 - [MESSAGE][PASSED] - Delayed 3 second(s)

2018-07-13 12:39:48 - [MESSAGE][PASSED] - com.arc.ReusableMethods.ReusableMethodsLogin.loginIntoArcWithGlobalVariable is PASSED

2018-07-13 12:39:48 - [TEST_STEP][PASSED] - Statement - Try: com.arc.ReusableMethods.ResuableMethodsPortfolio.addProjectDVProtfolio is PASSED

2018-07-13 12:39:48 - [TEST_STEP][PASSED] - com.arc.ReusableMethods.ReusableMethodsSearch.searchProgramPortfolio: com.arc.ReusableMethods.ReusableMethodsSearch.searchProgramPortfolio is PASSED

2018-07-13 12:39:50 - [MESSAGE][PASSED] - Delayed 2 second(s)

2018-07-13 12:39:51 - [MESSAGE][PASSED] - Object: 'Object Repository/Page_Arc dashboard/input_searchBar1' is clicked on

2018-07-13 12:39:51 - [MESSAGE][PASSED] - Text 'Building Portfolio 123321' is set on object 'Object Repository/Page_Arc dashboard/input_searchBar1'

2018-07-13 12:39:51 - [MESSAGE][PASSED] - Object: 'Object Repository/Page_Arc dashboard/input_searchBar1' is clicked on

2018-07-13 12:39:54 - [MESSAGE][PASSED] - Delayed 3 second(s)

2018-07-13 12:39:54 - [MESSAGE][PASSED] - Text of object 'Object Repository/Portfolio/Common/TNoPortfolio (1 portfolio)' is: 'Portfolio (1 portfolio)'

2018-07-13 12:39:54 - [MESSAGE][PASSED] - Actual text 'Portfolio (1 portfolio)' and expected text 'Portfolio (1 portfolio)' are matched 

2018-07-13 12:39:54 - [MESSAGE][PASSED] - Object: 'Object Repository/Page_Arc dashboard/search_Result' is clicked on

2018-07-13 12:39:59 - [MESSAGE][PASSED] - Delayed 5 second(s)

2018-07-13 12:39:59 - [MESSAGE][PASSED] - com.arc.ReusableMethods.ReusableMethodsSearch.searchProgramPortfolio is PASSED

2018-07-13 12:39:59 - [TEST_STEP][PASSED] - com.arc.ReusableMethods.ResuableMethodsPortfolio.addProjectDVProtfolio: com.arc.ReusableMethods.ResuableMethodsPortfolio.addProjectDVProtfolio is PASSED

2018-07-13 12:40:00 - [MESSAGE][PASSED] - Text of object 'Object Repository/Portfolio/Common/TotalGrossArea' is: '518,023'

2018-07-13 12:40:00 - [MESSAGE][PASSED] - Actual text '518,023' and expected text '518,023' are matched 

2018-07-13 12:40:00 - [MESSAGE][PASSED] - Text of object 'Object Repository/Portfolio/Common/TotalOccupant' is: '1,230'

2018-07-13 12:40:00 - [MESSAGE][PASSED] - Actual text '1,230' and expected text '1,230' are matched 

2018-07-13 12:40:00 - [MESSAGE][PASSED] - Text of object 'Object Repository/Portfolio/Common/TotalCertifiedArea' is: '11,023'

2018-07-13 12:40:00 - [MESSAGE][PASSED] - Actual text '11,023' and expected text '11,023' are matched 

2018-07-13 12:40:00 - [MESSAGE][PASSED] - Text of object 'Object Repository/Portfolio/Common/TotalOccupant' is: '1,230'

2018-07-13 12:40:00 - [MESSAGE][PASSED] - Actual text '1,230' and expected text '1,230' are matched 

2018-07-13 12:40:00 - [MESSAGE][PASSED] - Text of object 'Object Repository/Portfolio/Common/TotalProject' is: '10'

2018-07-13 12:40:00 - [MESSAGE][PASSED] - Actual text '10' and expected text '10' are matched 

2018-07-13 12:40:00 - [MESSAGE][PASSED] - com.arc.ReusableMethods.ResuableMethodsPortfolio.addProjectDVProtfolio is PASSED

2018-07-13 12:40:00 - [TEST_STEP][PASSED] - Start listener action : afterTestCase: Browser is closed

2018-07-13 12:40:00 - [TEST_STEP][PASSED] - switchToDefaultContent: Switching to default content

2018-07-13 12:40:00 - [TEST_STEP][PASSED] - Statement - com.kms.katalon.core.util.KeywordUtil.markWarning("Test Case Name : " + testCase.getTestCaseId()): Test Case Name : Test Cases/Buildings/MyPortfolios/ProjectDetailVerificationTest

2018-07-13 12:40:00 - [MESSAGE][WARNING] - Test Case Name : Test Cases/Buildings/MyPortfolios/ProjectDetailVerificationTest

2018-07-13 12:40:00 - [TEST_STEP][PASSED] - Statement - com.kms.katalon.core.util.KeywordUtil.markWarning("Test Case Status : " + testCase.getTestCaseStatus()): Test Case Status : PASSED

2018-07-13 12:40:00 - [MESSAGE][WARNING] - Test Case Status : PASSED

2018-07-13 12:40:00 - [TEST_STEP][PASSED] - Statement - If ("FAILED".equalsIgnoreCase(testCase.getTestCaseStatus())): null

2018-07-13 12:40:00 - [TEST_STEP][PASSED] - closeBrowser: Browser is closed

2018-07-13 12:40:01 - [MESSAGE][PASSED] - Browser is closed]]></system-out>
         <system-err><![CDATA[]]></system-err>
      </testcase>
      <testcase name="Test Cases/Buildings/MyPortfolios/AnalyticsWaterScoreTest" classname="Test Cases/Buildings/MyPortfolios/AnalyticsWaterScoreTest" status="FAILED">
         <failure type="FAILED" message="Unable to verify match between actual text '8' and expected text '9' (Root cause: Actual text '8' and expected text '9' are not matched)"/>
         <system-out><![CDATA[2018-07-13 12:40:01 - [TEST_CASE][FAILED] - Test Cases/Buildings/MyPortfolios/AnalyticsWaterScoreTest: Test Cases/Buildings/MyPortfolios/AnalyticsWaterScoreTest FAILED because (of) Unable to verify match between actual text '8' and expected text '9' (Root cause: Actual text '8' and expected text '9' are not matched)

2018-07-13 12:40:01 - [TEST_STEP][PASSED] - Start listener action : beforeTestListener: com.arc.ReusableMethods.ReusableMethodsLogin.loginIntoArcWithGlobalVariable is PASSED

2018-07-13 12:40:01 - [TEST_STEP][PASSED] - com.arc.ReusableMethods.ReusableMethodsLogin.loginIntoArcWithGlobalVariable: com.arc.ReusableMethods.ReusableMethodsLogin.loginIntoArcWithGlobalVariable is PASSED

2018-07-13 12:40:08 - [MESSAGE][PASSED] - Browser is opened with url: 'http://www.stg.arconline.io/'

2018-07-13 12:40:09 - [MESSAGE][PASSED] - Current window maximized

2018-07-13 12:40:09 - [MESSAGE][PASSED] - Wait for page load successfully

2018-07-13 12:40:09 - [MESSAGE][PASSED] - Object: 'Object Repository/Page_Home  Arc/button_ACCEPT AND CLOSE' is clicked on

2018-07-13 12:40:10 - [MESSAGE][PASSED] - Object: 'Object Repository/Page_Home  Arc/Click_Log in' is clicked on

2018-07-13 12:40:11 - [MESSAGE][PASSED] - Text 'Saurav@groupten.com' is set on object 'Object Repository/Page_Home  Arc/input_name'

2018-07-13 12:40:11 - [MESSAGE][PASSED] - Text 'LEEDg10' is set on object 'Object Repository/Page_Home  Arc/input_pass'

2018-07-13 12:40:11 - [MESSAGE][PASSED] - Object: 'Object Repository/Page_Home  Arc/input_field_policy_accept' is clicked on

2018-07-13 12:40:23 - [MESSAGE][PASSED] - Object: 'Object Repository/Page_Home  Arc/button_Log in' is clicked on

2018-07-13 12:40:28 - [MESSAGE][PASSED] - Delayed 5 second(s)

2018-07-13 12:40:28 - [MESSAGE][PASSED] - Text of object 'Object Repository/Page_Arc dashboard/span_My Projects' is: 'My Projects'

2018-07-13 12:40:28 - [MESSAGE][PASSED] - Actual text 'My Projects' and expected text 'My Projects' are matched  using regular expression

2018-07-13 12:40:31 - [MESSAGE][PASSED] - Delayed 3 second(s)

2018-07-13 12:40:31 - [MESSAGE][PASSED] - com.arc.ReusableMethods.ReusableMethodsLogin.loginIntoArcWithGlobalVariable is PASSED

2018-07-13 12:40:31 - [TEST_STEP][FAILED] - Statement - Try: Unable to verify match between actual text '8' and expected text '9' (Root cause: Actual text '8' and expected text '9' are not matched)

2018-07-13 12:40:31 - [TEST_STEP][PASSED] - com.arc.ReusableMethods.ReusableMethodsSearch.searchProgramPortfolio: com.arc.ReusableMethods.ReusableMethodsSearch.searchProgramPortfolio is PASSED

2018-07-13 12:40:33 - [MESSAGE][PASSED] - Delayed 2 second(s)

2018-07-13 12:40:33 - [MESSAGE][PASSED] - Object: 'Object Repository/Page_Arc dashboard/input_searchBar1' is clicked on

2018-07-13 12:40:34 - [MESSAGE][PASSED] - Text 'Building Portfolio 123321' is set on object 'Object Repository/Page_Arc dashboard/input_searchBar1'

2018-07-13 12:40:34 - [MESSAGE][PASSED] - Object: 'Object Repository/Page_Arc dashboard/input_searchBar1' is clicked on

2018-07-13 12:40:37 - [MESSAGE][PASSED] - Delayed 3 second(s)

2018-07-13 12:40:37 - [MESSAGE][PASSED] - Text of object 'Object Repository/Portfolio/Common/TNoPortfolio (1 portfolio)' is: 'Portfolio (1 portfolio)'

2018-07-13 12:40:37 - [MESSAGE][PASSED] - Actual text 'Portfolio (1 portfolio)' and expected text 'Portfolio (1 portfolio)' are matched 

2018-07-13 12:40:37 - [MESSAGE][PASSED] - Object: 'Object Repository/Page_Arc dashboard/search_Result' is clicked on

2018-07-13 12:40:42 - [MESSAGE][PASSED] - Delayed 5 second(s)

2018-07-13 12:40:42 - [MESSAGE][PASSED] - com.arc.ReusableMethods.ReusableMethodsSearch.searchProgramPortfolio is PASSED

2018-07-13 12:40:42 - [TEST_STEP][FAILED] - com.arc.ReusableMethods.ResuableMethodsPortfolio.analyticsWaterScore: Unable to verify match between actual text '8' and expected text '9' (Root cause: Actual text '8' and expected text '9' are not matched)

2018-07-13 12:40:42 - [MESSAGE][PASSED] - Object: 'Object Repository/Page_Arc dashboard/a_Projects' is clicked on

2018-07-13 12:40:43 - [MESSAGE][PASSED] - Delayed 1 second(s)

2018-07-13 12:40:43 - [MESSAGE][PASSED] - Object: 'Object Repository/Portfolio/Common/a_ Analytics' is clicked on

2018-07-13 12:40:45 - [MESSAGE][PASSED] - Delayed 2 second(s)

2018-07-13 12:40:46 - [MESSAGE][PASSED] - Object: 'Object Repository/Portfolio/Common/a_ Water' is clicked on

2018-07-13 12:40:51 - [MESSAGE][PASSED] - Delayed 5 second(s)

2018-07-13 12:40:51 - [MESSAGE][PASSED] - Text of object 'Object Repository/Portfolio/Common/WHighestScore ' is: '15'

2018-07-13 12:40:51 - [MESSAGE][PASSED] - Actual text '15' and expected text '15' are matched 

2018-07-13 12:40:51 - [MESSAGE][PASSED] - Text of object 'Object Repository/Portfolio/Common/WAverageScore' is: '8'

2018-07-13 12:40:51 - [MESSAGE][FAILED] - Unable to verify match between actual text '8' and expected text '9' (Root cause: Actual text '8' and expected text '9' are not matched)

2018-07-13 12:40:51 - [MESSAGE][FAILED] - Unable to verify match between actual text '8' and expected text '9' (Root cause: Actual text '8' and expected text '9' are not matched)

2018-07-13 12:40:51 - [TEST_STEP][PASSED] - Statement - Catch (Throwable t): null

2018-07-13 12:40:51 - [TEST_STEP][PASSED] - Statement - out.println(t.getLocalizedMessage()): null

2018-07-13 12:40:51 - [TEST_STEP][PASSED] - Statement - e1 = new java.lang.Error(t.getMessage()): null

2018-07-13 12:40:51 - [TEST_STEP][PASSED] - Statement - e1.setStackTrace(t.getStackTrace()): null

2018-07-13 12:40:51 - [TEST_STEP][PASSED] - Statement - e1.printStackTrace(): null

2018-07-13 12:40:51 - [TEST_STEP][PASSED] - Start listener action : afterTestCase: Browser is closed

2018-07-13 12:40:51 - [TEST_STEP][PASSED] - switchToDefaultContent: Switching to default content

2018-07-13 12:40:51 - [TEST_STEP][PASSED] - Statement - com.kms.katalon.core.util.KeywordUtil.markWarning("Test Case Name : " + testCase.getTestCaseId()): Test Case Name : Test Cases/Buildings/MyPortfolios/AnalyticsWaterScoreTest

2018-07-13 12:40:51 - [MESSAGE][WARNING] - Test Case Name : Test Cases/Buildings/MyPortfolios/AnalyticsWaterScoreTest

2018-07-13 12:40:51 - [TEST_STEP][PASSED] - Statement - com.kms.katalon.core.util.KeywordUtil.markWarning("Test Case Status : " + testCase.getTestCaseStatus()): Test Case Status : FAILED

2018-07-13 12:40:51 - [MESSAGE][WARNING] - Test Case Status : FAILED

2018-07-13 12:40:51 - [TEST_STEP][PASSED] - Statement - If ("FAILED".equalsIgnoreCase(testCase.getTestCaseStatus())): Taking screenshot successfully

2018-07-13 12:40:51 - [TEST_STEP][PASSED] - Statement - println("Test case Fail taking Screenshot"): null

2018-07-13 12:40:51 - [TEST_STEP][PASSED] - Statement - Try: Taking screenshot successfully

2018-07-13 12:40:51 - [TEST_STEP][PASSED] - Statement - data = new java.util.Date(java.lang.System.currentTimeMillis()): null

2018-07-13 12:40:51 - [TEST_STEP][PASSED] - Statement - formatarDate = new java.text.SimpleDateFormat(yyyyMMddHHmmss): null

2018-07-13 12:40:51 - [TEST_STEP][PASSED] - takeScreenshot: Taking screenshot successfully

2018-07-13 12:40:52 - [MESSAGE][PASSED] - Taking screenshot successfully
[[ATTACHMENT|C:\\Users\\Group 10\\git\\KatalonStudio\\ArcWithKatalonStudio\\ScreenShot\\screenshot_20180713124051.png]]

2018-07-13 12:40:52 - [TEST_STEP][PASSED] - closeBrowser: Browser is closed

2018-07-13 12:40:52 - [MESSAGE][PASSED] - Browser is closed]]></system-out>
         <system-err><![CDATA[2018-07-13 12:40:01 - [TEST_CASE][FAILED] - Test Cases/Buildings/MyPortfolios/AnalyticsWaterScoreTest: Test Cases/Buildings/MyPortfolios/AnalyticsWaterScoreTest FAILED because (of) Unable to verify match between actual text '8' and expected text '9' (Root cause: Actual text '8' and expected text '9' are not matched)]]></system-err>
      </testcase>
      <testcase name="Test Cases/Buildings/MyPortfolios/PTScoreOtherDetailsTest" classname="Test Cases/Buildings/MyPortfolios/PTScoreOtherDetailsTest" status="FAILED">
         <failure type="FAILED" message="Unable to verify match between actual text 'US Building LEED v4 579692 Portfolio Con' and expected text 'US Building LEED v4 608236 Portfolio Con' (Root cause: Actual text 'US Building LEED v4 579692 Portfolio Con' and expected text 'US Building LEED v4 608236 Portfolio Con' are not matched)"/>
         <system-out><![CDATA[2018-07-13 12:40:52 - [TEST_CASE][FAILED] - Test Cases/Buildings/MyPortfolios/PTScoreOtherDetailsTest: Test Cases/Buildings/MyPortfolios/PTScoreOtherDetailsTest FAILED because (of) Unable to verify match between actual text 'US Building LEED v4 579692 Portfolio Con' and expected text 'US Building LEED v4 608236 Portfolio Con' (Root cause: Actual text 'US Building LEED v4 579692 Portfolio Con' and expected text 'US Building LEED v4 608236 Portfolio Con' are not matched)

2018-07-13 12:40:52 - [TEST_STEP][PASSED] - Start listener action : beforeTestListener: com.arc.ReusableMethods.ReusableMethodsLogin.loginIntoArcWithGlobalVariable is PASSED

2018-07-13 12:40:52 - [TEST_STEP][PASSED] - com.arc.ReusableMethods.ReusableMethodsLogin.loginIntoArcWithGlobalVariable: com.arc.ReusableMethods.ReusableMethodsLogin.loginIntoArcWithGlobalVariable is PASSED

2018-07-13 12:41:00 - [MESSAGE][PASSED] - Browser is opened with url: 'http://www.stg.arconline.io/'

2018-07-13 12:41:01 - [MESSAGE][PASSED] - Current window maximized

2018-07-13 12:41:01 - [MESSAGE][PASSED] - Wait for page load successfully

2018-07-13 12:41:01 - [MESSAGE][PASSED] - Object: 'Object Repository/Page_Home  Arc/button_ACCEPT AND CLOSE' is clicked on

2018-07-13 12:41:02 - [MESSAGE][PASSED] - Object: 'Object Repository/Page_Home  Arc/Click_Log in' is clicked on

2018-07-13 12:41:02 - [MESSAGE][PASSED] - Text 'Saurav@groupten.com' is set on object 'Object Repository/Page_Home  Arc/input_name'

2018-07-13 12:41:03 - [MESSAGE][PASSED] - Text 'LEEDg10' is set on object 'Object Repository/Page_Home  Arc/input_pass'

2018-07-13 12:41:03 - [MESSAGE][PASSED] - Object: 'Object Repository/Page_Home  Arc/input_field_policy_accept' is clicked on

2018-07-13 12:41:16 - [MESSAGE][PASSED] - Object: 'Object Repository/Page_Home  Arc/button_Log in' is clicked on

2018-07-13 12:41:21 - [MESSAGE][PASSED] - Delayed 5 second(s)

2018-07-13 12:41:21 - [MESSAGE][PASSED] - Text of object 'Object Repository/Page_Arc dashboard/span_My Projects' is: 'My Projects'

2018-07-13 12:41:21 - [MESSAGE][PASSED] - Actual text 'My Projects' and expected text 'My Projects' are matched  using regular expression

2018-07-13 12:41:24 - [MESSAGE][PASSED] - Delayed 3 second(s)

2018-07-13 12:41:24 - [MESSAGE][PASSED] - com.arc.ReusableMethods.ReusableMethodsLogin.loginIntoArcWithGlobalVariable is PASSED

2018-07-13 12:41:24 - [TEST_STEP][FAILED] - Statement - Try: Unable to verify match between actual text 'US Building LEED v4 579692 Portfolio Con' and expected text 'US Building LEED v4 608236 Portfolio Con' (Root cause: Actual text 'US Building LEED v4 579692 Portfolio Con' and expected text 'US Building LEED v4 608236 Portfolio Con' are not matched)

2018-07-13 12:41:24 - [TEST_STEP][PASSED] - com.arc.ReusableMethods.ReusableMethodsSearch.searchProgramPortfolio: com.arc.ReusableMethods.ReusableMethodsSearch.searchProgramPortfolio is PASSED

2018-07-13 12:41:26 - [MESSAGE][PASSED] - Delayed 2 second(s)

2018-07-13 12:41:27 - [MESSAGE][PASSED] - Object: 'Object Repository/Page_Arc dashboard/input_searchBar1' is clicked on

2018-07-13 12:41:27 - [MESSAGE][PASSED] - Text 'Building Portfolio 123321' is set on object 'Object Repository/Page_Arc dashboard/input_searchBar1'

2018-07-13 12:41:27 - [MESSAGE][PASSED] - Object: 'Object Repository/Page_Arc dashboard/input_searchBar1' is clicked on

2018-07-13 12:41:30 - [MESSAGE][PASSED] - Delayed 3 second(s)

2018-07-13 12:41:30 - [MESSAGE][PASSED] - Text of object 'Object Repository/Portfolio/Common/TNoPortfolio (1 portfolio)' is: 'Portfolio (1 portfolio)'

2018-07-13 12:41:30 - [MESSAGE][PASSED] - Actual text 'Portfolio (1 portfolio)' and expected text 'Portfolio (1 portfolio)' are matched 

2018-07-13 12:41:31 - [MESSAGE][PASSED] - Object: 'Object Repository/Page_Arc dashboard/search_Result' is clicked on

2018-07-13 12:41:36 - [MESSAGE][PASSED] - Delayed 5 second(s)

2018-07-13 12:41:36 - [MESSAGE][PASSED] - com.arc.ReusableMethods.ReusableMethodsSearch.searchProgramPortfolio is PASSED

2018-07-13 12:41:36 - [TEST_STEP][FAILED] - com.arc.ReusableMethods.ResuableMethodsPortfolio.portfolioTScorePDetailsVerifcation: Unable to verify match between actual text 'US Building LEED v4 579692 Portfolio Con' and expected text 'US Building LEED v4 608236 Portfolio Con' (Root cause: Actual text 'US Building LEED v4 579692 Portfolio Con' and expected text 'US Building LEED v4 608236 Portfolio Con' are not matched)

2018-07-13 12:41:36 - [MESSAGE][PASSED] - Object: 'Object Repository/Page_Arc dashboard/a_Projects' is clicked on

2018-07-13 12:41:36 - [MESSAGE][PASSED] - Object: 'Object Repository/Portfolio/Common/span_Scores' is clicked on

2018-07-13 12:41:38 - [MESSAGE][PASSED] - Delayed 2 second(s)

2018-07-13 12:41:38 - [MESSAGE][PASSED] - Text of object 'customObject' is: 'US Building LEED v4 569849 Portfolio Con'

2018-07-13 12:41:38 - [MESSAGE][PASSED] - Actual text 'US Building LEED v4 569849 Portfolio Con' and expected text 'US Building LEED v4 569849 Portfolio Con' are matched 

2018-07-13 12:41:38 - [MESSAGE][PASSED] - Text of object 'customObject' is: '82'

2018-07-13 12:41:38 - [MESSAGE][PASSED] - Actual text '82' and expected text '82' are matched 

2018-07-13 12:41:38 - [MESSAGE][PASSED] - Text of object 'customObject' is: 'US Building LEED v4 579692 Portfolio Con'

2018-07-13 12:41:38 - [MESSAGE][FAILED] - Unable to verify match between actual text 'US Building LEED v4 579692 Portfolio Con' and expected text 'US Building LEED v4 608236 Portfolio Con' (Root cause: Actual text 'US Building LEED v4 579692 Portfolio Con' and expected text 'US Building LEED v4 608236 Portfolio Con' are not matched)

2018-07-13 12:41:38 - [MESSAGE][FAILED] - Unable to verify match between actual text 'US Building LEED v4 579692 Portfolio Con' and expected text 'US Building LEED v4 608236 Portfolio Con' (Root cause: Actual text 'US Building LEED v4 579692 Portfolio Con' and expected text 'US Building LEED v4 608236 Portfolio Con' are not matched)

2018-07-13 12:41:38 - [TEST_STEP][PASSED] - Statement - Catch (Throwable t): null

2018-07-13 12:41:38 - [TEST_STEP][PASSED] - Statement - out.println(t.getLocalizedMessage()): null

2018-07-13 12:41:38 - [TEST_STEP][PASSED] - Statement - e1 = new java.lang.Error(t.getMessage()): null

2018-07-13 12:41:38 - [TEST_STEP][PASSED] - Statement - e1.setStackTrace(t.getStackTrace()): null

2018-07-13 12:41:38 - [TEST_STEP][PASSED] - Statement - e1.printStackTrace(): null

2018-07-13 12:41:39 - [TEST_STEP][PASSED] - Start listener action : afterTestCase: Browser is closed

2018-07-13 12:41:39 - [TEST_STEP][PASSED] - switchToDefaultContent: Switching to default content

2018-07-13 12:41:39 - [TEST_STEP][PASSED] - Statement - com.kms.katalon.core.util.KeywordUtil.markWarning("Test Case Name : " + testCase.getTestCaseId()): Test Case Name : Test Cases/Buildings/MyPortfolios/PTScoreOtherDetailsTest

2018-07-13 12:41:39 - [MESSAGE][WARNING] - Test Case Name : Test Cases/Buildings/MyPortfolios/PTScoreOtherDetailsTest

2018-07-13 12:41:39 - [TEST_STEP][PASSED] - Statement - com.kms.katalon.core.util.KeywordUtil.markWarning("Test Case Status : " + testCase.getTestCaseStatus()): Test Case Status : FAILED

2018-07-13 12:41:39 - [MESSAGE][WARNING] - Test Case Status : FAILED

2018-07-13 12:41:39 - [TEST_STEP][PASSED] - Statement - If ("FAILED".equalsIgnoreCase(testCase.getTestCaseStatus())): Taking screenshot successfully

2018-07-13 12:41:39 - [TEST_STEP][PASSED] - Statement - println("Test case Fail taking Screenshot"): null

2018-07-13 12:41:39 - [TEST_STEP][PASSED] - Statement - Try: Taking screenshot successfully

2018-07-13 12:41:39 - [TEST_STEP][PASSED] - Statement - data = new java.util.Date(java.lang.System.currentTimeMillis()): null

2018-07-13 12:41:39 - [TEST_STEP][PASSED] - Statement - formatarDate = new java.text.SimpleDateFormat(yyyyMMddHHmmss): null

2018-07-13 12:41:39 - [TEST_STEP][PASSED] - takeScreenshot: Taking screenshot successfully

2018-07-13 12:41:39 - [MESSAGE][PASSED] - Taking screenshot successfully
[[ATTACHMENT|C:\\Users\\Group 10\\git\\KatalonStudio\\ArcWithKatalonStudio\\ScreenShot\\screenshot_20180713124139.png]]

2018-07-13 12:41:39 - [TEST_STEP][PASSED] - closeBrowser: Browser is closed

2018-07-13 12:41:40 - [MESSAGE][PASSED] - Browser is closed]]></system-out>
         <system-err><![CDATA[2018-07-13 12:40:52 - [TEST_CASE][FAILED] - Test Cases/Buildings/MyPortfolios/PTScoreOtherDetailsTest: Test Cases/Buildings/MyPortfolios/PTScoreOtherDetailsTest FAILED because (of) Unable to verify match between actual text 'US Building LEED v4 579692 Portfolio Con' and expected text 'US Building LEED v4 608236 Portfolio Con' (Root cause: Actual text 'US Building LEED v4 579692 Portfolio Con' and expected text 'US Building LEED v4 608236 Portfolio Con' are not matched)]]></system-err>
      </testcase>
      <testcase name="Test Cases/Buildings/MyPortfolios/AnalyticsEnergyScoreTest" classname="Test Cases/Buildings/MyPortfolios/AnalyticsEnergyScoreTest" status="FAILED">
         <failure type="FAILED" message="Unable to verify match between actual text '19' and expected text '20' (Root cause: Actual text '19' and expected text '20' are not matched)"/>
         <system-out><![CDATA[2018-07-13 12:41:40 - [TEST_CASE][FAILED] - Test Cases/Buildings/MyPortfolios/AnalyticsEnergyScoreTest: Test Cases/Buildings/MyPortfolios/AnalyticsEnergyScoreTest FAILED because (of) Unable to verify match between actual text '19' and expected text '20' (Root cause: Actual text '19' and expected text '20' are not matched)

2018-07-13 12:41:40 - [TEST_STEP][PASSED] - Start listener action : beforeTestListener: com.arc.ReusableMethods.ReusableMethodsLogin.loginIntoArcWithGlobalVariable is PASSED

2018-07-13 12:41:40 - [TEST_STEP][PASSED] - com.arc.ReusableMethods.ReusableMethodsLogin.loginIntoArcWithGlobalVariable: com.arc.ReusableMethods.ReusableMethodsLogin.loginIntoArcWithGlobalVariable is PASSED

2018-07-13 12:41:48 - [MESSAGE][PASSED] - Browser is opened with url: 'http://www.stg.arconline.io/'

2018-07-13 12:41:49 - [MESSAGE][PASSED] - Current window maximized

2018-07-13 12:41:49 - [MESSAGE][PASSED] - Wait for page load successfully

2018-07-13 12:41:49 - [MESSAGE][PASSED] - Object: 'Object Repository/Page_Home  Arc/button_ACCEPT AND CLOSE' is clicked on

2018-07-13 12:41:50 - [MESSAGE][PASSED] - Object: 'Object Repository/Page_Home  Arc/Click_Log in' is clicked on

2018-07-13 12:41:50 - [MESSAGE][PASSED] - Text 'Saurav@groupten.com' is set on object 'Object Repository/Page_Home  Arc/input_name'

2018-07-13 12:41:51 - [MESSAGE][PASSED] - Text 'LEEDg10' is set on object 'Object Repository/Page_Home  Arc/input_pass'

2018-07-13 12:41:51 - [MESSAGE][PASSED] - Object: 'Object Repository/Page_Home  Arc/input_field_policy_accept' is clicked on

2018-07-13 12:42:05 - [MESSAGE][PASSED] - Object: 'Object Repository/Page_Home  Arc/button_Log in' is clicked on

2018-07-13 12:42:10 - [MESSAGE][PASSED] - Delayed 5 second(s)

2018-07-13 12:42:10 - [MESSAGE][PASSED] - Text of object 'Object Repository/Page_Arc dashboard/span_My Projects' is: 'My Projects'

2018-07-13 12:42:10 - [MESSAGE][PASSED] - Actual text 'My Projects' and expected text 'My Projects' are matched  using regular expression

2018-07-13 12:42:13 - [MESSAGE][PASSED] - Delayed 3 second(s)

2018-07-13 12:42:13 - [MESSAGE][PASSED] - com.arc.ReusableMethods.ReusableMethodsLogin.loginIntoArcWithGlobalVariable is PASSED

2018-07-13 12:42:13 - [TEST_STEP][FAILED] - Statement - Try: Unable to verify match between actual text '19' and expected text '20' (Root cause: Actual text '19' and expected text '20' are not matched)

2018-07-13 12:42:13 - [TEST_STEP][PASSED] - com.arc.ReusableMethods.ReusableMethodsSearch.searchProgramPortfolio: com.arc.ReusableMethods.ReusableMethodsSearch.searchProgramPortfolio is PASSED

2018-07-13 12:42:15 - [MESSAGE][PASSED] - Delayed 2 second(s)

2018-07-13 12:42:15 - [MESSAGE][PASSED] - Object: 'Object Repository/Page_Arc dashboard/input_searchBar1' is clicked on

2018-07-13 12:42:16 - [MESSAGE][PASSED] - Text 'Building Portfolio 123321' is set on object 'Object Repository/Page_Arc dashboard/input_searchBar1'

2018-07-13 12:42:16 - [MESSAGE][PASSED] - Object: 'Object Repository/Page_Arc dashboard/input_searchBar1' is clicked on

2018-07-13 12:42:19 - [MESSAGE][PASSED] - Delayed 3 second(s)

2018-07-13 12:42:19 - [MESSAGE][PASSED] - Text of object 'Object Repository/Portfolio/Common/TNoPortfolio (1 portfolio)' is: 'Portfolio (1 portfolio)'

2018-07-13 12:42:19 - [MESSAGE][PASSED] - Actual text 'Portfolio (1 portfolio)' and expected text 'Portfolio (1 portfolio)' are matched 

2018-07-13 12:42:19 - [MESSAGE][PASSED] - Object: 'Object Repository/Page_Arc dashboard/search_Result' is clicked on

2018-07-13 12:42:24 - [MESSAGE][PASSED] - Delayed 5 second(s)

2018-07-13 12:42:24 - [MESSAGE][PASSED] - com.arc.ReusableMethods.ReusableMethodsSearch.searchProgramPortfolio is PASSED

2018-07-13 12:42:24 - [TEST_STEP][FAILED] - com.arc.ReusableMethods.ResuableMethodsPortfolio.analyticsEnergyScore: Unable to verify match between actual text '19' and expected text '20' (Root cause: Actual text '19' and expected text '20' are not matched)

2018-07-13 12:42:24 - [MESSAGE][PASSED] - Object: 'Object Repository/Page_Arc dashboard/a_Projects' is clicked on

2018-07-13 12:42:25 - [MESSAGE][PASSED] - Delayed 1 second(s)

2018-07-13 12:42:26 - [MESSAGE][PASSED] - Object: 'Object Repository/Portfolio/Common/a_ Analytics' is clicked on

2018-07-13 12:42:28 - [MESSAGE][PASSED] - Delayed 2 second(s)

2018-07-13 12:42:28 - [MESSAGE][PASSED] - Object: 'Object Repository/Portfolio/Common/a_ Energy' is clicked on

2018-07-13 12:42:33 - [MESSAGE][PASSED] - Delayed 5 second(s)

2018-07-13 12:42:33 - [MESSAGE][PASSED] - Text of object 'Object Repository/Portfolio/Common/EHighestScore' is: '33'

2018-07-13 12:42:33 - [MESSAGE][PASSED] - Actual text '33' and expected text '33' are matched 

2018-07-13 12:42:33 - [MESSAGE][PASSED] - Text of object 'Object Repository/Portfolio/Common/EAverageScore' is: '19'

2018-07-13 12:42:33 - [MESSAGE][FAILED] - Unable to verify match between actual text '19' and expected text '20' (Root cause: Actual text '19' and expected text '20' are not matched)

2018-07-13 12:42:33 - [MESSAGE][FAILED] - Unable to verify match between actual text '19' and expected text '20' (Root cause: Actual text '19' and expected text '20' are not matched)

2018-07-13 12:42:33 - [TEST_STEP][PASSED] - Statement - Catch (Throwable t): null

2018-07-13 12:42:33 - [TEST_STEP][PASSED] - Statement - out.println(t.getLocalizedMessage()): null

2018-07-13 12:42:33 - [TEST_STEP][PASSED] - Statement - e1 = new java.lang.Error(t.getMessage()): null

2018-07-13 12:42:33 - [TEST_STEP][PASSED] - Statement - e1.setStackTrace(t.getStackTrace()): null

2018-07-13 12:42:33 - [TEST_STEP][PASSED] - Statement - e1.printStackTrace(): null

2018-07-13 12:42:33 - [TEST_STEP][PASSED] - Start listener action : afterTestCase: Browser is closed

2018-07-13 12:42:33 - [TEST_STEP][PASSED] - switchToDefaultContent: Switching to default content

2018-07-13 12:42:33 - [TEST_STEP][PASSED] - Statement - com.kms.katalon.core.util.KeywordUtil.markWarning("Test Case Name : " + testCase.getTestCaseId()): Test Case Name : Test Cases/Buildings/MyPortfolios/AnalyticsEnergyScoreTest

2018-07-13 12:42:33 - [MESSAGE][WARNING] - Test Case Name : Test Cases/Buildings/MyPortfolios/AnalyticsEnergyScoreTest

2018-07-13 12:42:33 - [TEST_STEP][PASSED] - Statement - com.kms.katalon.core.util.KeywordUtil.markWarning("Test Case Status : " + testCase.getTestCaseStatus()): Test Case Status : FAILED

2018-07-13 12:42:33 - [MESSAGE][WARNING] - Test Case Status : FAILED

2018-07-13 12:42:33 - [TEST_STEP][PASSED] - Statement - If ("FAILED".equalsIgnoreCase(testCase.getTestCaseStatus())): Taking screenshot successfully

2018-07-13 12:42:33 - [TEST_STEP][PASSED] - Statement - println("Test case Fail taking Screenshot"): null

2018-07-13 12:42:33 - [TEST_STEP][PASSED] - Statement - Try: Taking screenshot successfully

2018-07-13 12:42:33 - [TEST_STEP][PASSED] - Statement - data = new java.util.Date(java.lang.System.currentTimeMillis()): null

2018-07-13 12:42:33 - [TEST_STEP][PASSED] - Statement - formatarDate = new java.text.SimpleDateFormat(yyyyMMddHHmmss): null

2018-07-13 12:42:33 - [TEST_STEP][PASSED] - takeScreenshot: Taking screenshot successfully

2018-07-13 12:42:34 - [MESSAGE][PASSED] - Taking screenshot successfully
[[ATTACHMENT|C:\\Users\\Group 10\\git\\KatalonStudio\\ArcWithKatalonStudio\\ScreenShot\\screenshot_20180713124233.png]]

2018-07-13 12:42:34 - [TEST_STEP][PASSED] - closeBrowser: Browser is closed

2018-07-13 12:42:34 - [MESSAGE][PASSED] - Browser is closed]]></system-out>
         <system-err><![CDATA[2018-07-13 12:41:40 - [TEST_CASE][FAILED] - Test Cases/Buildings/MyPortfolios/AnalyticsEnergyScoreTest: Test Cases/Buildings/MyPortfolios/AnalyticsEnergyScoreTest FAILED because (of) Unable to verify match between actual text '19' and expected text '20' (Root cause: Actual text '19' and expected text '20' are not matched)]]></system-err>
      </testcase>
      <testcase name="Test Cases/Buildings/MyPortfolios/AnalyticsWasteScoreTest" classname="Test Cases/Buildings/MyPortfolios/AnalyticsWasteScoreTest" status="FAILED">
         <failure type="FAILED" message="Unable to verify match between actual text '4' and expected text '5' (Root cause: Actual text '4' and expected text '5' are not matched)"/>
         <system-out><![CDATA[2018-07-13 12:42:34 - [TEST_CASE][FAILED] - Test Cases/Buildings/MyPortfolios/AnalyticsWasteScoreTest: Test Cases/Buildings/MyPortfolios/AnalyticsWasteScoreTest FAILED because (of) Unable to verify match between actual text '4' and expected text '5' (Root cause: Actual text '4' and expected text '5' are not matched)

2018-07-13 12:42:34 - [TEST_STEP][PASSED] - Start listener action : beforeTestListener: com.arc.ReusableMethods.ReusableMethodsLogin.loginIntoArcWithGlobalVariable is PASSED

2018-07-13 12:42:34 - [TEST_STEP][PASSED] - com.arc.ReusableMethods.ReusableMethodsLogin.loginIntoArcWithGlobalVariable: com.arc.ReusableMethods.ReusableMethodsLogin.loginIntoArcWithGlobalVariable is PASSED

2018-07-13 12:42:43 - [MESSAGE][PASSED] - Browser is opened with url: 'http://www.stg.arconline.io/'

2018-07-13 12:42:44 - [MESSAGE][PASSED] - Current window maximized

2018-07-13 12:42:44 - [MESSAGE][PASSED] - Wait for page load successfully

2018-07-13 12:42:44 - [MESSAGE][PASSED] - Object: 'Object Repository/Page_Home  Arc/button_ACCEPT AND CLOSE' is clicked on

2018-07-13 12:42:44 - [MESSAGE][PASSED] - Object: 'Object Repository/Page_Home  Arc/Click_Log in' is clicked on

2018-07-13 12:42:45 - [MESSAGE][PASSED] - Text 'Saurav@groupten.com' is set on object 'Object Repository/Page_Home  Arc/input_name'

2018-07-13 12:42:45 - [MESSAGE][PASSED] - Text 'LEEDg10' is set on object 'Object Repository/Page_Home  Arc/input_pass'

2018-07-13 12:42:45 - [MESSAGE][PASSED] - Object: 'Object Repository/Page_Home  Arc/input_field_policy_accept' is clicked on

2018-07-13 12:43:01 - [MESSAGE][PASSED] - Object: 'Object Repository/Page_Home  Arc/button_Log in' is clicked on

2018-07-13 12:43:06 - [MESSAGE][PASSED] - Delayed 5 second(s)

2018-07-13 12:43:06 - [MESSAGE][PASSED] - Text of object 'Object Repository/Page_Arc dashboard/span_My Projects' is: 'My Projects'

2018-07-13 12:43:06 - [MESSAGE][PASSED] - Actual text 'My Projects' and expected text 'My Projects' are matched  using regular expression

2018-07-13 12:43:09 - [MESSAGE][PASSED] - Delayed 3 second(s)

2018-07-13 12:43:09 - [MESSAGE][PASSED] - com.arc.ReusableMethods.ReusableMethodsLogin.loginIntoArcWithGlobalVariable is PASSED

2018-07-13 12:43:09 - [TEST_STEP][FAILED] - Statement - Try: Unable to verify match between actual text '4' and expected text '5' (Root cause: Actual text '4' and expected text '5' are not matched)

2018-07-13 12:43:09 - [TEST_STEP][PASSED] - com.arc.ReusableMethods.ReusableMethodsSearch.searchProgramPortfolio: com.arc.ReusableMethods.ReusableMethodsSearch.searchProgramPortfolio is PASSED

2018-07-13 12:43:11 - [MESSAGE][PASSED] - Delayed 2 second(s)

2018-07-13 12:43:11 - [MESSAGE][PASSED] - Object: 'Object Repository/Page_Arc dashboard/input_searchBar1' is clicked on

2018-07-13 12:43:12 - [MESSAGE][PASSED] - Text 'Building Portfolio 123321' is set on object 'Object Repository/Page_Arc dashboard/input_searchBar1'

2018-07-13 12:43:12 - [MESSAGE][PASSED] - Object: 'Object Repository/Page_Arc dashboard/input_searchBar1' is clicked on

2018-07-13 12:43:15 - [MESSAGE][PASSED] - Delayed 3 second(s)

2018-07-13 12:43:15 - [MESSAGE][PASSED] - Text of object 'Object Repository/Portfolio/Common/TNoPortfolio (1 portfolio)' is: 'Portfolio (1 portfolio)'

2018-07-13 12:43:15 - [MESSAGE][PASSED] - Actual text 'Portfolio (1 portfolio)' and expected text 'Portfolio (1 portfolio)' are matched 

2018-07-13 12:43:15 - [MESSAGE][PASSED] - Object: 'Object Repository/Page_Arc dashboard/search_Result' is clicked on

2018-07-13 12:43:20 - [MESSAGE][PASSED] - Delayed 5 second(s)

2018-07-13 12:43:20 - [MESSAGE][PASSED] - com.arc.ReusableMethods.ReusableMethodsSearch.searchProgramPortfolio is PASSED

2018-07-13 12:43:20 - [TEST_STEP][FAILED] - com.arc.ReusableMethods.ResuableMethodsPortfolio.analyticsWasteScore: Unable to verify match between actual text '4' and expected text '5' (Root cause: Actual text '4' and expected text '5' are not matched)

2018-07-13 12:43:21 - [MESSAGE][PASSED] - Object: 'Object Repository/Page_Arc dashboard/a_Projects' is clicked on

2018-07-13 12:43:22 - [MESSAGE][PASSED] - Delayed 1 second(s)

2018-07-13 12:43:22 - [MESSAGE][PASSED] - Object: 'Object Repository/Portfolio/Common/a_ Analytics' is clicked on

2018-07-13 12:43:24 - [MESSAGE][PASSED] - Delayed 2 second(s)

2018-07-13 12:43:24 - [MESSAGE][PASSED] - Object: 'Object Repository/Portfolio/Common/a_ Waste' is clicked on

2018-07-13 12:43:29 - [MESSAGE][PASSED] - Delayed 5 second(s)

2018-07-13 12:43:30 - [MESSAGE][PASSED] - Text of object 'Object Repository/Portfolio/Common/HighestScore ' is: '8'

2018-07-13 12:43:30 - [MESSAGE][PASSED] - Actual text '8' and expected text '8' are matched 

2018-07-13 12:43:30 - [MESSAGE][PASSED] - Text of object 'Object Repository/Portfolio/Common/AverageScore' is: '4'

2018-07-13 12:43:30 - [MESSAGE][FAILED] - Unable to verify match between actual text '4' and expected text '5' (Root cause: Actual text '4' and expected text '5' are not matched)

2018-07-13 12:43:30 - [MESSAGE][FAILED] - Unable to verify match between actual text '4' and expected text '5' (Root cause: Actual text '4' and expected text '5' are not matched)

2018-07-13 12:43:30 - [TEST_STEP][PASSED] - Statement - Catch (Throwable t): null

2018-07-13 12:43:30 - [TEST_STEP][PASSED] - Statement - out.println(t.getLocalizedMessage()): null

2018-07-13 12:43:30 - [TEST_STEP][PASSED] - Statement - e1 = new java.lang.Error(t.getMessage()): null

2018-07-13 12:43:30 - [TEST_STEP][PASSED] - Statement - e1.setStackTrace(t.getStackTrace()): null

2018-07-13 12:43:30 - [TEST_STEP][PASSED] - Statement - e1.printStackTrace(): null

2018-07-13 12:43:30 - [TEST_STEP][PASSED] - Start listener action : afterTestCase: Browser is closed

2018-07-13 12:43:30 - [TEST_STEP][PASSED] - switchToDefaultContent: Switching to default content

2018-07-13 12:43:30 - [TEST_STEP][PASSED] - Statement - com.kms.katalon.core.util.KeywordUtil.markWarning("Test Case Name : " + testCase.getTestCaseId()): Test Case Name : Test Cases/Buildings/MyPortfolios/AnalyticsWasteScoreTest

2018-07-13 12:43:30 - [MESSAGE][WARNING] - Test Case Name : Test Cases/Buildings/MyPortfolios/AnalyticsWasteScoreTest

2018-07-13 12:43:30 - [TEST_STEP][PASSED] - Statement - com.kms.katalon.core.util.KeywordUtil.markWarning("Test Case Status : " + testCase.getTestCaseStatus()): Test Case Status : FAILED

2018-07-13 12:43:30 - [MESSAGE][WARNING] - Test Case Status : FAILED

2018-07-13 12:43:30 - [TEST_STEP][PASSED] - Statement - If ("FAILED".equalsIgnoreCase(testCase.getTestCaseStatus())): Taking screenshot successfully

2018-07-13 12:43:30 - [TEST_STEP][PASSED] - Statement - println("Test case Fail taking Screenshot"): null

2018-07-13 12:43:30 - [TEST_STEP][PASSED] - Statement - Try: Taking screenshot successfully

2018-07-13 12:43:30 - [TEST_STEP][PASSED] - Statement - data = new java.util.Date(java.lang.System.currentTimeMillis()): null

2018-07-13 12:43:30 - [TEST_STEP][PASSED] - Statement - formatarDate = new java.text.SimpleDateFormat(yyyyMMddHHmmss): null

2018-07-13 12:43:30 - [TEST_STEP][PASSED] - takeScreenshot: Taking screenshot successfully

2018-07-13 12:43:30 - [MESSAGE][PASSED] - Taking screenshot successfully
[[ATTACHMENT|C:\\Users\\Group 10\\git\\KatalonStudio\\ArcWithKatalonStudio\\ScreenShot\\screenshot_20180713124330.png]]

2018-07-13 12:43:30 - [TEST_STEP][PASSED] - closeBrowser: Browser is closed

2018-07-13 12:43:31 - [MESSAGE][PASSED] - Browser is closed]]></system-out>
         <system-err><![CDATA[2018-07-13 12:42:34 - [TEST_CASE][FAILED] - Test Cases/Buildings/MyPortfolios/AnalyticsWasteScoreTest: Test Cases/Buildings/MyPortfolios/AnalyticsWasteScoreTest FAILED because (of) Unable to verify match between actual text '4' and expected text '5' (Root cause: Actual text '4' and expected text '5' are not matched)]]></system-err>
      </testcase>
      <testcase name="Test Cases/Buildings/MyPortfolios/AnalyticsCarbonTopScoreTest" classname="Test Cases/Buildings/MyPortfolios/AnalyticsCarbonTopScoreTest" status="FAILED">
         <failure type="FAILED" message="Unable to verify match between actual text '15.90' and expected text '42.51' (Root cause: Actual text '15.90' and expected text '42.51' are not matched)"/>
         <system-out><![CDATA[2018-07-13 12:43:31 - [TEST_CASE][FAILED] - Test Cases/Buildings/MyPortfolios/AnalyticsCarbonTopScoreTest: Test Cases/Buildings/MyPortfolios/AnalyticsCarbonTopScoreTest FAILED because (of) Unable to verify match between actual text '15.90' and expected text '42.51' (Root cause: Actual text '15.90' and expected text '42.51' are not matched)

2018-07-13 12:43:31 - [TEST_STEP][PASSED] - Start listener action : beforeTestListener: com.arc.ReusableMethods.ReusableMethodsLogin.loginIntoArcWithGlobalVariable is PASSED

2018-07-13 12:43:31 - [TEST_STEP][PASSED] - com.arc.ReusableMethods.ReusableMethodsLogin.loginIntoArcWithGlobalVariable: com.arc.ReusableMethods.ReusableMethodsLogin.loginIntoArcWithGlobalVariable is PASSED

2018-07-13 12:43:40 - [MESSAGE][PASSED] - Browser is opened with url: 'http://www.stg.arconline.io/'

2018-07-13 12:43:41 - [MESSAGE][PASSED] - Current window maximized

2018-07-13 12:43:41 - [MESSAGE][PASSED] - Wait for page load successfully

2018-07-13 12:43:41 - [MESSAGE][PASSED] - Object: 'Object Repository/Page_Home  Arc/button_ACCEPT AND CLOSE' is clicked on

2018-07-13 12:43:41 - [MESSAGE][PASSED] - Object: 'Object Repository/Page_Home  Arc/Click_Log in' is clicked on

2018-07-13 12:43:42 - [MESSAGE][PASSED] - Text 'Saurav@groupten.com' is set on object 'Object Repository/Page_Home  Arc/input_name'

2018-07-13 12:43:42 - [MESSAGE][PASSED] - Text 'LEEDg10' is set on object 'Object Repository/Page_Home  Arc/input_pass'

2018-07-13 12:43:42 - [MESSAGE][PASSED] - Object: 'Object Repository/Page_Home  Arc/input_field_policy_accept' is clicked on

2018-07-13 12:44:04 - [MESSAGE][PASSED] - Object: 'Object Repository/Page_Home  Arc/button_Log in' is clicked on

2018-07-13 12:44:09 - [MESSAGE][PASSED] - Delayed 5 second(s)

2018-07-13 12:44:09 - [MESSAGE][PASSED] - Text of object 'Object Repository/Page_Arc dashboard/span_My Projects' is: 'My Projects'

2018-07-13 12:44:09 - [MESSAGE][PASSED] - Actual text 'My Projects' and expected text 'My Projects' are matched  using regular expression

2018-07-13 12:44:12 - [MESSAGE][PASSED] - Delayed 3 second(s)

2018-07-13 12:44:12 - [MESSAGE][PASSED] - com.arc.ReusableMethods.ReusableMethodsLogin.loginIntoArcWithGlobalVariable is PASSED

2018-07-13 12:44:12 - [TEST_STEP][FAILED] - Statement - Try: Unable to verify match between actual text '15.90' and expected text '42.51' (Root cause: Actual text '15.90' and expected text '42.51' are not matched)

2018-07-13 12:44:12 - [TEST_STEP][PASSED] - com.arc.ReusableMethods.ReusableMethodsSearch.searchProgramPortfolio: com.arc.ReusableMethods.ReusableMethodsSearch.searchProgramPortfolio is PASSED

2018-07-13 12:44:14 - [MESSAGE][PASSED] - Delayed 2 second(s)

2018-07-13 12:44:14 - [MESSAGE][PASSED] - Object: 'Object Repository/Page_Arc dashboard/input_searchBar1' is clicked on

2018-07-13 12:44:15 - [MESSAGE][PASSED] - Text 'Building Portfolio 123321' is set on object 'Object Repository/Page_Arc dashboard/input_searchBar1'

2018-07-13 12:44:15 - [MESSAGE][PASSED] - Object: 'Object Repository/Page_Arc dashboard/input_searchBar1' is clicked on

2018-07-13 12:44:18 - [MESSAGE][PASSED] - Delayed 3 second(s)

2018-07-13 12:44:18 - [MESSAGE][PASSED] - Text of object 'Object Repository/Portfolio/Common/TNoPortfolio (1 portfolio)' is: 'Portfolio (1 portfolio)'

2018-07-13 12:44:18 - [MESSAGE][PASSED] - Actual text 'Portfolio (1 portfolio)' and expected text 'Portfolio (1 portfolio)' are matched 

2018-07-13 12:44:18 - [MESSAGE][PASSED] - Object: 'Object Repository/Page_Arc dashboard/search_Result' is clicked on

2018-07-13 12:44:23 - [MESSAGE][PASSED] - Delayed 5 second(s)

2018-07-13 12:44:23 - [MESSAGE][PASSED] - com.arc.ReusableMethods.ReusableMethodsSearch.searchProgramPortfolio is PASSED

2018-07-13 12:44:23 - [TEST_STEP][FAILED] - com.arc.ReusableMethods.ResuableMethodsPortfolio.analyticsCarbonScore: Unable to verify match between actual text '15.90' and expected text '42.51' (Root cause: Actual text '15.90' and expected text '42.51' are not matched)

2018-07-13 12:44:23 - [MESSAGE][PASSED] - Object: 'Object Repository/Page_Arc dashboard/a_Projects' is clicked on

2018-07-13 12:44:24 - [MESSAGE][PASSED] - Delayed 1 second(s)

2018-07-13 12:44:25 - [MESSAGE][PASSED] - Object: 'Object Repository/Portfolio/Common/a_ Analytics' is clicked on

2018-07-13 12:44:27 - [MESSAGE][PASSED] - Delayed 2 second(s)

2018-07-13 12:44:27 - [MESSAGE][PASSED] - Object: 'Object Repository/Portfolio/Common/a_ Carbon' is clicked on

2018-07-13 12:44:32 - [MESSAGE][PASSED] - Delayed 5 second(s)

2018-07-13 12:44:32 - [MESSAGE][PASSED] - Text of object 'Object Repository/Portfolio/Common/CaronHighest' is: '15.90'

2018-07-13 12:44:32 - [MESSAGE][FAILED] - Unable to verify match between actual text '15.90' and expected text '42.51' (Root cause: Actual text '15.90' and expected text '42.51' are not matched)

2018-07-13 12:44:32 - [MESSAGE][FAILED] - Unable to verify match between actual text '15.90' and expected text '42.51' (Root cause: Actual text '15.90' and expected text '42.51' are not matched)

2018-07-13 12:44:32 - [TEST_STEP][PASSED] - Statement - Catch (Throwable t): null

2018-07-13 12:44:32 - [TEST_STEP][PASSED] - Statement - out.println(t.getLocalizedMessage()): null

2018-07-13 12:44:32 - [TEST_STEP][PASSED] - Statement - e1 = new java.lang.Error(t.getMessage()): null

2018-07-13 12:44:32 - [TEST_STEP][PASSED] - Statement - e1.setStackTrace(t.getStackTrace()): null

2018-07-13 12:44:32 - [TEST_STEP][PASSED] - Statement - e1.printStackTrace(): null

2018-07-13 12:44:32 - [TEST_STEP][PASSED] - Start listener action : afterTestCase: Browser is closed

2018-07-13 12:44:32 - [TEST_STEP][PASSED] - switchToDefaultContent: Switching to default content

2018-07-13 12:44:32 - [TEST_STEP][PASSED] - Statement - com.kms.katalon.core.util.KeywordUtil.markWarning("Test Case Name : " + testCase.getTestCaseId()): Test Case Name : Test Cases/Buildings/MyPortfolios/AnalyticsCarbonTopScoreTest

2018-07-13 12:44:32 - [MESSAGE][WARNING] - Test Case Name : Test Cases/Buildings/MyPortfolios/AnalyticsCarbonTopScoreTest

2018-07-13 12:44:32 - [TEST_STEP][PASSED] - Statement - com.kms.katalon.core.util.KeywordUtil.markWarning("Test Case Status : " + testCase.getTestCaseStatus()): Test Case Status : FAILED

2018-07-13 12:44:32 - [MESSAGE][WARNING] - Test Case Status : FAILED

2018-07-13 12:44:32 - [TEST_STEP][PASSED] - Statement - If ("FAILED".equalsIgnoreCase(testCase.getTestCaseStatus())): Taking screenshot successfully

2018-07-13 12:44:32 - [TEST_STEP][PASSED] - Statement - println("Test case Fail taking Screenshot"): null

2018-07-13 12:44:32 - [TEST_STEP][PASSED] - Statement - Try: Taking screenshot successfully

2018-07-13 12:44:32 - [TEST_STEP][PASSED] - Statement - data = new java.util.Date(java.lang.System.currentTimeMillis()): null

2018-07-13 12:44:32 - [TEST_STEP][PASSED] - Statement - formatarDate = new java.text.SimpleDateFormat(yyyyMMddHHmmss): null

2018-07-13 12:44:32 - [TEST_STEP][PASSED] - takeScreenshot: Taking screenshot successfully

2018-07-13 12:44:33 - [MESSAGE][PASSED] - Taking screenshot successfully
[[ATTACHMENT|C:\\Users\\Group 10\\git\\KatalonStudio\\ArcWithKatalonStudio\\ScreenShot\\screenshot_20180713124432.png]]

2018-07-13 12:44:33 - [TEST_STEP][PASSED] - closeBrowser: Browser is closed

2018-07-13 12:44:33 - [MESSAGE][PASSED] - Browser is closed]]></system-out>
         <system-err><![CDATA[2018-07-13 12:43:31 - [TEST_CASE][FAILED] - Test Cases/Buildings/MyPortfolios/AnalyticsCarbonTopScoreTest: Test Cases/Buildings/MyPortfolios/AnalyticsCarbonTopScoreTest FAILED because (of) Unable to verify match between actual text '15.90' and expected text '42.51' (Root cause: Actual text '15.90' and expected text '42.51' are not matched)]]></system-err>
      </testcase>
      <testcase name="Test Cases/Buildings/MyPortfolios/AnalyticsTotalScoreTest" classname="Test Cases/Buildings/MyPortfolios/AnalyticsTotalScoreTest" status="FAILED">
         <failure type="FAILED" message="Unable to verify match between actual text '48' and expected text '49' (Root cause: Actual text '48' and expected text '49' are not matched)"/>
         <system-out><![CDATA[2018-07-13 12:44:33 - [TEST_CASE][FAILED] - Test Cases/Buildings/MyPortfolios/AnalyticsTotalScoreTest: Test Cases/Buildings/MyPortfolios/AnalyticsTotalScoreTest FAILED because (of) Unable to verify match between actual text '48' and expected text '49' (Root cause: Actual text '48' and expected text '49' are not matched)

2018-07-13 12:44:33 - [TEST_STEP][PASSED] - Start listener action : beforeTestListener: com.arc.ReusableMethods.ReusableMethodsLogin.loginIntoArcWithGlobalVariable is PASSED

2018-07-13 12:44:33 - [TEST_STEP][PASSED] - com.arc.ReusableMethods.ReusableMethodsLogin.loginIntoArcWithGlobalVariable: com.arc.ReusableMethods.ReusableMethodsLogin.loginIntoArcWithGlobalVariable is PASSED

2018-07-13 12:44:41 - [MESSAGE][PASSED] - Browser is opened with url: 'http://www.stg.arconline.io/'

2018-07-13 12:44:42 - [MESSAGE][PASSED] - Current window maximized

2018-07-13 12:44:42 - [MESSAGE][PASSED] - Wait for page load successfully

2018-07-13 12:44:42 - [MESSAGE][PASSED] - Object: 'Object Repository/Page_Home  Arc/button_ACCEPT AND CLOSE' is clicked on

2018-07-13 12:44:42 - [MESSAGE][PASSED] - Object: 'Object Repository/Page_Home  Arc/Click_Log in' is clicked on

2018-07-13 12:44:43 - [MESSAGE][PASSED] - Text 'Saurav@groupten.com' is set on object 'Object Repository/Page_Home  Arc/input_name'

2018-07-13 12:44:43 - [MESSAGE][PASSED] - Text 'LEEDg10' is set on object 'Object Repository/Page_Home  Arc/input_pass'

2018-07-13 12:44:44 - [MESSAGE][PASSED] - Object: 'Object Repository/Page_Home  Arc/input_field_policy_accept' is clicked on

2018-07-13 12:44:56 - [MESSAGE][PASSED] - Object: 'Object Repository/Page_Home  Arc/button_Log in' is clicked on

2018-07-13 12:45:01 - [MESSAGE][PASSED] - Delayed 5 second(s)

2018-07-13 12:45:01 - [MESSAGE][PASSED] - Text of object 'Object Repository/Page_Arc dashboard/span_My Projects' is: 'My Projects'

2018-07-13 12:45:01 - [MESSAGE][PASSED] - Actual text 'My Projects' and expected text 'My Projects' are matched  using regular expression

2018-07-13 12:45:04 - [MESSAGE][PASSED] - Delayed 3 second(s)

2018-07-13 12:45:04 - [MESSAGE][PASSED] - com.arc.ReusableMethods.ReusableMethodsLogin.loginIntoArcWithGlobalVariable is PASSED

2018-07-13 12:45:04 - [TEST_STEP][FAILED] - Statement - Try: Unable to verify match between actual text '48' and expected text '49' (Root cause: Actual text '48' and expected text '49' are not matched)

2018-07-13 12:45:04 - [TEST_STEP][PASSED] - com.arc.ReusableMethods.ReusableMethodsSearch.searchProgramPortfolio: com.arc.ReusableMethods.ReusableMethodsSearch.searchProgramPortfolio is PASSED

2018-07-13 12:45:06 - [MESSAGE][PASSED] - Delayed 2 second(s)

2018-07-13 12:45:06 - [MESSAGE][PASSED] - Object: 'Object Repository/Page_Arc dashboard/input_searchBar1' is clicked on

2018-07-13 12:45:06 - [MESSAGE][PASSED] - Text 'Building Portfolio 123321' is set on object 'Object Repository/Page_Arc dashboard/input_searchBar1'

2018-07-13 12:45:07 - [MESSAGE][PASSED] - Object: 'Object Repository/Page_Arc dashboard/input_searchBar1' is clicked on

2018-07-13 12:45:10 - [MESSAGE][PASSED] - Delayed 3 second(s)

2018-07-13 12:45:10 - [MESSAGE][PASSED] - Text of object 'Object Repository/Portfolio/Common/TNoPortfolio (1 portfolio)' is: 'Portfolio (1 portfolio)'

2018-07-13 12:45:10 - [MESSAGE][PASSED] - Actual text 'Portfolio (1 portfolio)' and expected text 'Portfolio (1 portfolio)' are matched 

2018-07-13 12:45:10 - [MESSAGE][PASSED] - Object: 'Object Repository/Page_Arc dashboard/search_Result' is clicked on

2018-07-13 12:45:15 - [MESSAGE][PASSED] - Delayed 5 second(s)

2018-07-13 12:45:15 - [MESSAGE][PASSED] - com.arc.ReusableMethods.ReusableMethodsSearch.searchProgramPortfolio is PASSED

2018-07-13 12:45:15 - [TEST_STEP][FAILED] - com.arc.ReusableMethods.ResuableMethodsPortfolio.analyticsTotalScore: Unable to verify match between actual text '48' and expected text '49' (Root cause: Actual text '48' and expected text '49' are not matched)

2018-07-13 12:45:15 - [MESSAGE][PASSED] - Object: 'Object Repository/Page_Arc dashboard/a_Projects' is clicked on

2018-07-13 12:45:16 - [MESSAGE][PASSED] - Delayed 1 second(s)

2018-07-13 12:45:16 - [MESSAGE][PASSED] - Object: 'Object Repository/Portfolio/Common/a_ Analytics' is clicked on

2018-07-13 12:45:18 - [MESSAGE][PASSED] - Delayed 2 second(s)

2018-07-13 12:45:19 - [MESSAGE][PASSED] - Object: 'Object Repository/Portfolio/Common/a_ Total' is clicked on

2018-07-13 12:45:24 - [MESSAGE][PASSED] - Delayed 5 second(s)

2018-07-13 12:45:24 - [MESSAGE][PASSED] - Text of object 'Object Repository/Portfolio/Total/HighestScore ' is: '82'

2018-07-13 12:45:24 - [MESSAGE][PASSED] - Text of object 'Object Repository/Portfolio/Total/AverageScore' is: '48'

2018-07-13 12:45:24 - [MESSAGE][PASSED] - Text of object 'Object Repository/Portfolio/Total/LowestScore ' is: '0'

2018-07-13 12:45:24 - [MESSAGE][PASSED] - Actual text '82' and expected text '82' are matched 

2018-07-13 12:45:24 - [MESSAGE][FAILED] - Unable to verify match between actual text '48' and expected text '49' (Root cause: Actual text '48' and expected text '49' are not matched)

2018-07-13 12:45:24 - [MESSAGE][FAILED] - Unable to verify match between actual text '48' and expected text '49' (Root cause: Actual text '48' and expected text '49' are not matched)

2018-07-13 12:45:24 - [TEST_STEP][PASSED] - Statement - Catch (Throwable t): null

2018-07-13 12:45:24 - [TEST_STEP][PASSED] - Statement - out.println(t.getLocalizedMessage()): null

2018-07-13 12:45:24 - [TEST_STEP][PASSED] - Statement - e1 = new java.lang.Error(t.getMessage()): null

2018-07-13 12:45:24 - [TEST_STEP][PASSED] - Statement - e1.setStackTrace(t.getStackTrace()): null

2018-07-13 12:45:24 - [TEST_STEP][PASSED] - Statement - e1.printStackTrace(): null

2018-07-13 12:45:24 - [TEST_STEP][PASSED] - Start listener action : afterTestCase: Browser is closed

2018-07-13 12:45:24 - [TEST_STEP][PASSED] - switchToDefaultContent: Switching to default content

2018-07-13 12:45:24 - [TEST_STEP][PASSED] - Statement - com.kms.katalon.core.util.KeywordUtil.markWarning("Test Case Name : " + testCase.getTestCaseId()): Test Case Name : Test Cases/Buildings/MyPortfolios/AnalyticsTotalScoreTest

2018-07-13 12:45:24 - [MESSAGE][WARNING] - Test Case Name : Test Cases/Buildings/MyPortfolios/AnalyticsTotalScoreTest

2018-07-13 12:45:24 - [TEST_STEP][PASSED] - Statement - com.kms.katalon.core.util.KeywordUtil.markWarning("Test Case Status : " + testCase.getTestCaseStatus()): Test Case Status : FAILED

2018-07-13 12:45:24 - [MESSAGE][WARNING] - Test Case Status : FAILED

2018-07-13 12:45:24 - [TEST_STEP][PASSED] - Statement - If ("FAILED".equalsIgnoreCase(testCase.getTestCaseStatus())): Taking screenshot successfully

2018-07-13 12:45:24 - [TEST_STEP][PASSED] - Statement - println("Test case Fail taking Screenshot"): null

2018-07-13 12:45:24 - [TEST_STEP][PASSED] - Statement - Try: Taking screenshot successfully

2018-07-13 12:45:24 - [TEST_STEP][PASSED] - Statement - data = new java.util.Date(java.lang.System.currentTimeMillis()): null

2018-07-13 12:45:24 - [TEST_STEP][PASSED] - Statement - formatarDate = new java.text.SimpleDateFormat(yyyyMMddHHmmss): null

2018-07-13 12:45:24 - [TEST_STEP][PASSED] - takeScreenshot: Taking screenshot successfully

2018-07-13 12:45:25 - [MESSAGE][PASSED] - Taking screenshot successfully
[[ATTACHMENT|C:\\Users\\Group 10\\git\\KatalonStudio\\ArcWithKatalonStudio\\ScreenShot\\screenshot_20180713124524.png]]

2018-07-13 12:45:25 - [TEST_STEP][PASSED] - closeBrowser: Browser is closed

2018-07-13 12:45:25 - [MESSAGE][PASSED] - Browser is closed]]></system-out>
         <system-err><![CDATA[2018-07-13 12:44:33 - [TEST_CASE][FAILED] - Test Cases/Buildings/MyPortfolios/AnalyticsTotalScoreTest: Test Cases/Buildings/MyPortfolios/AnalyticsTotalScoreTest FAILED because (of) Unable to verify match between actual text '48' and expected text '49' (Root cause: Actual text '48' and expected text '49' are not matched)]]></system-err>
      </testcase>
      <testcase name="Test Cases/Buildings/MyPortfolios/EnergyGoalTest" classname="Test Cases/Buildings/MyPortfolios/EnergyGoalTest" status="PASSED">
         <system-out><![CDATA[2018-07-13 12:45:25 - [TEST_CASE][PASSED] - Test Cases/Buildings/MyPortfolios/EnergyGoalTest: Test Cases/Buildings/MyPortfolios/EnergyGoalTest

2018-07-13 12:45:25 - [TEST_STEP][PASSED] - Start listener action : beforeTestListener: com.arc.ReusableMethods.ReusableMethodsLogin.loginIntoArcWithGlobalVariable is PASSED

2018-07-13 12:45:25 - [TEST_STEP][PASSED] - com.arc.ReusableMethods.ReusableMethodsLogin.loginIntoArcWithGlobalVariable: com.arc.ReusableMethods.ReusableMethodsLogin.loginIntoArcWithGlobalVariable is PASSED

2018-07-13 12:45:33 - [MESSAGE][PASSED] - Browser is opened with url: 'http://www.stg.arconline.io/'

2018-07-13 12:45:34 - [MESSAGE][PASSED] - Current window maximized

2018-07-13 12:45:34 - [MESSAGE][PASSED] - Wait for page load successfully

2018-07-13 12:45:34 - [MESSAGE][PASSED] - Object: 'Object Repository/Page_Home  Arc/button_ACCEPT AND CLOSE' is clicked on

2018-07-13 12:45:35 - [MESSAGE][PASSED] - Object: 'Object Repository/Page_Home  Arc/Click_Log in' is clicked on

2018-07-13 12:45:35 - [MESSAGE][PASSED] - Text 'Saurav@groupten.com' is set on object 'Object Repository/Page_Home  Arc/input_name'

2018-07-13 12:45:36 - [MESSAGE][PASSED] - Text 'LEEDg10' is set on object 'Object Repository/Page_Home  Arc/input_pass'

2018-07-13 12:45:36 - [MESSAGE][PASSED] - Object: 'Object Repository/Page_Home  Arc/input_field_policy_accept' is clicked on

2018-07-13 12:45:51 - [MESSAGE][PASSED] - Object: 'Object Repository/Page_Home  Arc/button_Log in' is clicked on

2018-07-13 12:45:56 - [MESSAGE][PASSED] - Delayed 5 second(s)

2018-07-13 12:45:56 - [MESSAGE][PASSED] - Text of object 'Object Repository/Page_Arc dashboard/span_My Projects' is: 'My Projects'

2018-07-13 12:45:56 - [MESSAGE][PASSED] - Actual text 'My Projects' and expected text 'My Projects' are matched  using regular expression

2018-07-13 12:45:59 - [MESSAGE][PASSED] - Delayed 3 second(s)

2018-07-13 12:45:59 - [MESSAGE][PASSED] - com.arc.ReusableMethods.ReusableMethodsLogin.loginIntoArcWithGlobalVariable is PASSED

2018-07-13 12:45:59 - [TEST_STEP][PASSED] - Statement - Try: com.arc.ReusableMethods.ResuableMethodsPortfolio.goalEnergy is PASSED

2018-07-13 12:45:59 - [TEST_STEP][PASSED] - com.arc.ReusableMethods.ReusableMethodsSearch.searchProgramPortfolio: com.arc.ReusableMethods.ReusableMethodsSearch.searchProgramPortfolio is PASSED

2018-07-13 12:46:01 - [MESSAGE][PASSED] - Delayed 2 second(s)

2018-07-13 12:46:01 - [MESSAGE][PASSED] - Object: 'Object Repository/Page_Arc dashboard/input_searchBar1' is clicked on

2018-07-13 12:46:01 - [MESSAGE][PASSED] - Text 'Building Portfolio 123321' is set on object 'Object Repository/Page_Arc dashboard/input_searchBar1'

2018-07-13 12:46:02 - [MESSAGE][PASSED] - Object: 'Object Repository/Page_Arc dashboard/input_searchBar1' is clicked on

2018-07-13 12:46:05 - [MESSAGE][PASSED] - Delayed 3 second(s)

2018-07-13 12:46:05 - [MESSAGE][PASSED] - Text of object 'Object Repository/Portfolio/Common/TNoPortfolio (1 portfolio)' is: 'Portfolio (1 portfolio)'

2018-07-13 12:46:05 - [MESSAGE][PASSED] - Actual text 'Portfolio (1 portfolio)' and expected text 'Portfolio (1 portfolio)' are matched 

2018-07-13 12:46:05 - [MESSAGE][PASSED] - Object: 'Object Repository/Page_Arc dashboard/search_Result' is clicked on

2018-07-13 12:46:10 - [MESSAGE][PASSED] - Delayed 5 second(s)

2018-07-13 12:46:10 - [MESSAGE][PASSED] - com.arc.ReusableMethods.ReusableMethodsSearch.searchProgramPortfolio is PASSED

2018-07-13 12:46:10 - [TEST_STEP][PASSED] - com.arc.ReusableMethods.ResuableMethodsPortfolio.goalEnergy: com.arc.ReusableMethods.ResuableMethodsPortfolio.goalEnergy is PASSED

2018-07-13 12:46:10 - [MESSAGE][PASSED] - Object: 'Object Repository/Page_Arc dashboard/a_Projects' is clicked on

2018-07-13 12:46:11 - [MESSAGE][PASSED] - Delayed 1 second(s)

2018-07-13 12:46:12 - [MESSAGE][PASSED] - Object: 'Object Repository/Portfolio/Goal/a_ Goals' is clicked on

2018-07-13 12:46:14 - [MESSAGE][PASSED] - Delayed 2 second(s)

2018-07-13 12:46:14 - [MESSAGE][PASSED] - Text of object 'Object Repository/Portfolio/Goal/EnergyUnitkBtu' is: 'kBtu'

2018-07-13 12:46:15 - [MESSAGE][PASSED] - Delayed 1 second(s)

2018-07-13 12:46:15 - [MESSAGE][PASSED] - Actual text 'kBtu' and expected text 'kBtu' are matched 

2018-07-13 12:46:15 - [MESSAGE][PASSED] - Text of object 'Object Repository/Portfolio/Goal/energy_percent_reduction' is cleared

2018-07-13 12:46:15 - [MESSAGE][PASSED] - Keys '100' sent to object: 'Object Repository/Portfolio/Goal/energy_percent_reduction'

2018-07-13 12:46:15 - [MESSAGE][PASSED] - Text of object 'Object Repository/Portfolio/Goal/energy_baseline_value' is cleared

2018-07-13 12:46:16 - [MESSAGE][PASSED] - Keys '50' sent to object: 'Object Repository/Portfolio/Goal/energy_baseline_value'

2018-07-13 12:46:16 - [MESSAGE][PASSED] - Object: 'Object Repository/Portfolio/Goal/EnergyDiffGoal' is clicked on

2018-07-13 12:46:18 - [MESSAGE][PASSED] - Delayed 2 second(s)

2018-07-13 12:46:18 - [MESSAGE][PASSED] - Text of object 'Object Repository/Portfolio/Goal/EnergyDiffGoal' is: '100.00 %'

2018-07-13 12:46:18 - [MESSAGE][PASSED] - Text of object 'Object Repository/Portfolio/Goal/energy_CurrentProgess' is: '0.00 %'

2018-07-13 12:46:18 - [MESSAGE][PASSED] - Actual text '100.00 %' and expected text '100.00 %' are matched 

2018-07-13 12:46:21 - [MESSAGE][PASSED] - All options with label '2017' are selected in object 'Object Repository/Portfolio/Goal/energy_baseline_year'  using regular expression

2018-07-13 12:46:22 - [MESSAGE][PASSED] - Delayed 1 second(s)

2018-07-13 12:46:23 - [MESSAGE][PASSED] - All options with label '2019' are selected in object 'Object Repository/Portfolio/Goal/energy_target_year'  using regular expression

2018-07-13 12:46:24 - [MESSAGE][PASSED] - Text of object 'Object Repository/Portfolio/Goal/EnergyGoal' is: '50%'

2018-07-13 12:46:24 - [MESSAGE][PASSED] - Object 'Object Repository/Portfolio/Goal/energy_description_textarea' is clickable

2018-07-13 12:46:24 - [MESSAGE][PASSED] - Object: 'Object Repository/Portfolio/Goal/energy_description_textarea' is clicked on

2018-07-13 12:46:24 - [MESSAGE][PASSED] - Text of object 'Object Repository/Portfolio/Goal/energy_description_textarea' is cleared

2018-07-13 12:46:28 - [MESSAGE][PASSED] - Keys 'Achieved a 100% reduction from 2016 energy and GHG emissions levels by 2018, a goal derived using the Science-Based Targets SDA.The most common oxidation state of carbon in inorganic compounds is +4, while +2 is found in carbon monoxide and transition metal carbonyl complexes. The largest sources of inorganic carbon are limestones, dolomites and carbon dioxide, but significant quantities occur in organic deposits of coal, peat, oil, and methane clathrates. Carbon forms a vast number of compounds, more than any other element, with almost ten million compounds described to date Draft Tool' sent to object: 'Object Repository/Portfolio/Goal/energy_description_textarea'

2018-07-13 12:46:29 - [MESSAGE][PASSED] - Object: 'Object Repository/Portfolio/Goal/CarbonCurrentProgess' is clicked on

2018-07-13 12:46:31 - [MESSAGE][PASSED] - Delayed 2 second(s)

2018-07-13 12:46:35 - [MESSAGE][PASSED] - Refresh successfully

2018-07-13 12:46:40 - [MESSAGE][PASSED] - Delayed 5 second(s)

2018-07-13 12:46:40 - [MESSAGE][PASSED] - Attribute 'value' of object 'Object Repository/Portfolio/Goal/energy_baseline_value' is: '50.00'

2018-07-13 12:46:40 - [MESSAGE][PASSED] - Attribute 'value' of object 'Object Repository/Portfolio/Goal/energy_percent_reduction' is: '100'

2018-07-13 12:46:40 - [MESSAGE][PASSED] - Attribute 'value' of object 'Object Repository/Portfolio/Goal/energy_description_textarea' is: 'Achieved a 100% reduction from 2016 energy and GHG emissions levels by 2018, a goal derived using the Science-Based Targets SDA.The most common oxidation state of carbon in inorganic compounds is +4, while +2 is found in carbon monoxide and transition metal carbonyl complexes. The largest sources of inorganic carbon are limestones, dolomites and carbon dioxide, but significant quantities occur in organic deposits of coal, peat, oil, and methane clathrates. Carbon forms a vast number of compounds, more than any other element, with almost ten million compounds described to date Draft Tool'

2018-07-13 12:46:40 - [MESSAGE][PASSED] - com.arc.ReusableMethods.ResuableMethodsPortfolio.goalEnergy is PASSED

2018-07-13 12:46:40 - [TEST_STEP][PASSED] - Start listener action : afterTestCase: Browser is closed

2018-07-13 12:46:40 - [TEST_STEP][PASSED] - switchToDefaultContent: Switching to default content

2018-07-13 12:46:40 - [TEST_STEP][PASSED] - Statement - com.kms.katalon.core.util.KeywordUtil.markWarning("Test Case Name : " + testCase.getTestCaseId()): Test Case Name : Test Cases/Buildings/MyPortfolios/EnergyGoalTest

2018-07-13 12:46:40 - [MESSAGE][WARNING] - Test Case Name : Test Cases/Buildings/MyPortfolios/EnergyGoalTest

2018-07-13 12:46:40 - [TEST_STEP][PASSED] - Statement - com.kms.katalon.core.util.KeywordUtil.markWarning("Test Case Status : " + testCase.getTestCaseStatus()): Test Case Status : PASSED

2018-07-13 12:46:40 - [MESSAGE][WARNING] - Test Case Status : PASSED

2018-07-13 12:46:40 - [TEST_STEP][PASSED] - Statement - If ("FAILED".equalsIgnoreCase(testCase.getTestCaseStatus())): null

2018-07-13 12:46:40 - [TEST_STEP][PASSED] - closeBrowser: Browser is closed

2018-07-13 12:46:41 - [MESSAGE][PASSED] - Browser is closed]]></system-out>
         <system-err><![CDATA[]]></system-err>
      </testcase>
      <testcase name="Test Cases/Buildings/MyPortfolios/GoalCarbonTest" classname="Test Cases/Buildings/MyPortfolios/GoalCarbonTest" status="ERROR">
         <error type="ERROR" message="Test Cases/Buildings/MyPortfolios/GoalCarbonTest FAILED because (of) org.codehaus.groovy.runtime.InvokerInvocationException: java.lang.AssertionError: Not Valid expected [true] but found [false]"/>
         <system-out><![CDATA[2018-07-13 12:46:41 - [TEST_CASE][ERROR] - Test Cases/Buildings/MyPortfolios/GoalCarbonTest: Test Cases/Buildings/MyPortfolios/GoalCarbonTest FAILED because (of) org.codehaus.groovy.runtime.InvokerInvocationException: java.lang.AssertionError: Not Valid expected [true] but found [false]

2018-07-13 12:46:41 - [TEST_STEP][PASSED] - Start listener action : beforeTestListener: com.arc.ReusableMethods.ReusableMethodsLogin.loginIntoArcWithGlobalVariable is PASSED

2018-07-13 12:46:41 - [TEST_STEP][PASSED] - com.arc.ReusableMethods.ReusableMethodsLogin.loginIntoArcWithGlobalVariable: com.arc.ReusableMethods.ReusableMethodsLogin.loginIntoArcWithGlobalVariable is PASSED

2018-07-13 12:46:49 - [MESSAGE][PASSED] - Browser is opened with url: 'http://www.stg.arconline.io/'

2018-07-13 12:46:50 - [MESSAGE][PASSED] - Current window maximized

2018-07-13 12:46:50 - [MESSAGE][PASSED] - Wait for page load successfully

2018-07-13 12:46:50 - [MESSAGE][PASSED] - Object: 'Object Repository/Page_Home  Arc/button_ACCEPT AND CLOSE' is clicked on

2018-07-13 12:46:50 - [MESSAGE][PASSED] - Object: 'Object Repository/Page_Home  Arc/Click_Log in' is clicked on

2018-07-13 12:46:51 - [MESSAGE][PASSED] - Text 'Saurav@groupten.com' is set on object 'Object Repository/Page_Home  Arc/input_name'

2018-07-13 12:46:51 - [MESSAGE][PASSED] - Text 'LEEDg10' is set on object 'Object Repository/Page_Home  Arc/input_pass'

2018-07-13 12:46:51 - [MESSAGE][PASSED] - Object: 'Object Repository/Page_Home  Arc/input_field_policy_accept' is clicked on

2018-07-13 12:47:04 - [MESSAGE][PASSED] - Object: 'Object Repository/Page_Home  Arc/button_Log in' is clicked on

2018-07-13 12:47:09 - [MESSAGE][PASSED] - Delayed 5 second(s)

2018-07-13 12:47:09 - [MESSAGE][PASSED] - Text of object 'Object Repository/Page_Arc dashboard/span_My Projects' is: 'My Projects'

2018-07-13 12:47:09 - [MESSAGE][PASSED] - Actual text 'My Projects' and expected text 'My Projects' are matched  using regular expression

2018-07-13 12:47:12 - [MESSAGE][PASSED] - Delayed 3 second(s)

2018-07-13 12:47:12 - [MESSAGE][PASSED] - com.arc.ReusableMethods.ReusableMethodsLogin.loginIntoArcWithGlobalVariable is PASSED

2018-07-13 12:47:12 - [TEST_STEP][FAILED] - Statement - Try: java.lang.AssertionError: Not Valid expected [true] but found [false]

2018-07-13 12:47:12 - [TEST_STEP][PASSED] - com.arc.ReusableMethods.ReusableMethodsSearch.searchProgramPortfolio: com.arc.ReusableMethods.ReusableMethodsSearch.searchProgramPortfolio is PASSED

2018-07-13 12:47:14 - [MESSAGE][PASSED] - Delayed 2 second(s)

2018-07-13 12:47:14 - [MESSAGE][PASSED] - Object: 'Object Repository/Page_Arc dashboard/input_searchBar1' is clicked on

2018-07-13 12:47:15 - [MESSAGE][PASSED] - Text 'Building Portfolio 123321' is set on object 'Object Repository/Page_Arc dashboard/input_searchBar1'

2018-07-13 12:47:15 - [MESSAGE][PASSED] - Object: 'Object Repository/Page_Arc dashboard/input_searchBar1' is clicked on

2018-07-13 12:47:18 - [MESSAGE][PASSED] - Delayed 3 second(s)

2018-07-13 12:47:18 - [MESSAGE][PASSED] - Text of object 'Object Repository/Portfolio/Common/TNoPortfolio (1 portfolio)' is: 'Portfolio (1 portfolio)'

2018-07-13 12:47:18 - [MESSAGE][PASSED] - Actual text 'Portfolio (1 portfolio)' and expected text 'Portfolio (1 portfolio)' are matched 

2018-07-13 12:47:18 - [MESSAGE][PASSED] - Object: 'Object Repository/Page_Arc dashboard/search_Result' is clicked on

2018-07-13 12:47:23 - [MESSAGE][PASSED] - Delayed 5 second(s)

2018-07-13 12:47:23 - [MESSAGE][PASSED] - com.arc.ReusableMethods.ReusableMethodsSearch.searchProgramPortfolio is PASSED

2018-07-13 12:47:23 - [TEST_STEP][FAILED] - com.arc.ReusableMethods.ResuableMethodsPortfolio.goalCarbon: java.lang.AssertionError: Not Valid expected [true] but found [false]

2018-07-13 12:47:23 - [MESSAGE][PASSED] - Object: 'Object Repository/Page_Arc dashboard/a_Projects' is clicked on

2018-07-13 12:47:24 - [MESSAGE][PASSED] - Delayed 1 second(s)

2018-07-13 12:47:25 - [MESSAGE][PASSED] - Object: 'Object Repository/Portfolio/Goal/a_ Goals' is clicked on

2018-07-13 12:47:27 - [MESSAGE][PASSED] - Delayed 2 second(s)

2018-07-13 12:47:27 - [MESSAGE][PASSED] - Text of object 'Object Repository/Portfolio/Goal/CarbonUnit' is: 'MTCO2e'

2018-07-13 12:47:28 - [MESSAGE][PASSED] - Delayed 1 second(s)

2018-07-13 12:47:28 - [MESSAGE][PASSED] - Actual text 'MTCO2e' and expected text 'MTCO2e' are matched 

2018-07-13 12:47:28 - [MESSAGE][PASSED] - Text of object 'Object Repository/Portfolio/Goal/carbon_percent_reduction' is cleared

2018-07-13 12:47:28 - [MESSAGE][PASSED] - Keys '100' sent to object: 'Object Repository/Portfolio/Goal/carbon_percent_reduction'

2018-07-13 12:47:28 - [MESSAGE][PASSED] - Text of object 'Object Repository/Portfolio/Goal/energy_baseline_value' is cleared

2018-07-13 12:47:29 - [MESSAGE][PASSED] - Keys '100' sent to object: 'Object Repository/Portfolio/Goal/energy_baseline_value'

2018-07-13 12:47:29 - [MESSAGE][PASSED] - Object: 'Object Repository/Portfolio/Goal/CarbonDiffGoal' is clicked on

2018-07-13 12:47:30 - [MESSAGE][PASSED] - Delayed 1 second(s)

2018-07-13 12:47:30 - [MESSAGE][PASSED] - Text of object 'Object Repository/Portfolio/Goal/CarbonDiffGoal' is: '23.30 %'

2018-07-13 12:47:30 - [MESSAGE][PASSED] - Text of object 'Object Repository/Portfolio/Goal/CarbonCurrentProgess' is: '76.70 %'

2018-07-13 12:47:30 - [MESSAGE][PASSED] - Actual text '23.30 %' and expected text '23.30 %' are matched 

2018-07-13 12:47:34 - [MESSAGE][PASSED] - All options with label '2017' are selected in object 'Object Repository/Portfolio/Goal/Carbon_base_year'  using regular expression

2018-07-13 12:47:35 - [MESSAGE][PASSED] - Delayed 1 second(s)

2018-07-13 12:47:36 - [MESSAGE][PASSED] - All options with label '2019' are selected in object 'Object Repository/Portfolio/Goal/carbon_target_year'  using regular expression

2018-07-13 12:47:36 - [MESSAGE][PASSED] - Text of object 'Object Repository/Portfolio/Goal/CarbonGoalBar' is: '50%'

2018-07-13 12:47:36 - [MESSAGE][PASSED] - Object: 'Object Repository/Portfolio/Goal/carbon_description_textarea' is clicked on

2018-07-13 12:47:36 - [MESSAGE][PASSED] - Text of object 'Object Repository/Portfolio/Goal/carbon_description_textarea' is cleared

2018-07-13 12:47:41 - [MESSAGE][PASSED] - Keys 'Achieved a 100% reduction from 2016 Carbon and GHG emissions levels by 2018, a goal derived using the Science-Based Targets SDA.The most common oxidation state of carbon in inorganic compounds is +4, while +2 is found in carbon monoxide and transition metal carbonyl complexes. The largest sources of inorganic carbon are limestones, dolomites and carbon dioxide, but significant quantities occur in organic deposits of coal, peat, oil, and methane clathrates. Carbon forms a vast number of compounds, more than any other element, with almost ten million compounds described to date Draft Tool' sent to object: 'Object Repository/Portfolio/Goal/carbon_description_textarea'

2018-07-13 12:47:41 - [MESSAGE][PASSED] - Object: 'Object Repository/Portfolio/Goal/CarbonCurrentProgess' is clicked on

2018-07-13 12:47:43 - [MESSAGE][PASSED] - Delayed 2 second(s)

2018-07-13 12:47:47 - [MESSAGE][PASSED] - Refresh successfully

2018-07-13 12:47:52 - [MESSAGE][PASSED] - Delayed 5 second(s)

2018-07-13 12:47:52 - [MESSAGE][PASSED] - Attribute 'value' of object 'Object Repository/Portfolio/Goal/carbon_baseline_value' is: '36.80'

2018-07-13 12:47:52 - [MESSAGE][FAILED] - java.lang.AssertionError: Not Valid expected [true] but found [false]

2018-07-13 12:47:52 - [TEST_STEP][PASSED] - Statement - Catch (Throwable t): null

2018-07-13 12:47:52 - [TEST_STEP][PASSED] - Statement - out.println(t.getLocalizedMessage()): null

2018-07-13 12:47:52 - [TEST_STEP][PASSED] - Statement - e1 = new java.lang.Error(t.getMessage()): null

2018-07-13 12:47:52 - [TEST_STEP][PASSED] - Statement - e1.setStackTrace(t.getStackTrace()): null

2018-07-13 12:47:52 - [TEST_STEP][PASSED] - Statement - e1.printStackTrace(): null

2018-07-13 12:47:52 - [TEST_STEP][PASSED] - Start listener action : afterTestCase: Browser is closed

2018-07-13 12:47:52 - [TEST_STEP][PASSED] - switchToDefaultContent: Switching to default content

2018-07-13 12:47:52 - [TEST_STEP][PASSED] - Statement - com.kms.katalon.core.util.KeywordUtil.markWarning("Test Case Name : " + testCase.getTestCaseId()): Test Case Name : Test Cases/Buildings/MyPortfolios/GoalCarbonTest

2018-07-13 12:47:52 - [MESSAGE][WARNING] - Test Case Name : Test Cases/Buildings/MyPortfolios/GoalCarbonTest

2018-07-13 12:47:52 - [TEST_STEP][PASSED] - Statement - com.kms.katalon.core.util.KeywordUtil.markWarning("Test Case Status : " + testCase.getTestCaseStatus()): Test Case Status : FAILED

2018-07-13 12:47:52 - [MESSAGE][WARNING] - Test Case Status : FAILED

2018-07-13 12:47:52 - [TEST_STEP][PASSED] - Statement - If ("FAILED".equalsIgnoreCase(testCase.getTestCaseStatus())): Taking screenshot successfully

2018-07-13 12:47:52 - [TEST_STEP][PASSED] - Statement - println("Test case Fail taking Screenshot"): null

2018-07-13 12:47:52 - [TEST_STEP][PASSED] - Statement - Try: Taking screenshot successfully

2018-07-13 12:47:52 - [TEST_STEP][PASSED] - Statement - data = new java.util.Date(java.lang.System.currentTimeMillis()): null

2018-07-13 12:47:52 - [TEST_STEP][PASSED] - Statement - formatarDate = new java.text.SimpleDateFormat(yyyyMMddHHmmss): null

2018-07-13 12:47:52 - [TEST_STEP][PASSED] - takeScreenshot: Taking screenshot successfully

2018-07-13 12:47:53 - [MESSAGE][PASSED] - Taking screenshot successfully
[[ATTACHMENT|C:\\Users\\Group 10\\git\\KatalonStudio\\ArcWithKatalonStudio\\ScreenShot\\screenshot_20180713124752.png]]

2018-07-13 12:47:53 - [TEST_STEP][PASSED] - closeBrowser: Browser is closed

2018-07-13 12:47:53 - [MESSAGE][PASSED] - Browser is closed]]></system-out>
         <system-err><![CDATA[2018-07-13 12:46:41 - [TEST_CASE][ERROR] - Test Cases/Buildings/MyPortfolios/GoalCarbonTest: Test Cases/Buildings/MyPortfolios/GoalCarbonTest FAILED because (of) org.codehaus.groovy.runtime.InvokerInvocationException: java.lang.AssertionError: Not Valid expected [true] but found [false]]]></system-err>
      </testcase>
      <testcase name="Test Cases/Buildings/MyPortfolios/GoalWasteDivertionTest" classname="Test Cases/Buildings/MyPortfolios/GoalWasteDivertionTest" status="ERROR">
         <error type="ERROR" message="Test Cases/Buildings/MyPortfolios/GoalWasteDivertionTest FAILED because (of) org.codehaus.groovy.runtime.InvokerInvocationException: java.lang.AssertionError: expected [10.0] but found [50.0]"/>
         <system-out><![CDATA[2018-07-13 12:47:53 - [TEST_CASE][ERROR] - Test Cases/Buildings/MyPortfolios/GoalWasteDivertionTest: Test Cases/Buildings/MyPortfolios/GoalWasteDivertionTest FAILED because (of) org.codehaus.groovy.runtime.InvokerInvocationException: java.lang.AssertionError: expected [10.0] but found [50.0]

2018-07-13 12:47:53 - [TEST_STEP][PASSED] - Start listener action : beforeTestListener: com.arc.ReusableMethods.ReusableMethodsLogin.loginIntoArcWithGlobalVariable is PASSED

2018-07-13 12:47:53 - [TEST_STEP][PASSED] - com.arc.ReusableMethods.ReusableMethodsLogin.loginIntoArcWithGlobalVariable: com.arc.ReusableMethods.ReusableMethodsLogin.loginIntoArcWithGlobalVariable is PASSED

2018-07-13 12:48:02 - [MESSAGE][PASSED] - Browser is opened with url: 'http://www.stg.arconline.io/'

2018-07-13 12:48:03 - [MESSAGE][PASSED] - Current window maximized

2018-07-13 12:48:03 - [MESSAGE][PASSED] - Wait for page load successfully

2018-07-13 12:48:03 - [MESSAGE][PASSED] - Object: 'Object Repository/Page_Home  Arc/button_ACCEPT AND CLOSE' is clicked on

2018-07-13 12:48:03 - [MESSAGE][PASSED] - Object: 'Object Repository/Page_Home  Arc/Click_Log in' is clicked on

2018-07-13 12:48:04 - [MESSAGE][PASSED] - Text 'Saurav@groupten.com' is set on object 'Object Repository/Page_Home  Arc/input_name'

2018-07-13 12:48:04 - [MESSAGE][PASSED] - Text 'LEEDg10' is set on object 'Object Repository/Page_Home  Arc/input_pass'

2018-07-13 12:48:04 - [MESSAGE][PASSED] - Object: 'Object Repository/Page_Home  Arc/input_field_policy_accept' is clicked on

2018-07-13 12:48:17 - [MESSAGE][PASSED] - Object: 'Object Repository/Page_Home  Arc/button_Log in' is clicked on

2018-07-13 12:48:22 - [MESSAGE][PASSED] - Delayed 5 second(s)

2018-07-13 12:48:22 - [MESSAGE][PASSED] - Text of object 'Object Repository/Page_Arc dashboard/span_My Projects' is: 'My Projects'

2018-07-13 12:48:22 - [MESSAGE][PASSED] - Actual text 'My Projects' and expected text 'My Projects' are matched  using regular expression

2018-07-13 12:48:25 - [MESSAGE][PASSED] - Delayed 3 second(s)

2018-07-13 12:48:25 - [MESSAGE][PASSED] - com.arc.ReusableMethods.ReusableMethodsLogin.loginIntoArcWithGlobalVariable is PASSED

2018-07-13 12:48:25 - [TEST_STEP][FAILED] - Statement - Try: java.lang.AssertionError: expected [10.0] but found [50.0]

2018-07-13 12:48:25 - [TEST_STEP][PASSED] - com.arc.ReusableMethods.ReusableMethodsSearch.searchProgramPortfolio: com.arc.ReusableMethods.ReusableMethodsSearch.searchProgramPortfolio is PASSED

2018-07-13 12:48:27 - [MESSAGE][PASSED] - Delayed 2 second(s)

2018-07-13 12:48:27 - [MESSAGE][PASSED] - Object: 'Object Repository/Page_Arc dashboard/input_searchBar1' is clicked on

2018-07-13 12:48:28 - [MESSAGE][PASSED] - Text 'Building Portfolio 123321' is set on object 'Object Repository/Page_Arc dashboard/input_searchBar1'

2018-07-13 12:48:28 - [MESSAGE][PASSED] - Object: 'Object Repository/Page_Arc dashboard/input_searchBar1' is clicked on

2018-07-13 12:48:31 - [MESSAGE][PASSED] - Delayed 3 second(s)

2018-07-13 12:48:31 - [MESSAGE][PASSED] - Text of object 'Object Repository/Portfolio/Common/TNoPortfolio (1 portfolio)' is: 'Portfolio (1 portfolio)'

2018-07-13 12:48:31 - [MESSAGE][PASSED] - Actual text 'Portfolio (1 portfolio)' and expected text 'Portfolio (1 portfolio)' are matched 

2018-07-13 12:48:31 - [MESSAGE][PASSED] - Object: 'Object Repository/Page_Arc dashboard/search_Result' is clicked on

2018-07-13 12:48:36 - [MESSAGE][PASSED] - Delayed 5 second(s)

2018-07-13 12:48:36 - [MESSAGE][PASSED] - com.arc.ReusableMethods.ReusableMethodsSearch.searchProgramPortfolio is PASSED

2018-07-13 12:48:36 - [TEST_STEP][FAILED] - com.arc.ReusableMethods.ResuableMethodsPortfolio.goalDivertedWaste: java.lang.AssertionError: expected [10.0] but found [50.0]

2018-07-13 12:48:37 - [MESSAGE][PASSED] - Object: 'Object Repository/Page_Arc dashboard/a_Projects' is clicked on

2018-07-13 12:48:38 - [MESSAGE][PASSED] - Delayed 1 second(s)

2018-07-13 12:48:38 - [MESSAGE][PASSED] - Object: 'Object Repository/Portfolio/Goal/a_ Goals' is clicked on

2018-07-13 12:48:40 - [MESSAGE][PASSED] - Delayed 2 second(s)

2018-07-13 12:48:40 - [MESSAGE][PASSED] - Text of object 'Object Repository/Portfolio/Goal/diverted_waste_unit' is: 'lbs'

2018-07-13 12:48:41 - [MESSAGE][PASSED] - Delayed 1 second(s)

2018-07-13 12:48:41 - [MESSAGE][PASSED] - Actual text 'lbs' and expected text 'lbs' are matched 

2018-07-13 12:48:41 - [MESSAGE][PASSED] - Text of object 'Object Repository/Portfolio/Goal/diverted_waste_percent_reduction' is cleared

2018-07-13 12:48:42 - [MESSAGE][PASSED] - Keys '100' sent to object: 'Object Repository/Portfolio/Goal/diverted_waste_percent_reduction'

2018-07-13 12:48:42 - [MESSAGE][PASSED] - Text of object 'Object Repository/Portfolio/Goal/diverted_waste_baseline_value' is cleared

2018-07-13 12:48:42 - [MESSAGE][PASSED] - Keys '50' sent to object: 'Object Repository/Portfolio/Goal/diverted_waste_baseline_value'

2018-07-13 12:48:42 - [MESSAGE][PASSED] - Object: 'Object Repository/Portfolio/Goal/diverted_waste_DiffGoal' is clicked on

2018-07-13 12:48:45 - [MESSAGE][PASSED] - Delayed 3 second(s)

2018-07-13 12:48:45 - [MESSAGE][PASSED] - Text of object 'Object Repository/Portfolio/Goal/diverted_waste_DiffGoal' is: '100.00 %'

2018-07-13 12:48:45 - [MESSAGE][PASSED] - Text of object 'Object Repository/Portfolio/Goal/diverted_waste_currentProgess' is: '0.00 %'

2018-07-13 12:48:48 - [MESSAGE][PASSED] - All options with label '2017' are selected in object 'Object Repository/Portfolio/Goal/diverted_waste_baseline_year'  using regular expression

2018-07-13 12:48:49 - [MESSAGE][PASSED] - Delayed 1 second(s)

2018-07-13 12:48:51 - [MESSAGE][PASSED] - All options with label '2019' are selected in object 'Object Repository/Portfolio/Goal/diverted_waste_target_year'  using regular expression

2018-07-13 12:48:51 - [MESSAGE][PASSED] - Text of object 'Object Repository/Portfolio/Goal/generated_waste_Goal' is: '10%'

2018-07-13 12:48:51 - [MESSAGE][FAILED] - java.lang.AssertionError: expected [10.0] but found [50.0]

2018-07-13 12:48:51 - [TEST_STEP][PASSED] - Statement - Catch (Throwable t): null

2018-07-13 12:48:51 - [TEST_STEP][PASSED] - Statement - out.println(t.getLocalizedMessage()): null

2018-07-13 12:48:51 - [TEST_STEP][PASSED] - Statement - e1 = new java.lang.Error(t.getMessage()): null

2018-07-13 12:48:51 - [TEST_STEP][PASSED] - Statement - e1.setStackTrace(t.getStackTrace()): null

2018-07-13 12:48:51 - [TEST_STEP][PASSED] - Statement - e1.printStackTrace(): null

2018-07-13 12:48:51 - [TEST_STEP][PASSED] - Start listener action : afterTestCase: Browser is closed

2018-07-13 12:48:51 - [TEST_STEP][PASSED] - switchToDefaultContent: Switching to default content

2018-07-13 12:48:51 - [TEST_STEP][PASSED] - Statement - com.kms.katalon.core.util.KeywordUtil.markWarning("Test Case Name : " + testCase.getTestCaseId()): Test Case Name : Test Cases/Buildings/MyPortfolios/GoalWasteDivertionTest

2018-07-13 12:48:51 - [MESSAGE][WARNING] - Test Case Name : Test Cases/Buildings/MyPortfolios/GoalWasteDivertionTest

2018-07-13 12:48:51 - [TEST_STEP][PASSED] - Statement - com.kms.katalon.core.util.KeywordUtil.markWarning("Test Case Status : " + testCase.getTestCaseStatus()): Test Case Status : FAILED

2018-07-13 12:48:51 - [MESSAGE][WARNING] - Test Case Status : FAILED

2018-07-13 12:48:51 - [TEST_STEP][PASSED] - Statement - If ("FAILED".equalsIgnoreCase(testCase.getTestCaseStatus())): Taking screenshot successfully

2018-07-13 12:48:51 - [TEST_STEP][PASSED] - Statement - println("Test case Fail taking Screenshot"): null

2018-07-13 12:48:51 - [TEST_STEP][PASSED] - Statement - Try: Taking screenshot successfully

2018-07-13 12:48:51 - [TEST_STEP][PASSED] - Statement - data = new java.util.Date(java.lang.System.currentTimeMillis()): null

2018-07-13 12:48:51 - [TEST_STEP][PASSED] - Statement - formatarDate = new java.text.SimpleDateFormat(yyyyMMddHHmmss): null

2018-07-13 12:48:51 - [TEST_STEP][PASSED] - takeScreenshot: Taking screenshot successfully

2018-07-13 12:48:51 - [MESSAGE][PASSED] - Taking screenshot successfully
[[ATTACHMENT|C:\\Users\\Group 10\\git\\KatalonStudio\\ArcWithKatalonStudio\\ScreenShot\\screenshot_20180713124851.png]]

2018-07-13 12:48:51 - [TEST_STEP][PASSED] - closeBrowser: Browser is closed

2018-07-13 12:48:52 - [MESSAGE][PASSED] - Browser is closed]]></system-out>
         <system-err><![CDATA[2018-07-13 12:47:53 - [TEST_CASE][ERROR] - Test Cases/Buildings/MyPortfolios/GoalWasteDivertionTest: Test Cases/Buildings/MyPortfolios/GoalWasteDivertionTest FAILED because (of) org.codehaus.groovy.runtime.InvokerInvocationException: java.lang.AssertionError: expected [10.0] but found [50.0]]]></system-err>
      </testcase>
      <testcase name="Test Cases/Buildings/MyPortfolios/GoalWasteGenerationTest" classname="Test Cases/Buildings/MyPortfolios/GoalWasteGenerationTest" status="PASSED">
         <system-out><![CDATA[2018-07-13 12:48:52 - [TEST_CASE][PASSED] - Test Cases/Buildings/MyPortfolios/GoalWasteGenerationTest: Test Cases/Buildings/MyPortfolios/GoalWasteGenerationTest

2018-07-13 12:48:52 - [TEST_STEP][PASSED] - Start listener action : beforeTestListener: com.arc.ReusableMethods.ReusableMethodsLogin.loginIntoArcWithGlobalVariable is PASSED

2018-07-13 12:48:52 - [TEST_STEP][PASSED] - com.arc.ReusableMethods.ReusableMethodsLogin.loginIntoArcWithGlobalVariable: com.arc.ReusableMethods.ReusableMethodsLogin.loginIntoArcWithGlobalVariable is PASSED

2018-07-13 12:48:59 - [MESSAGE][PASSED] - Browser is opened with url: 'http://www.stg.arconline.io/'

2018-07-13 12:49:00 - [MESSAGE][PASSED] - Current window maximized

2018-07-13 12:49:00 - [MESSAGE][PASSED] - Wait for page load successfully

2018-07-13 12:49:00 - [MESSAGE][PASSED] - Object: 'Object Repository/Page_Home  Arc/button_ACCEPT AND CLOSE' is clicked on

2018-07-13 12:49:01 - [MESSAGE][PASSED] - Object: 'Object Repository/Page_Home  Arc/Click_Log in' is clicked on

2018-07-13 12:49:02 - [MESSAGE][PASSED] - Text 'Saurav@groupten.com' is set on object 'Object Repository/Page_Home  Arc/input_name'

2018-07-13 12:49:02 - [MESSAGE][PASSED] - Text 'LEEDg10' is set on object 'Object Repository/Page_Home  Arc/input_pass'

2018-07-13 12:49:02 - [MESSAGE][PASSED] - Object: 'Object Repository/Page_Home  Arc/input_field_policy_accept' is clicked on

2018-07-13 12:49:14 - [MESSAGE][PASSED] - Object: 'Object Repository/Page_Home  Arc/button_Log in' is clicked on

2018-07-13 12:49:19 - [MESSAGE][PASSED] - Delayed 5 second(s)

2018-07-13 12:49:19 - [MESSAGE][PASSED] - Text of object 'Object Repository/Page_Arc dashboard/span_My Projects' is: 'My Projects'

2018-07-13 12:49:19 - [MESSAGE][PASSED] - Actual text 'My Projects' and expected text 'My Projects' are matched  using regular expression

2018-07-13 12:49:22 - [MESSAGE][PASSED] - Delayed 3 second(s)

2018-07-13 12:49:22 - [MESSAGE][PASSED] - com.arc.ReusableMethods.ReusableMethodsLogin.loginIntoArcWithGlobalVariable is PASSED

2018-07-13 12:49:22 - [TEST_STEP][PASSED] - Statement - Try: com.arc.ReusableMethods.ResuableMethodsPortfolio.goalGeneratedWaste is PASSED

2018-07-13 12:49:22 - [TEST_STEP][PASSED] - com.arc.ReusableMethods.ReusableMethodsSearch.searchProgramPortfolio: com.arc.ReusableMethods.ReusableMethodsSearch.searchProgramPortfolio is PASSED

2018-07-13 12:49:24 - [MESSAGE][PASSED] - Delayed 2 second(s)

2018-07-13 12:49:24 - [MESSAGE][PASSED] - Object: 'Object Repository/Page_Arc dashboard/input_searchBar1' is clicked on

2018-07-13 12:49:25 - [MESSAGE][PASSED] - Text 'Building Portfolio 123321' is set on object 'Object Repository/Page_Arc dashboard/input_searchBar1'

2018-07-13 12:49:25 - [MESSAGE][PASSED] - Object: 'Object Repository/Page_Arc dashboard/input_searchBar1' is clicked on

2018-07-13 12:49:28 - [MESSAGE][PASSED] - Delayed 3 second(s)

2018-07-13 12:49:28 - [MESSAGE][PASSED] - Text of object 'Object Repository/Portfolio/Common/TNoPortfolio (1 portfolio)' is: 'Portfolio (1 portfolio)'

2018-07-13 12:49:28 - [MESSAGE][PASSED] - Actual text 'Portfolio (1 portfolio)' and expected text 'Portfolio (1 portfolio)' are matched 

2018-07-13 12:49:28 - [MESSAGE][PASSED] - Object: 'Object Repository/Page_Arc dashboard/search_Result' is clicked on

2018-07-13 12:49:33 - [MESSAGE][PASSED] - Delayed 5 second(s)

2018-07-13 12:49:33 - [MESSAGE][PASSED] - com.arc.ReusableMethods.ReusableMethodsSearch.searchProgramPortfolio is PASSED

2018-07-13 12:49:33 - [TEST_STEP][PASSED] - com.arc.ReusableMethods.ResuableMethodsPortfolio.goalGeneratedWaste: com.arc.ReusableMethods.ResuableMethodsPortfolio.goalGeneratedWaste is PASSED

2018-07-13 12:49:34 - [MESSAGE][PASSED] - Object: 'Object Repository/Page_Arc dashboard/a_Projects' is clicked on

2018-07-13 12:49:35 - [MESSAGE][PASSED] - Delayed 1 second(s)

2018-07-13 12:49:35 - [MESSAGE][PASSED] - Object: 'Object Repository/Portfolio/Goal/a_ Goals' is clicked on

2018-07-13 12:49:37 - [MESSAGE][PASSED] - Delayed 2 second(s)

2018-07-13 12:49:37 - [MESSAGE][PASSED] - Text of object 'Object Repository/Portfolio/Goal/generated_waste_Unit' is: 'lbs'

2018-07-13 12:49:38 - [MESSAGE][PASSED] - Delayed 1 second(s)

2018-07-13 12:49:38 - [MESSAGE][PASSED] - Actual text 'lbs' and expected text 'lbs' are matched 

2018-07-13 12:49:38 - [MESSAGE][PASSED] - Text of object 'Object Repository/Portfolio/Goal/generated_waste_percent_reduction' is cleared

2018-07-13 12:49:38 - [MESSAGE][PASSED] - Keys '100' sent to object: 'Object Repository/Portfolio/Goal/generated_waste_percent_reduction'

2018-07-13 12:49:39 - [MESSAGE][PASSED] - Text of object 'Object Repository/Portfolio/Goal/generated_waste_baseline_value' is cleared

2018-07-13 12:49:39 - [MESSAGE][PASSED] - Keys '50' sent to object: 'Object Repository/Portfolio/Goal/generated_waste_baseline_value'

2018-07-13 12:49:39 - [MESSAGE][PASSED] - Object: 'Object Repository/Portfolio/Goal/generated_waste_DiffGoal' is clicked on

2018-07-13 12:49:42 - [MESSAGE][PASSED] - Delayed 3 second(s)

2018-07-13 12:49:42 - [MESSAGE][PASSED] - Text of object 'Object Repository/Portfolio/Goal/generated_waste_DiffGoal' is: '100.00 %'

2018-07-13 12:49:42 - [MESSAGE][PASSED] - Text of object 'Object Repository/Portfolio/Goal/generated_waste_currentProgress' is: '0.00 %'

2018-07-13 12:49:42 - [MESSAGE][PASSED] - Actual text '100.00 %' and expected text '100.00 %' are matched 

2018-07-13 12:49:45 - [MESSAGE][PASSED] - All options with label '2017' are selected in object 'Object Repository/Portfolio/Goal/generated_waste_baseline_year'  using regular expression

2018-07-13 12:49:46 - [MESSAGE][PASSED] - Delayed 1 second(s)

2018-07-13 12:49:47 - [MESSAGE][PASSED] - All options with label '2019' are selected in object 'Object Repository/Portfolio/Goal/generated_waste_target_year'  using regular expression

2018-07-13 12:49:47 - [MESSAGE][PASSED] - Text of object 'Object Repository/Portfolio/Goal/generated_waste_Goal' is: '50%'

2018-07-13 12:49:47 - [MESSAGE][PASSED] - Object 'Object Repository/Portfolio/Goal/waste_textarea' is clickable

2018-07-13 12:49:47 - [MESSAGE][PASSED] - Object: 'Object Repository/Portfolio/Goal/waste_textarea' is clicked on

2018-07-13 12:49:47 - [MESSAGE][PASSED] - Text of object 'Object Repository/Portfolio/Goal/waste_textarea' is cleared

2018-07-13 12:49:52 - [MESSAGE][PASSED] - Keys 'Achieved a 100% reduction from 2016 water and GHG emissions levels by 2018, a goal derived using the Science-Based Targets SDA.The most common oxidation state of Water in inorganic compounds is +4, while +2 is found in carbon monoxide and transition metal carbonyl complexes. The largest sources of inorganic carbon are limestones, dolomites and carbon dioxide, but significant quantities occur in organic deposits of coal, peat, oil, and methane clathrates. Carbon forms a vast number of compounds, more than any other element, with almost ten million compounds described to date Draft Tool' sent to object: 'Object Repository/Portfolio/Goal/waste_textarea'

2018-07-13 12:49:52 - [MESSAGE][PASSED] - Object: 'Object Repository/Portfolio/Goal/CarbonCurrentProgess' is clicked on

2018-07-13 12:49:54 - [MESSAGE][PASSED] - Delayed 2 second(s)

2018-07-13 12:49:59 - [MESSAGE][PASSED] - Refresh successfully

2018-07-13 12:50:04 - [MESSAGE][PASSED] - Delayed 5 second(s)

2018-07-13 12:50:04 - [MESSAGE][PASSED] - Attribute 'value' of object 'Object Repository/Portfolio/Goal/generated_waste_baseline_value' is: '50.00'

2018-07-13 12:50:04 - [MESSAGE][PASSED] - Attribute 'value' of object 'Object Repository/Portfolio/Goal/generated_waste_percent_reduction' is: '100'

2018-07-13 12:50:04 - [MESSAGE][PASSED] - Attribute 'value' of object 'Object Repository/Portfolio/Goal/waste_textarea' is: 'Achieved a 100% reduction from 2016 water and GHG emissions levels by 2018, a goal derived using the Science-Based Targets SDA.The most common oxidation state of Water in inorganic compounds is +4, while +2 is found in carbon monoxide and transition metal carbonyl complexes. The largest sources of inorganic carbon are limestones, dolomites and carbon dioxide, but significant quantities occur in organic deposits of coal, peat, oil, and methane clathrates. Carbon forms a vast number of compounds, more than any other element, with almost ten million compounds described to date Draft Tool'

2018-07-13 12:50:04 - [MESSAGE][PASSED] - com.arc.ReusableMethods.ResuableMethodsPortfolio.goalGeneratedWaste is PASSED

2018-07-13 12:50:04 - [TEST_STEP][PASSED] - Start listener action : afterTestCase: Browser is closed

2018-07-13 12:50:04 - [TEST_STEP][PASSED] - switchToDefaultContent: Switching to default content

2018-07-13 12:50:04 - [TEST_STEP][PASSED] - Statement - com.kms.katalon.core.util.KeywordUtil.markWarning("Test Case Name : " + testCase.getTestCaseId()): Test Case Name : Test Cases/Buildings/MyPortfolios/GoalWasteGenerationTest

2018-07-13 12:50:04 - [MESSAGE][WARNING] - Test Case Name : Test Cases/Buildings/MyPortfolios/GoalWasteGenerationTest

2018-07-13 12:50:04 - [TEST_STEP][PASSED] - Statement - com.kms.katalon.core.util.KeywordUtil.markWarning("Test Case Status : " + testCase.getTestCaseStatus()): Test Case Status : PASSED

2018-07-13 12:50:04 - [MESSAGE][WARNING] - Test Case Status : PASSED

2018-07-13 12:50:04 - [TEST_STEP][PASSED] - Statement - If ("FAILED".equalsIgnoreCase(testCase.getTestCaseStatus())): null

2018-07-13 12:50:04 - [TEST_STEP][PASSED] - closeBrowser: Browser is closed

2018-07-13 12:50:05 - [MESSAGE][PASSED] - Browser is closed]]></system-out>
         <system-err><![CDATA[]]></system-err>
      </testcase>
      <testcase name="Test Cases/Buildings/MyPortfolios/GoalWaterTest" classname="Test Cases/Buildings/MyPortfolios/GoalWaterTest" status="PASSED">
         <system-out><![CDATA[2018-07-13 12:50:05 - [TEST_CASE][PASSED] - Test Cases/Buildings/MyPortfolios/GoalWaterTest: Test Cases/Buildings/MyPortfolios/GoalWaterTest

2018-07-13 12:50:05 - [TEST_STEP][PASSED] - Start listener action : beforeTestListener: com.arc.ReusableMethods.ReusableMethodsLogin.loginIntoArcWithGlobalVariable is PASSED

2018-07-13 12:50:05 - [TEST_STEP][PASSED] - com.arc.ReusableMethods.ReusableMethodsLogin.loginIntoArcWithGlobalVariable: com.arc.ReusableMethods.ReusableMethodsLogin.loginIntoArcWithGlobalVariable is PASSED

2018-07-13 12:50:13 - [MESSAGE][PASSED] - Browser is opened with url: 'http://www.stg.arconline.io/'

2018-07-13 12:50:14 - [MESSAGE][PASSED] - Current window maximized

2018-07-13 12:50:14 - [MESSAGE][PASSED] - Wait for page load successfully

2018-07-13 12:50:14 - [MESSAGE][PASSED] - Object: 'Object Repository/Page_Home  Arc/button_ACCEPT AND CLOSE' is clicked on

2018-07-13 12:50:14 - [MESSAGE][PASSED] - Object: 'Object Repository/Page_Home  Arc/Click_Log in' is clicked on

2018-07-13 12:50:15 - [MESSAGE][PASSED] - Text 'Saurav@groupten.com' is set on object 'Object Repository/Page_Home  Arc/input_name'

2018-07-13 12:50:15 - [MESSAGE][PASSED] - Text 'LEEDg10' is set on object 'Object Repository/Page_Home  Arc/input_pass'

2018-07-13 12:50:15 - [MESSAGE][PASSED] - Object: 'Object Repository/Page_Home  Arc/input_field_policy_accept' is clicked on

2018-07-13 12:50:32 - [MESSAGE][PASSED] - Object: 'Object Repository/Page_Home  Arc/button_Log in' is clicked on

2018-07-13 12:50:37 - [MESSAGE][PASSED] - Delayed 5 second(s)

2018-07-13 12:50:38 - [MESSAGE][PASSED] - Text of object 'Object Repository/Page_Arc dashboard/span_My Projects' is: 'My Projects'

2018-07-13 12:50:38 - [MESSAGE][PASSED] - Actual text 'My Projects' and expected text 'My Projects' are matched  using regular expression

2018-07-13 12:50:41 - [MESSAGE][PASSED] - Delayed 3 second(s)

2018-07-13 12:50:41 - [MESSAGE][PASSED] - com.arc.ReusableMethods.ReusableMethodsLogin.loginIntoArcWithGlobalVariable is PASSED

2018-07-13 12:50:41 - [TEST_STEP][PASSED] - Statement - Try: com.arc.ReusableMethods.ResuableMethodsPortfolio.goalWater is PASSED

2018-07-13 12:50:41 - [TEST_STEP][PASSED] - com.arc.ReusableMethods.ReusableMethodsSearch.searchProgramPortfolio: com.arc.ReusableMethods.ReusableMethodsSearch.searchProgramPortfolio is PASSED

2018-07-13 12:50:43 - [MESSAGE][PASSED] - Delayed 2 second(s)

2018-07-13 12:50:43 - [MESSAGE][PASSED] - Object: 'Object Repository/Page_Arc dashboard/input_searchBar1' is clicked on

2018-07-13 12:50:43 - [MESSAGE][PASSED] - Text 'Building Portfolio 123321' is set on object 'Object Repository/Page_Arc dashboard/input_searchBar1'

2018-07-13 12:50:43 - [MESSAGE][PASSED] - Object: 'Object Repository/Page_Arc dashboard/input_searchBar1' is clicked on

2018-07-13 12:50:46 - [MESSAGE][PASSED] - Delayed 3 second(s)

2018-07-13 12:50:47 - [MESSAGE][PASSED] - Text of object 'Object Repository/Portfolio/Common/TNoPortfolio (1 portfolio)' is: 'Portfolio (1 portfolio)'

2018-07-13 12:50:47 - [MESSAGE][PASSED] - Actual text 'Portfolio (1 portfolio)' and expected text 'Portfolio (1 portfolio)' are matched 

2018-07-13 12:50:47 - [MESSAGE][PASSED] - Object: 'Object Repository/Page_Arc dashboard/search_Result' is clicked on

2018-07-13 12:50:52 - [MESSAGE][PASSED] - Delayed 5 second(s)

2018-07-13 12:50:52 - [MESSAGE][PASSED] - com.arc.ReusableMethods.ReusableMethodsSearch.searchProgramPortfolio is PASSED

2018-07-13 12:50:52 - [TEST_STEP][PASSED] - com.arc.ReusableMethods.ResuableMethodsPortfolio.goalWater: com.arc.ReusableMethods.ResuableMethodsPortfolio.goalWater is PASSED

2018-07-13 12:50:52 - [MESSAGE][PASSED] - Object: 'Object Repository/Page_Arc dashboard/a_Projects' is clicked on

2018-07-13 12:50:53 - [MESSAGE][PASSED] - Delayed 1 second(s)

2018-07-13 12:50:54 - [MESSAGE][PASSED] - Object: 'Object Repository/Portfolio/Goal/a_ Goals' is clicked on

2018-07-13 12:50:56 - [MESSAGE][PASSED] - Delayed 2 second(s)

2018-07-13 12:50:56 - [MESSAGE][PASSED] - Text of object 'Object Repository/Portfolio/Goal/WaterUnit' is: 'gal'

2018-07-13 12:50:57 - [MESSAGE][PASSED] - Delayed 1 second(s)

2018-07-13 12:50:57 - [MESSAGE][PASSED] - Actual text 'gal' and expected text 'gal' are matched 

2018-07-13 12:50:57 - [MESSAGE][PASSED] - Text of object 'Object Repository/Portfolio/Goal/water_percent_reduction' is cleared

2018-07-13 12:50:57 - [MESSAGE][PASSED] - Keys '100' sent to object: 'Object Repository/Portfolio/Goal/water_percent_reduction'

2018-07-13 12:50:57 - [MESSAGE][PASSED] - Text of object 'Object Repository/Portfolio/Goal/water_baseline_value' is cleared

2018-07-13 12:50:57 - [MESSAGE][PASSED] - Keys '50' sent to object: 'Object Repository/Portfolio/Goal/water_baseline_value'

2018-07-13 12:50:58 - [MESSAGE][PASSED] - Object: 'Object Repository/Portfolio/Goal/waterDiffGoal' is clicked on

2018-07-13 12:51:01 - [MESSAGE][PASSED] - Delayed 3 second(s)

2018-07-13 12:51:01 - [MESSAGE][PASSED] - Text of object 'Object Repository/Portfolio/Goal/waterDiffGoal' is: '0.00 %'

2018-07-13 12:51:01 - [MESSAGE][PASSED] - Text of object 'Object Repository/Portfolio/Goal/WaterCurrentProgess' is: '100.00 %'

2018-07-13 12:51:01 - [MESSAGE][PASSED] - Actual text '0.00 %' and expected text '0.00 %' are matched 

2018-07-13 12:51:04 - [MESSAGE][PASSED] - All options with label '2017' are selected in object 'Object Repository/Portfolio/Goal/water_baseline_year'  using regular expression

2018-07-13 12:51:05 - [MESSAGE][PASSED] - Delayed 1 second(s)

2018-07-13 12:51:06 - [MESSAGE][PASSED] - All options with label '2019' are selected in object 'Object Repository/Portfolio/Goal/water_target_year'  using regular expression

2018-07-13 12:51:06 - [MESSAGE][PASSED] - Text of object 'Object Repository/Portfolio/Goal/WaterGoal' is: '50%'

2018-07-13 12:51:06 - [MESSAGE][PASSED] - Object 'Object Repository/Portfolio/Goal/water_textarea' is clickable

2018-07-13 12:51:06 - [MESSAGE][PASSED] - Object: 'Object Repository/Portfolio/Goal/water_textarea' is clicked on

2018-07-13 12:51:06 - [MESSAGE][PASSED] - Text of object 'Object Repository/Portfolio/Goal/water_textarea' is cleared

2018-07-13 12:51:11 - [MESSAGE][PASSED] - Keys 'Achieved a 100% reduction from 2016 water and GHG emissions levels by 2018, a goal derived using the Science-Based Targets SDA.The most common oxidation state of Water in inorganic compounds is +4, while +2 is found in carbon monoxide and transition metal carbonyl complexes. The largest sources of inorganic carbon are limestones, dolomites and carbon dioxide, but significant quantities occur in organic deposits of coal, peat, oil, and methane clathrates. Carbon forms a vast number of compounds, more than any other element, with almost ten million compounds described to date Draft Tool' sent to object: 'Object Repository/Portfolio/Goal/water_textarea'

2018-07-13 12:51:11 - [MESSAGE][PASSED] - Object: 'Object Repository/Portfolio/Goal/CarbonCurrentProgess' is clicked on

2018-07-13 12:51:13 - [MESSAGE][PASSED] - Delayed 2 second(s)

2018-07-13 12:51:18 - [MESSAGE][PASSED] - Refresh successfully

2018-07-13 12:51:23 - [MESSAGE][PASSED] - Delayed 5 second(s)

2018-07-13 12:51:23 - [MESSAGE][PASSED] - Attribute 'value' of object 'Object Repository/Portfolio/Goal/water_baseline_value' is: '50.00'

2018-07-13 12:51:23 - [MESSAGE][PASSED] - Attribute 'value' of object 'Object Repository/Portfolio/Goal/water_percent_reduction' is: '100'

2018-07-13 12:51:23 - [MESSAGE][PASSED] - Attribute 'value' of object 'Object Repository/Portfolio/Goal/water_textarea' is: 'Achieved a 100% reduction from 2016 water and GHG emissions levels by 2018, a goal derived using the Science-Based Targets SDA.The most common oxidation state of Water in inorganic compounds is +4, while +2 is found in carbon monoxide and transition metal carbonyl complexes. The largest sources of inorganic carbon are limestones, dolomites and carbon dioxide, but significant quantities occur in organic deposits of coal, peat, oil, and methane clathrates. Carbon forms a vast number of compounds, more than any other element, with almost ten million compounds described to date Draft Tool'

2018-07-13 12:51:23 - [MESSAGE][PASSED] - com.arc.ReusableMethods.ResuableMethodsPortfolio.goalWater is PASSED

2018-07-13 12:51:23 - [TEST_STEP][PASSED] - Start listener action : afterTestCase: Browser is closed

2018-07-13 12:51:23 - [TEST_STEP][PASSED] - switchToDefaultContent: Switching to default content

2018-07-13 12:51:23 - [TEST_STEP][PASSED] - Statement - com.kms.katalon.core.util.KeywordUtil.markWarning("Test Case Name : " + testCase.getTestCaseId()): Test Case Name : Test Cases/Buildings/MyPortfolios/GoalWaterTest

2018-07-13 12:51:23 - [MESSAGE][WARNING] - Test Case Name : Test Cases/Buildings/MyPortfolios/GoalWaterTest

2018-07-13 12:51:23 - [TEST_STEP][PASSED] - Statement - com.kms.katalon.core.util.KeywordUtil.markWarning("Test Case Status : " + testCase.getTestCaseStatus()): Test Case Status : PASSED

2018-07-13 12:51:23 - [MESSAGE][WARNING] - Test Case Status : PASSED

2018-07-13 12:51:23 - [TEST_STEP][PASSED] - Statement - If ("FAILED".equalsIgnoreCase(testCase.getTestCaseStatus())): null

2018-07-13 12:51:23 - [TEST_STEP][PASSED] - closeBrowser: Browser is closed

2018-07-13 12:51:24 - [MESSAGE][PASSED] - Browser is closed]]></system-out>
         <system-err><![CDATA[]]></system-err>
      </testcase>
      <testcase name="Test Cases/Buildings/MyPortfolios/AddTeamMemberTest" classname="Test Cases/Buildings/MyPortfolios/AddTeamMemberTest" status="PASSED">
         <system-out><![CDATA[2018-07-13 12:51:24 - [TEST_CASE][PASSED] - Test Cases/Buildings/MyPortfolios/AddTeamMemberTest: Test Cases/Buildings/MyPortfolios/AddTeamMemberTest

2018-07-13 12:51:24 - [TEST_STEP][PASSED] - Start listener action : beforeTestListener: com.arc.ReusableMethods.ReusableMethodsLogin.loginIntoArcWithGlobalVariable is PASSED

2018-07-13 12:51:24 - [TEST_STEP][PASSED] - com.arc.ReusableMethods.ReusableMethodsLogin.loginIntoArcWithGlobalVariable: com.arc.ReusableMethods.ReusableMethodsLogin.loginIntoArcWithGlobalVariable is PASSED

2018-07-13 12:51:31 - [MESSAGE][PASSED] - Browser is opened with url: 'http://www.stg.arconline.io/'

2018-07-13 12:51:33 - [MESSAGE][PASSED] - Current window maximized

2018-07-13 12:51:33 - [MESSAGE][PASSED] - Wait for page load successfully

2018-07-13 12:51:33 - [MESSAGE][PASSED] - Object: 'Object Repository/Page_Home  Arc/button_ACCEPT AND CLOSE' is clicked on

2018-07-13 12:51:33 - [MESSAGE][PASSED] - Object: 'Object Repository/Page_Home  Arc/Click_Log in' is clicked on

2018-07-13 12:51:34 - [MESSAGE][PASSED] - Text 'Saurav@groupten.com' is set on object 'Object Repository/Page_Home  Arc/input_name'

2018-07-13 12:51:34 - [MESSAGE][PASSED] - Text 'LEEDg10' is set on object 'Object Repository/Page_Home  Arc/input_pass'

2018-07-13 12:51:34 - [MESSAGE][PASSED] - Object: 'Object Repository/Page_Home  Arc/input_field_policy_accept' is clicked on

2018-07-13 12:51:47 - [MESSAGE][PASSED] - Object: 'Object Repository/Page_Home  Arc/button_Log in' is clicked on

2018-07-13 12:51:52 - [MESSAGE][PASSED] - Delayed 5 second(s)

2018-07-13 12:51:52 - [MESSAGE][PASSED] - Text of object 'Object Repository/Page_Arc dashboard/span_My Projects' is: 'My Projects'

2018-07-13 12:51:52 - [MESSAGE][PASSED] - Actual text 'My Projects' and expected text 'My Projects' are matched  using regular expression

2018-07-13 12:51:55 - [MESSAGE][PASSED] - Delayed 3 second(s)

2018-07-13 12:51:55 - [MESSAGE][PASSED] - com.arc.ReusableMethods.ReusableMethodsLogin.loginIntoArcWithGlobalVariable is PASSED

2018-07-13 12:51:55 - [TEST_STEP][PASSED] - Statement - Try: com.arc.ReusableMethods.ResuableMethodsPortfolio.AddTeamMember is PASSED

2018-07-13 12:51:55 - [TEST_STEP][PASSED] - com.arc.ReusableMethods.ReusableMethodsSearch.searchProgramPortfolio: com.arc.ReusableMethods.ReusableMethodsSearch.searchProgramPortfolio is PASSED

2018-07-13 12:51:57 - [MESSAGE][PASSED] - Delayed 2 second(s)

2018-07-13 12:51:57 - [MESSAGE][PASSED] - Object: 'Object Repository/Page_Arc dashboard/input_searchBar1' is clicked on

2018-07-13 12:51:57 - [MESSAGE][PASSED] - Text 'Building Portfolio 123321' is set on object 'Object Repository/Page_Arc dashboard/input_searchBar1'

2018-07-13 12:51:58 - [MESSAGE][PASSED] - Object: 'Object Repository/Page_Arc dashboard/input_searchBar1' is clicked on

2018-07-13 12:52:01 - [MESSAGE][PASSED] - Delayed 3 second(s)

2018-07-13 12:52:01 - [MESSAGE][PASSED] - Text of object 'Object Repository/Portfolio/Common/TNoPortfolio (1 portfolio)' is: 'Portfolio (1 portfolio)'

2018-07-13 12:52:01 - [MESSAGE][PASSED] - Actual text 'Portfolio (1 portfolio)' and expected text 'Portfolio (1 portfolio)' are matched 

2018-07-13 12:52:01 - [MESSAGE][PASSED] - Object: 'Object Repository/Page_Arc dashboard/search_Result' is clicked on

2018-07-13 12:52:06 - [MESSAGE][PASSED] - Delayed 5 second(s)

2018-07-13 12:52:06 - [MESSAGE][PASSED] - com.arc.ReusableMethods.ReusableMethodsSearch.searchProgramPortfolio is PASSED

2018-07-13 12:52:06 - [TEST_STEP][PASSED] - com.arc.ReusableMethods.ResuableMethodsPortfolio.AddTeamMember: com.arc.ReusableMethods.ResuableMethodsPortfolio.AddTeamMember is PASSED

2018-07-13 12:52:06 - [MESSAGE][PASSED] - Object: 'Object Repository/Page_Arc dashboard/a_Projects' is clicked on

2018-07-13 12:52:07 - [MESSAGE][PASSED] - Delayed 1 second(s)

2018-07-13 12:52:07 - [MESSAGE][PASSED] - Object: 'Object Repository/Portfolio/Total/a_ Manage' is clicked on

2018-07-13 12:52:08 - [MESSAGE][PASSED] - Delayed 1 second(s)

2018-07-13 12:52:09 - [MESSAGE][PASSED] - Object: 'Object Repository/Portfolio/Total/a_ Team' is double clicked on

2018-07-13 12:52:09 - [MESSAGE][PASSED] - Keys 'pkamal@usgbc.org' sent to object: 'Object Repository/Portfolio/Total/input_AddCollabrator'

2018-07-13 12:52:09 - [MESSAGE][PASSED] - Object: 'Object Repository/Portfolio/Total/button_Add' is clicked on

2018-07-13 12:52:16 - [MESSAGE][PASSED] - Delayed 7 second(s)

2018-07-13 12:52:16 - [MESSAGE][PASSED] - Text of object 'Object Repository/Portfolio/Total/VerifyTeamMail' is: 'pkamal@usgbc.org'

2018-07-13 12:52:16 - [MESSAGE][PASSED] - Actual text 'pkamal@usgbc.org' and expected text 'pkamal@usgbc.org' are matched 

2018-07-13 12:52:16 - [MESSAGE][PASSED] - com.arc.ReusableMethods.ResuableMethodsPortfolio.AddTeamMember is PASSED

2018-07-13 12:52:16 - [TEST_STEP][PASSED] - Start listener action : afterTestCase: Browser is closed

2018-07-13 12:52:16 - [TEST_STEP][PASSED] - switchToDefaultContent: Switching to default content

2018-07-13 12:52:16 - [TEST_STEP][PASSED] - Statement - com.kms.katalon.core.util.KeywordUtil.markWarning("Test Case Name : " + testCase.getTestCaseId()): Test Case Name : Test Cases/Buildings/MyPortfolios/AddTeamMemberTest

2018-07-13 12:52:16 - [MESSAGE][WARNING] - Test Case Name : Test Cases/Buildings/MyPortfolios/AddTeamMemberTest

2018-07-13 12:52:16 - [TEST_STEP][PASSED] - Statement - com.kms.katalon.core.util.KeywordUtil.markWarning("Test Case Status : " + testCase.getTestCaseStatus()): Test Case Status : PASSED

2018-07-13 12:52:16 - [MESSAGE][WARNING] - Test Case Status : PASSED

2018-07-13 12:52:16 - [TEST_STEP][PASSED] - Statement - If ("FAILED".equalsIgnoreCase(testCase.getTestCaseStatus())): null

2018-07-13 12:52:16 - [TEST_STEP][PASSED] - closeBrowser: Browser is closed

2018-07-13 12:52:17 - [MESSAGE][PASSED] - Browser is closed]]></system-out>
         <system-err><![CDATA[]]></system-err>
      </testcase>
      <testcase name="Test Cases/Buildings/MyPortfolios/AnalyticsCarbonDataTest" classname="Test Cases/Buildings/MyPortfolios/AnalyticsCarbonDataTest" status="PASSED">
         <system-out><![CDATA[2018-07-13 12:52:17 - [TEST_CASE][PASSED] - Test Cases/Buildings/MyPortfolios/AnalyticsCarbonDataTest: Test Cases/Buildings/MyPortfolios/AnalyticsCarbonDataTest

2018-07-13 12:52:17 - [TEST_STEP][PASSED] - Start listener action : beforeTestListener: com.arc.ReusableMethods.ReusableMethodsLogin.loginIntoArcWithGlobalVariable is PASSED

2018-07-13 12:52:17 - [TEST_STEP][PASSED] - com.arc.ReusableMethods.ReusableMethodsLogin.loginIntoArcWithGlobalVariable: com.arc.ReusableMethods.ReusableMethodsLogin.loginIntoArcWithGlobalVariable is PASSED

2018-07-13 12:52:25 - [MESSAGE][PASSED] - Browser is opened with url: 'http://www.stg.arconline.io/'

2018-07-13 12:52:26 - [MESSAGE][PASSED] - Current window maximized

2018-07-13 12:52:26 - [MESSAGE][PASSED] - Wait for page load successfully

2018-07-13 12:52:26 - [MESSAGE][PASSED] - Object: 'Object Repository/Page_Home  Arc/button_ACCEPT AND CLOSE' is clicked on

2018-07-13 12:52:26 - [MESSAGE][PASSED] - Object: 'Object Repository/Page_Home  Arc/Click_Log in' is clicked on

2018-07-13 12:52:27 - [MESSAGE][PASSED] - Text 'Saurav@groupten.com' is set on object 'Object Repository/Page_Home  Arc/input_name'

2018-07-13 12:52:27 - [MESSAGE][PASSED] - Text 'LEEDg10' is set on object 'Object Repository/Page_Home  Arc/input_pass'

2018-07-13 12:52:28 - [MESSAGE][PASSED] - Object: 'Object Repository/Page_Home  Arc/input_field_policy_accept' is clicked on

2018-07-13 12:52:41 - [MESSAGE][PASSED] - Object: 'Object Repository/Page_Home  Arc/button_Log in' is clicked on

2018-07-13 12:52:46 - [MESSAGE][PASSED] - Delayed 5 second(s)

2018-07-13 12:52:46 - [MESSAGE][PASSED] - Text of object 'Object Repository/Page_Arc dashboard/span_My Projects' is: 'My Projects'

2018-07-13 12:52:46 - [MESSAGE][PASSED] - Actual text 'My Projects' and expected text 'My Projects' are matched  using regular expression

2018-07-13 12:52:49 - [MESSAGE][PASSED] - Delayed 3 second(s)

2018-07-13 12:52:49 - [MESSAGE][PASSED] - com.arc.ReusableMethods.ReusableMethodsLogin.loginIntoArcWithGlobalVariable is PASSED

2018-07-13 12:52:49 - [TEST_STEP][PASSED] - Statement - Try: com.arc.ReusableMethods.ResuableMethodsPortfolio.totalCarbonConsumption is PASSED

2018-07-13 12:52:49 - [TEST_STEP][PASSED] - com.arc.ReusableMethods.ReusableMethodsSearch.searchProgramPortfolio: com.arc.ReusableMethods.ReusableMethodsSearch.searchProgramPortfolio is PASSED

2018-07-13 12:52:51 - [MESSAGE][PASSED] - Delayed 2 second(s)

2018-07-13 12:52:52 - [MESSAGE][PASSED] - Object: 'Object Repository/Page_Arc dashboard/input_searchBar1' is clicked on

2018-07-13 12:52:52 - [MESSAGE][PASSED] - Text 'Building Portfolio 123321' is set on object 'Object Repository/Page_Arc dashboard/input_searchBar1'

2018-07-13 12:52:52 - [MESSAGE][PASSED] - Object: 'Object Repository/Page_Arc dashboard/input_searchBar1' is clicked on

2018-07-13 12:52:55 - [MESSAGE][PASSED] - Delayed 3 second(s)

2018-07-13 12:52:55 - [MESSAGE][PASSED] - Text of object 'Object Repository/Portfolio/Common/TNoPortfolio (1 portfolio)' is: 'Portfolio (1 portfolio)'

2018-07-13 12:52:55 - [MESSAGE][PASSED] - Actual text 'Portfolio (1 portfolio)' and expected text 'Portfolio (1 portfolio)' are matched 

2018-07-13 12:52:55 - [MESSAGE][PASSED] - Object: 'Object Repository/Page_Arc dashboard/search_Result' is clicked on

2018-07-13 12:53:00 - [MESSAGE][PASSED] - Delayed 5 second(s)

2018-07-13 12:53:00 - [MESSAGE][PASSED] - com.arc.ReusableMethods.ReusableMethodsSearch.searchProgramPortfolio is PASSED

2018-07-13 12:53:00 - [TEST_STEP][PASSED] - com.arc.ReusableMethods.ResuableMethodsPortfolio.totalCarbonConsumption: com.arc.ReusableMethods.ResuableMethodsPortfolio.totalCarbonConsumption is PASSED

2018-07-13 12:53:01 - [MESSAGE][PASSED] - Object: 'Object Repository/Page_Arc dashboard/a_Projects' is clicked on

2018-07-13 12:53:02 - [MESSAGE][PASSED] - Delayed 1 second(s)

2018-07-13 12:53:02 - [MESSAGE][PASSED] - Object: 'Object Repository/Portfolio/Common/a_ Analytics' is clicked on

2018-07-13 12:53:04 - [MESSAGE][PASSED] - Delayed 2 second(s)

2018-07-13 12:53:04 - [MESSAGE][PASSED] - Object: 'Object Repository/Portfolio/Common/a_ Total' is clicked on

2018-07-13 12:53:09 - [MESSAGE][PASSED] - Delayed 5 second(s)

2018-07-13 12:53:09 - [MESSAGE][PASSED] - Text of object 'Object Repository/Portfolio/Total/Lessthan50000' is: '9'

2018-07-13 12:53:09 - [MESSAGE][PASSED] - Text of object 'Object Repository/Portfolio/Total/Lessthan250000' is: '0'

2018-07-13 12:53:09 - [MESSAGE][PASSED] - Text of object 'Object Repository/Portfolio/Total/Lessthan500000' is: '0'

2018-07-13 12:53:09 - [MESSAGE][PASSED] - Text of object 'Object Repository/Portfolio/Total/Lessthan1000000' is: '1'

2018-07-13 12:53:09 - [MESSAGE][PASSED] - Text of object 'Object Repository/Portfolio/Total/Morethan1000000' is: '0'

2018-07-13 12:53:09 - [MESSAGE][PASSED] - Text of object 'Object Repository/Portfolio/Total/ACMTCO2e' is: '3.68'

2018-07-13 12:53:10 - [MESSAGE][PASSED] - Text of object 'Object Repository/Portfolio/Total/AOccupanit' is: '123 occupants'

2018-07-13 12:53:10 - [MESSAGE][PASSED] - Text of object 'Object Repository/Portfolio/Total/AvgSqaurefoot' is: '51802 sf'

2018-07-13 12:53:10 - [MESSAGE][PASSED] - Object: 'Object Repository/Portfolio/Common/a_ Carbon' is clicked on

2018-07-13 12:53:15 - [MESSAGE][PASSED] - Delayed 5 second(s)

2018-07-13 12:53:15 - [MESSAGE][PASSED] - Text of object 'Object Repository/Portfolio/Total/CarbonGoal' is: '50%'

2018-07-13 12:53:15 - [MESSAGE][PASSED] - Text of object 'Object Repository/Portfolio/Total/RTarget' is: '18.40'

2018-07-13 12:53:15 - [MESSAGE][PASSED] - Text of object 'Object Repository/Portfolio/Total/AverageOccupant' is: '0.0299'

2018-07-13 12:53:15 - [MESSAGE][PASSED] - Text of object 'Object Repository/Portfolio/Total/CAvgSqaurefoot' is: '0.0001'

2018-07-13 12:53:15 - [MESSAGE][PASSED] - com.arc.ReusableMethods.ResuableMethodsPortfolio.totalCarbonConsumption is PASSED

2018-07-13 12:53:15 - [TEST_STEP][PASSED] - Start listener action : afterTestCase: Browser is closed

2018-07-13 12:53:15 - [TEST_STEP][PASSED] - switchToDefaultContent: Switching to default content

2018-07-13 12:53:15 - [TEST_STEP][PASSED] - Statement - com.kms.katalon.core.util.KeywordUtil.markWarning("Test Case Name : " + testCase.getTestCaseId()): Test Case Name : Test Cases/Buildings/MyPortfolios/AnalyticsCarbonDataTest

2018-07-13 12:53:15 - [MESSAGE][WARNING] - Test Case Name : Test Cases/Buildings/MyPortfolios/AnalyticsCarbonDataTest

2018-07-13 12:53:15 - [TEST_STEP][PASSED] - Statement - com.kms.katalon.core.util.KeywordUtil.markWarning("Test Case Status : " + testCase.getTestCaseStatus()): Test Case Status : PASSED

2018-07-13 12:53:15 - [MESSAGE][WARNING] - Test Case Status : PASSED

2018-07-13 12:53:15 - [TEST_STEP][PASSED] - Statement - If ("FAILED".equalsIgnoreCase(testCase.getTestCaseStatus())): null

2018-07-13 12:53:15 - [TEST_STEP][PASSED] - closeBrowser: Browser is closed

2018-07-13 12:53:16 - [MESSAGE][PASSED] - Browser is closed]]></system-out>
         <system-err><![CDATA[]]></system-err>
      </testcase>
      <testcase name="Test Cases/Buildings/MyPortfolios/AnalyticsDiversionWasteDataTest" classname="Test Cases/Buildings/MyPortfolios/AnalyticsDiversionWasteDataTest" status="PASSED">
         <system-out><![CDATA[2018-07-13 12:53:16 - [TEST_CASE][PASSED] - Test Cases/Buildings/MyPortfolios/AnalyticsDiversionWasteDataTest: Test Cases/Buildings/MyPortfolios/AnalyticsDiversionWasteDataTest

2018-07-13 12:53:16 - [TEST_STEP][PASSED] - Start listener action : beforeTestListener: com.arc.ReusableMethods.ReusableMethodsLogin.loginIntoArcWithGlobalVariable is PASSED

2018-07-13 12:53:16 - [TEST_STEP][PASSED] - com.arc.ReusableMethods.ReusableMethodsLogin.loginIntoArcWithGlobalVariable: com.arc.ReusableMethods.ReusableMethodsLogin.loginIntoArcWithGlobalVariable is PASSED

2018-07-13 12:53:24 - [MESSAGE][PASSED] - Browser is opened with url: 'http://www.stg.arconline.io/'

2018-07-13 12:53:25 - [MESSAGE][PASSED] - Current window maximized

2018-07-13 12:53:25 - [MESSAGE][PASSED] - Wait for page load successfully

2018-07-13 12:53:25 - [MESSAGE][PASSED] - Object: 'Object Repository/Page_Home  Arc/button_ACCEPT AND CLOSE' is clicked on

2018-07-13 12:53:25 - [MESSAGE][PASSED] - Object: 'Object Repository/Page_Home  Arc/Click_Log in' is clicked on

2018-07-13 12:53:26 - [MESSAGE][PASSED] - Text 'Saurav@groupten.com' is set on object 'Object Repository/Page_Home  Arc/input_name'

2018-07-13 12:53:26 - [MESSAGE][PASSED] - Text 'LEEDg10' is set on object 'Object Repository/Page_Home  Arc/input_pass'

2018-07-13 12:53:27 - [MESSAGE][PASSED] - Object: 'Object Repository/Page_Home  Arc/input_field_policy_accept' is clicked on

2018-07-13 12:53:54 - [MESSAGE][PASSED] - Object: 'Object Repository/Page_Home  Arc/button_Log in' is clicked on

2018-07-13 12:53:59 - [MESSAGE][PASSED] - Delayed 5 second(s)

2018-07-13 12:53:59 - [MESSAGE][PASSED] - Text of object 'Object Repository/Page_Arc dashboard/span_My Projects' is: 'My Projects'

2018-07-13 12:53:59 - [MESSAGE][PASSED] - Actual text 'My Projects' and expected text 'My Projects' are matched  using regular expression

2018-07-13 12:54:02 - [MESSAGE][PASSED] - Delayed 3 second(s)

2018-07-13 12:54:02 - [MESSAGE][PASSED] - com.arc.ReusableMethods.ReusableMethodsLogin.loginIntoArcWithGlobalVariable is PASSED

2018-07-13 12:54:02 - [TEST_STEP][PASSED] - Statement - Try: com.arc.ReusableMethods.ResuableMethodsPortfolio.wasteDiversionTest is PASSED

2018-07-13 12:54:02 - [TEST_STEP][PASSED] - com.arc.ReusableMethods.ReusableMethodsSearch.searchProgramPortfolio: com.arc.ReusableMethods.ReusableMethodsSearch.searchProgramPortfolio is PASSED

2018-07-13 12:54:04 - [MESSAGE][PASSED] - Delayed 2 second(s)

2018-07-13 12:54:04 - [MESSAGE][PASSED] - Object: 'Object Repository/Page_Arc dashboard/input_searchBar1' is clicked on

2018-07-13 12:54:04 - [MESSAGE][PASSED] - Text 'Building Portfolio 123321' is set on object 'Object Repository/Page_Arc dashboard/input_searchBar1'

2018-07-13 12:54:05 - [MESSAGE][PASSED] - Object: 'Object Repository/Page_Arc dashboard/input_searchBar1' is clicked on

2018-07-13 12:54:08 - [MESSAGE][PASSED] - Delayed 3 second(s)

2018-07-13 12:54:08 - [MESSAGE][PASSED] - Text of object 'Object Repository/Portfolio/Common/TNoPortfolio (1 portfolio)' is: 'Portfolio (1 portfolio)'

2018-07-13 12:54:08 - [MESSAGE][PASSED] - Actual text 'Portfolio (1 portfolio)' and expected text 'Portfolio (1 portfolio)' are matched 

2018-07-13 12:54:08 - [MESSAGE][PASSED] - Object: 'Object Repository/Page_Arc dashboard/search_Result' is clicked on

2018-07-13 12:54:13 - [MESSAGE][PASSED] - Delayed 5 second(s)

2018-07-13 12:54:13 - [MESSAGE][PASSED] - com.arc.ReusableMethods.ReusableMethodsSearch.searchProgramPortfolio is PASSED

2018-07-13 12:54:13 - [TEST_STEP][PASSED] - com.arc.ReusableMethods.ResuableMethodsPortfolio.wasteDiversionTest: com.arc.ReusableMethods.ResuableMethodsPortfolio.wasteDiversionTest is PASSED

2018-07-13 12:54:13 - [MESSAGE][PASSED] - Object: 'Object Repository/Page_Arc dashboard/a_Projects' is clicked on

2018-07-13 12:54:14 - [MESSAGE][PASSED] - Delayed 1 second(s)

2018-07-13 12:54:14 - [MESSAGE][PASSED] - Object: 'Object Repository/Portfolio/Common/a_ Analytics' is clicked on

2018-07-13 12:54:16 - [MESSAGE][PASSED] - Delayed 2 second(s)

2018-07-13 12:54:17 - [MESSAGE][PASSED] - Object: 'Object Repository/Portfolio/Common/a_ Total' is clicked on

2018-07-13 12:54:22 - [MESSAGE][PASSED] - Delayed 5 second(s)

2018-07-13 12:54:22 - [MESSAGE][PASSED] - Text of object 'Object Repository/Portfolio/Total/Lessthan50000' is: '9'

2018-07-13 12:54:22 - [MESSAGE][PASSED] - Text of object 'Object Repository/Portfolio/Total/Lessthan250000' is: '0'

2018-07-13 12:54:22 - [MESSAGE][PASSED] - Text of object 'Object Repository/Portfolio/Total/Lessthan500000' is: '0'

2018-07-13 12:54:22 - [MESSAGE][PASSED] - Text of object 'Object Repository/Portfolio/Total/Lessthan1000000' is: '1'

2018-07-13 12:54:22 - [MESSAGE][PASSED] - Text of object 'Object Repository/Portfolio/Total/Morethan1000000' is: '0'

2018-07-13 12:54:22 - [MESSAGE][PASSED] - Text of object 'Object Repository/Portfolio/Total/AvgWasteDiv' is: '0'

2018-07-13 12:54:23 - [MESSAGE][PASSED] - Text of object 'Object Repository/Portfolio/Total/AOccupanit' is: '123 occupants'

2018-07-13 12:54:23 - [MESSAGE][PASSED] - Text of object 'Object Repository/Portfolio/Total/AvgSqaurefoot' is: '51802 sf'

2018-07-13 12:54:23 - [MESSAGE][PASSED] - Object: 'Object Repository/Portfolio/Common/a_ Waste' is clicked on

2018-07-13 12:54:28 - [MESSAGE][PASSED] - Delayed 5 second(s)

2018-07-13 12:54:28 - [MESSAGE][PASSED] - Text of object 'Object Repository/Portfolio/Total/WasteGoal' is: '50%'

2018-07-13 12:54:28 - [MESSAGE][PASSED] - Text of object 'Object Repository/Portfolio/Total/WasteGRTarget' is: '0.00'

2018-07-13 12:54:28 - [MESSAGE][PASSED] - Text of object 'Object Repository/Portfolio/Total/AvgWasteGenPerOccupaint' is: '0.0000'

2018-07-13 12:54:28 - [MESSAGE][PASSED] - Text of object 'Object Repository/Portfolio/Total/AvgWasteGenPerSqFoot' is: '0.0000'

2018-07-13 12:54:28 - [MESSAGE][PASSED] - com.arc.ReusableMethods.ResuableMethodsPortfolio.wasteDiversionTest is PASSED

2018-07-13 12:54:28 - [TEST_STEP][PASSED] - Start listener action : afterTestCase: Browser is closed

2018-07-13 12:54:28 - [TEST_STEP][PASSED] - switchToDefaultContent: Switching to default content

2018-07-13 12:54:28 - [TEST_STEP][PASSED] - Statement - com.kms.katalon.core.util.KeywordUtil.markWarning("Test Case Name : " + testCase.getTestCaseId()): Test Case Name : Test Cases/Buildings/MyPortfolios/AnalyticsDiversionWasteDataTest

2018-07-13 12:54:28 - [MESSAGE][WARNING] - Test Case Name : Test Cases/Buildings/MyPortfolios/AnalyticsDiversionWasteDataTest

2018-07-13 12:54:28 - [TEST_STEP][PASSED] - Statement - com.kms.katalon.core.util.KeywordUtil.markWarning("Test Case Status : " + testCase.getTestCaseStatus()): Test Case Status : PASSED

2018-07-13 12:54:28 - [MESSAGE][WARNING] - Test Case Status : PASSED

2018-07-13 12:54:28 - [TEST_STEP][PASSED] - Statement - If ("FAILED".equalsIgnoreCase(testCase.getTestCaseStatus())): null

2018-07-13 12:54:28 - [TEST_STEP][PASSED] - closeBrowser: Browser is closed

2018-07-13 12:54:29 - [MESSAGE][PASSED] - Browser is closed]]></system-out>
         <system-err><![CDATA[]]></system-err>
      </testcase>
      <testcase name="Test Cases/Buildings/MyPortfolios/AnalyticsEnergyDataTest" classname="Test Cases/Buildings/MyPortfolios/AnalyticsEnergyDataTest" status="PASSED">
         <system-out><![CDATA[2018-07-13 12:54:29 - [TEST_CASE][PASSED] - Test Cases/Buildings/MyPortfolios/AnalyticsEnergyDataTest: Test Cases/Buildings/MyPortfolios/AnalyticsEnergyDataTest

2018-07-13 12:54:29 - [TEST_STEP][PASSED] - Start listener action : beforeTestListener: com.arc.ReusableMethods.ReusableMethodsLogin.loginIntoArcWithGlobalVariable is PASSED

2018-07-13 12:54:29 - [TEST_STEP][PASSED] - com.arc.ReusableMethods.ReusableMethodsLogin.loginIntoArcWithGlobalVariable: com.arc.ReusableMethods.ReusableMethodsLogin.loginIntoArcWithGlobalVariable is PASSED

2018-07-13 12:54:39 - [MESSAGE][PASSED] - Browser is opened with url: 'http://www.stg.arconline.io/'

2018-07-13 12:54:40 - [MESSAGE][PASSED] - Current window maximized

2018-07-13 12:54:40 - [MESSAGE][PASSED] - Wait for page load successfully

2018-07-13 12:54:40 - [MESSAGE][PASSED] - Object: 'Object Repository/Page_Home  Arc/button_ACCEPT AND CLOSE' is clicked on

2018-07-13 12:54:40 - [MESSAGE][PASSED] - Object: 'Object Repository/Page_Home  Arc/Click_Log in' is clicked on

2018-07-13 12:54:41 - [MESSAGE][PASSED] - Text 'Saurav@groupten.com' is set on object 'Object Repository/Page_Home  Arc/input_name'

2018-07-13 12:54:41 - [MESSAGE][PASSED] - Text 'LEEDg10' is set on object 'Object Repository/Page_Home  Arc/input_pass'

2018-07-13 12:54:41 - [MESSAGE][PASSED] - Object: 'Object Repository/Page_Home  Arc/input_field_policy_accept' is clicked on

2018-07-13 12:54:56 - [MESSAGE][PASSED] - Object: 'Object Repository/Page_Home  Arc/button_Log in' is clicked on

2018-07-13 12:55:01 - [MESSAGE][PASSED] - Delayed 5 second(s)

2018-07-13 12:55:01 - [MESSAGE][PASSED] - Text of object 'Object Repository/Page_Arc dashboard/span_My Projects' is: 'My Projects'

2018-07-13 12:55:01 - [MESSAGE][PASSED] - Actual text 'My Projects' and expected text 'My Projects' are matched  using regular expression

2018-07-13 12:55:04 - [MESSAGE][PASSED] - Delayed 3 second(s)

2018-07-13 12:55:04 - [MESSAGE][PASSED] - com.arc.ReusableMethods.ReusableMethodsLogin.loginIntoArcWithGlobalVariable is PASSED

2018-07-13 12:55:04 - [TEST_STEP][PASSED] - Statement - Try: com.arc.ReusableMethods.ResuableMethodsPortfolio.totalEnergyConsumption is PASSED

2018-07-13 12:55:04 - [TEST_STEP][PASSED] - com.arc.ReusableMethods.ReusableMethodsSearch.searchProgramPortfolio: com.arc.ReusableMethods.ReusableMethodsSearch.searchProgramPortfolio is PASSED

2018-07-13 12:55:06 - [MESSAGE][PASSED] - Delayed 2 second(s)

2018-07-13 12:55:06 - [MESSAGE][PASSED] - Object: 'Object Repository/Page_Arc dashboard/input_searchBar1' is clicked on

2018-07-13 12:55:06 - [MESSAGE][PASSED] - Text 'Building Portfolio 123321' is set on object 'Object Repository/Page_Arc dashboard/input_searchBar1'

2018-07-13 12:55:06 - [MESSAGE][PASSED] - Object: 'Object Repository/Page_Arc dashboard/input_searchBar1' is clicked on

2018-07-13 12:55:09 - [MESSAGE][PASSED] - Delayed 3 second(s)

2018-07-13 12:55:10 - [MESSAGE][PASSED] - Text of object 'Object Repository/Portfolio/Common/TNoPortfolio (1 portfolio)' is: 'Portfolio (1 portfolio)'

2018-07-13 12:55:10 - [MESSAGE][PASSED] - Actual text 'Portfolio (1 portfolio)' and expected text 'Portfolio (1 portfolio)' are matched 

2018-07-13 12:55:10 - [MESSAGE][PASSED] - Object: 'Object Repository/Page_Arc dashboard/search_Result' is clicked on

2018-07-13 12:55:15 - [MESSAGE][PASSED] - Delayed 5 second(s)

2018-07-13 12:55:15 - [MESSAGE][PASSED] - com.arc.ReusableMethods.ReusableMethodsSearch.searchProgramPortfolio is PASSED

2018-07-13 12:55:15 - [TEST_STEP][PASSED] - com.arc.ReusableMethods.ResuableMethodsPortfolio.totalEnergyConsumption: com.arc.ReusableMethods.ResuableMethodsPortfolio.totalEnergyConsumption is PASSED

2018-07-13 12:55:15 - [MESSAGE][PASSED] - Object: 'Object Repository/Page_Arc dashboard/a_Projects' is clicked on

2018-07-13 12:55:16 - [MESSAGE][PASSED] - Delayed 1 second(s)

2018-07-13 12:55:16 - [MESSAGE][PASSED] - Object: 'Object Repository/Portfolio/Common/a_ Analytics' is clicked on

2018-07-13 12:55:18 - [MESSAGE][PASSED] - Delayed 2 second(s)

2018-07-13 12:55:19 - [MESSAGE][PASSED] - Object: 'Object Repository/Portfolio/Common/a_ Total' is clicked on

2018-07-13 12:55:24 - [MESSAGE][PASSED] - Delayed 5 second(s)

2018-07-13 12:55:24 - [MESSAGE][PASSED] - Text of object 'Object Repository/Portfolio/Total/Lessthan50000' is: '9'

2018-07-13 12:55:24 - [MESSAGE][PASSED] - Text of object 'Object Repository/Portfolio/Total/Lessthan250000' is: '0'

2018-07-13 12:55:24 - [MESSAGE][PASSED] - Text of object 'Object Repository/Portfolio/Total/Lessthan500000' is: '0'

2018-07-13 12:55:24 - [MESSAGE][PASSED] - Text of object 'Object Repository/Portfolio/Total/Lessthan1000000' is: '1'

2018-07-13 12:55:24 - [MESSAGE][PASSED] - Text of object 'Object Repository/Portfolio/Total/Morethan1000000' is: '0'

2018-07-13 12:55:24 - [MESSAGE][PASSED] - Text of object 'Object Repository/Portfolio/Total/AverageEnergyKBTU' is: '0'

2018-07-13 12:55:24 - [MESSAGE][PASSED] - Text of object 'Object Repository/Portfolio/Total/AOccupanit' is: '123 occupants'

2018-07-13 12:55:24 - [MESSAGE][PASSED] - Text of object 'Object Repository/Portfolio/Total/AvgSqaurefoot' is: '51802 sf'

2018-07-13 12:55:24 - [MESSAGE][PASSED] - Text of object 'Object Repository/Portfolio/Total/AEnergyScope1' is: '0'

2018-07-13 12:55:24 - [MESSAGE][PASSED] - Text of object 'Object Repository/Portfolio/Total/AEnergyScope2' is: '0'

2018-07-13 12:55:25 - [MESSAGE][PASSED] - Object: 'Object Repository/Portfolio/Common/a_ Energy' is clicked on

2018-07-13 12:55:30 - [MESSAGE][PASSED] - Delayed 5 second(s)

2018-07-13 12:55:30 - [MESSAGE][PASSED] - Text of object 'Object Repository/Portfolio/Total/EnergyGoal' is: '50%'

2018-07-13 12:55:30 - [MESSAGE][PASSED] - Text of object 'Object Repository/Portfolio/Total/RTarget' is: '0.00'

2018-07-13 12:55:30 - [MESSAGE][PASSED] - Text of object 'Object Repository/Portfolio/Total/EAvgOccScope1' is: '0.0000'

2018-07-13 12:55:30 - [MESSAGE][PASSED] - Text of object 'Object Repository/Portfolio/Total/EAvgSqFootScope1' is: '0.0000'

2018-07-13 12:55:30 - [MESSAGE][PASSED] - Text of object 'Object Repository/Portfolio/Total/EAvgOccScope2' is: '0.0000'

2018-07-13 12:55:30 - [MESSAGE][PASSED] - Text of object 'Object Repository/Portfolio/Total/EAvgSqFootScope2' is: '0.0000'

2018-07-13 12:55:30 - [MESSAGE][PASSED] - com.arc.ReusableMethods.ResuableMethodsPortfolio.totalEnergyConsumption is PASSED

2018-07-13 12:55:30 - [TEST_STEP][PASSED] - Start listener action : afterTestCase: Browser is closed

2018-07-13 12:55:30 - [TEST_STEP][PASSED] - switchToDefaultContent: Switching to default content

2018-07-13 12:55:30 - [TEST_STEP][PASSED] - Statement - com.kms.katalon.core.util.KeywordUtil.markWarning("Test Case Name : " + testCase.getTestCaseId()): Test Case Name : Test Cases/Buildings/MyPortfolios/AnalyticsEnergyDataTest

2018-07-13 12:55:30 - [MESSAGE][WARNING] - Test Case Name : Test Cases/Buildings/MyPortfolios/AnalyticsEnergyDataTest

2018-07-13 12:55:30 - [TEST_STEP][PASSED] - Statement - com.kms.katalon.core.util.KeywordUtil.markWarning("Test Case Status : " + testCase.getTestCaseStatus()): Test Case Status : PASSED

2018-07-13 12:55:30 - [MESSAGE][WARNING] - Test Case Status : PASSED

2018-07-13 12:55:30 - [TEST_STEP][PASSED] - Statement - If ("FAILED".equalsIgnoreCase(testCase.getTestCaseStatus())): null

2018-07-13 12:55:30 - [TEST_STEP][PASSED] - closeBrowser: Browser is closed

2018-07-13 12:55:31 - [MESSAGE][PASSED] - Browser is closed]]></system-out>
         <system-err><![CDATA[]]></system-err>
      </testcase>
      <testcase name="Test Cases/Buildings/MyPortfolios/AnalyticsGenerationWasteDataTest" classname="Test Cases/Buildings/MyPortfolios/AnalyticsGenerationWasteDataTest" status="PASSED">
         <system-out><![CDATA[2018-07-13 12:55:31 - [TEST_CASE][PASSED] - Test Cases/Buildings/MyPortfolios/AnalyticsGenerationWasteDataTest: Test Cases/Buildings/MyPortfolios/AnalyticsGenerationWasteDataTest

2018-07-13 12:55:31 - [TEST_STEP][PASSED] - Start listener action : beforeTestListener: com.arc.ReusableMethods.ReusableMethodsLogin.loginIntoArcWithGlobalVariable is PASSED

2018-07-13 12:55:31 - [TEST_STEP][PASSED] - com.arc.ReusableMethods.ReusableMethodsLogin.loginIntoArcWithGlobalVariable: com.arc.ReusableMethods.ReusableMethodsLogin.loginIntoArcWithGlobalVariable is PASSED

2018-07-13 12:55:39 - [MESSAGE][PASSED] - Browser is opened with url: 'http://www.stg.arconline.io/'

2018-07-13 12:55:40 - [MESSAGE][PASSED] - Current window maximized

2018-07-13 12:55:40 - [MESSAGE][PASSED] - Wait for page load successfully

2018-07-13 12:55:40 - [MESSAGE][PASSED] - Object: 'Object Repository/Page_Home  Arc/button_ACCEPT AND CLOSE' is clicked on

2018-07-13 12:55:40 - [MESSAGE][PASSED] - Object: 'Object Repository/Page_Home  Arc/Click_Log in' is clicked on

2018-07-13 12:55:41 - [MESSAGE][PASSED] - Text 'Saurav@groupten.com' is set on object 'Object Repository/Page_Home  Arc/input_name'

2018-07-13 12:55:41 - [MESSAGE][PASSED] - Text 'LEEDg10' is set on object 'Object Repository/Page_Home  Arc/input_pass'

2018-07-13 12:55:41 - [MESSAGE][PASSED] - Object: 'Object Repository/Page_Home  Arc/input_field_policy_accept' is clicked on

2018-07-13 12:55:53 - [MESSAGE][PASSED] - Object: 'Object Repository/Page_Home  Arc/button_Log in' is clicked on

2018-07-13 12:55:58 - [MESSAGE][PASSED] - Delayed 5 second(s)

2018-07-13 12:55:58 - [MESSAGE][PASSED] - Text of object 'Object Repository/Page_Arc dashboard/span_My Projects' is: 'My Projects'

2018-07-13 12:55:58 - [MESSAGE][PASSED] - Actual text 'My Projects' and expected text 'My Projects' are matched  using regular expression

2018-07-13 12:56:01 - [MESSAGE][PASSED] - Delayed 3 second(s)

2018-07-13 12:56:01 - [MESSAGE][PASSED] - com.arc.ReusableMethods.ReusableMethodsLogin.loginIntoArcWithGlobalVariable is PASSED

2018-07-13 12:56:01 - [TEST_STEP][PASSED] - Statement - Try: com.arc.ReusableMethods.ResuableMethodsPortfolio.wasteGenerationTest is PASSED

2018-07-13 12:56:01 - [TEST_STEP][PASSED] - com.arc.ReusableMethods.ReusableMethodsSearch.searchProgramPortfolio: com.arc.ReusableMethods.ReusableMethodsSearch.searchProgramPortfolio is PASSED

2018-07-13 12:56:03 - [MESSAGE][PASSED] - Delayed 2 second(s)

2018-07-13 12:56:04 - [MESSAGE][PASSED] - Object: 'Object Repository/Page_Arc dashboard/input_searchBar1' is clicked on

2018-07-13 12:56:04 - [MESSAGE][PASSED] - Text 'Building Portfolio 123321' is set on object 'Object Repository/Page_Arc dashboard/input_searchBar1'

2018-07-13 12:56:04 - [MESSAGE][PASSED] - Object: 'Object Repository/Page_Arc dashboard/input_searchBar1' is clicked on

2018-07-13 12:56:07 - [MESSAGE][PASSED] - Delayed 3 second(s)

2018-07-13 12:56:07 - [MESSAGE][PASSED] - Text of object 'Object Repository/Portfolio/Common/TNoPortfolio (1 portfolio)' is: 'Portfolio (1 portfolio)'

2018-07-13 12:56:07 - [MESSAGE][PASSED] - Actual text 'Portfolio (1 portfolio)' and expected text 'Portfolio (1 portfolio)' are matched 

2018-07-13 12:56:07 - [MESSAGE][PASSED] - Object: 'Object Repository/Page_Arc dashboard/search_Result' is clicked on

2018-07-13 12:56:12 - [MESSAGE][PASSED] - Delayed 5 second(s)

2018-07-13 12:56:12 - [MESSAGE][PASSED] - com.arc.ReusableMethods.ReusableMethodsSearch.searchProgramPortfolio is PASSED

2018-07-13 12:56:12 - [TEST_STEP][PASSED] - com.arc.ReusableMethods.ResuableMethodsPortfolio.wasteGenerationTest: com.arc.ReusableMethods.ResuableMethodsPortfolio.wasteGenerationTest is PASSED

2018-07-13 12:56:13 - [MESSAGE][PASSED] - Object: 'Object Repository/Page_Arc dashboard/a_Projects' is clicked on

2018-07-13 12:56:14 - [MESSAGE][PASSED] - Delayed 1 second(s)

2018-07-13 12:56:14 - [MESSAGE][PASSED] - Object: 'Object Repository/Portfolio/Common/a_ Analytics' is clicked on

2018-07-13 12:56:16 - [MESSAGE][PASSED] - Delayed 2 second(s)

2018-07-13 12:56:16 - [MESSAGE][PASSED] - Object: 'Object Repository/Portfolio/Common/a_ Total' is clicked on

2018-07-13 12:56:21 - [MESSAGE][PASSED] - Delayed 5 second(s)

2018-07-13 12:56:21 - [MESSAGE][PASSED] - Text of object 'Object Repository/Portfolio/Total/Lessthan50000' is: '9'

2018-07-13 12:56:21 - [MESSAGE][PASSED] - Text of object 'Object Repository/Portfolio/Total/Lessthan250000' is: '0'

2018-07-13 12:56:21 - [MESSAGE][PASSED] - Text of object 'Object Repository/Portfolio/Total/Lessthan500000' is: '0'

2018-07-13 12:56:21 - [MESSAGE][PASSED] - Text of object 'Object Repository/Portfolio/Total/Lessthan1000000' is: '1'

2018-07-13 12:56:21 - [MESSAGE][PASSED] - Text of object 'Object Repository/Portfolio/Total/Morethan1000000' is: '0'

2018-07-13 12:56:21 - [MESSAGE][PASSED] - Text of object 'Object Repository/Portfolio/Total/AvgWasteGen' is: '0'

2018-07-13 12:56:21 - [MESSAGE][PASSED] - Text of object 'Object Repository/Portfolio/Total/AOccupanit' is: '123 occupants'

2018-07-13 12:56:22 - [MESSAGE][PASSED] - Text of object 'Object Repository/Portfolio/Total/AvgSqaurefoot' is: '51802 sf'

2018-07-13 12:56:22 - [MESSAGE][PASSED] - Object: 'Object Repository/Portfolio/Common/a_ Waste' is clicked on

2018-07-13 12:56:27 - [MESSAGE][PASSED] - Delayed 5 second(s)

2018-07-13 12:56:27 - [MESSAGE][PASSED] - Text of object 'Object Repository/Portfolio/Total/WasteGoal' is: '50%'

2018-07-13 12:56:27 - [MESSAGE][PASSED] - Text of object 'Object Repository/Portfolio/Total/WasteGRTarget' is: '0.00'

2018-07-13 12:56:27 - [MESSAGE][PASSED] - Text of object 'Object Repository/Portfolio/Total/AvgWasteGenPerOccupaint' is: '0.0000'

2018-07-13 12:56:27 - [MESSAGE][PASSED] - Text of object 'Object Repository/Portfolio/Total/AvgWasteGenPerSqFoot' is: '0.0000'

2018-07-13 12:56:27 - [MESSAGE][PASSED] - com.arc.ReusableMethods.ResuableMethodsPortfolio.wasteGenerationTest is PASSED

2018-07-13 12:56:27 - [TEST_STEP][PASSED] - Start listener action : afterTestCase: Browser is closed

2018-07-13 12:56:27 - [TEST_STEP][PASSED] - switchToDefaultContent: Switching to default content

2018-07-13 12:56:27 - [TEST_STEP][PASSED] - Statement - com.kms.katalon.core.util.KeywordUtil.markWarning("Test Case Name : " + testCase.getTestCaseId()): Test Case Name : Test Cases/Buildings/MyPortfolios/AnalyticsGenerationWasteDataTest

2018-07-13 12:56:27 - [MESSAGE][WARNING] - Test Case Name : Test Cases/Buildings/MyPortfolios/AnalyticsGenerationWasteDataTest

2018-07-13 12:56:27 - [TEST_STEP][PASSED] - Statement - com.kms.katalon.core.util.KeywordUtil.markWarning("Test Case Status : " + testCase.getTestCaseStatus()): Test Case Status : PASSED

2018-07-13 12:56:27 - [MESSAGE][WARNING] - Test Case Status : PASSED

2018-07-13 12:56:27 - [TEST_STEP][PASSED] - Statement - If ("FAILED".equalsIgnoreCase(testCase.getTestCaseStatus())): null

2018-07-13 12:56:27 - [TEST_STEP][PASSED] - closeBrowser: Browser is closed

2018-07-13 12:56:28 - [MESSAGE][PASSED] - Browser is closed]]></system-out>
         <system-err><![CDATA[]]></system-err>
      </testcase>
      <testcase name="Test Cases/Buildings/MyPortfolios/AnalyticsHumanExperienceScoreTest" classname="Test Cases/Buildings/MyPortfolios/AnalyticsHumanExperienceScoreTest" status="FAILED">
         <failure type="FAILED" message="Unable to verify match between actual text 'US Building LEED v4 89013 Portfolio Con' and expected text 'US Building LEED v4 579692 Portfolio Con' (Root cause: Actual text 'US Building LEED v4 89013 Portfolio Con' and expected text 'US Building LEED v4 579692 Portfolio Con' are not matched)"/>
         <system-out><![CDATA[2018-07-13 12:56:28 - [TEST_CASE][FAILED] - Test Cases/Buildings/MyPortfolios/AnalyticsHumanExperienceScoreTest: Test Cases/Buildings/MyPortfolios/AnalyticsHumanExperienceScoreTest FAILED because (of) Unable to verify match between actual text 'US Building LEED v4 89013 Portfolio Con' and expected text 'US Building LEED v4 579692 Portfolio Con' (Root cause: Actual text 'US Building LEED v4 89013 Portfolio Con' and expected text 'US Building LEED v4 579692 Portfolio Con' are not matched)

2018-07-13 12:56:28 - [TEST_STEP][PASSED] - Start listener action : beforeTestListener: com.arc.ReusableMethods.ReusableMethodsLogin.loginIntoArcWithGlobalVariable is PASSED

2018-07-13 12:56:28 - [TEST_STEP][PASSED] - com.arc.ReusableMethods.ReusableMethodsLogin.loginIntoArcWithGlobalVariable: com.arc.ReusableMethods.ReusableMethodsLogin.loginIntoArcWithGlobalVariable is PASSED

2018-07-13 12:56:38 - [MESSAGE][PASSED] - Browser is opened with url: 'http://www.stg.arconline.io/'

2018-07-13 12:56:39 - [MESSAGE][PASSED] - Current window maximized

2018-07-13 12:56:39 - [MESSAGE][PASSED] - Wait for page load successfully

2018-07-13 12:56:39 - [MESSAGE][PASSED] - Object: 'Object Repository/Page_Home  Arc/button_ACCEPT AND CLOSE' is clicked on

2018-07-13 12:56:39 - [MESSAGE][PASSED] - Object: 'Object Repository/Page_Home  Arc/Click_Log in' is clicked on

2018-07-13 12:56:41 - [MESSAGE][PASSED] - Text 'Saurav@groupten.com' is set on object 'Object Repository/Page_Home  Arc/input_name'

2018-07-13 12:56:41 - [MESSAGE][PASSED] - Text 'LEEDg10' is set on object 'Object Repository/Page_Home  Arc/input_pass'

2018-07-13 12:56:41 - [MESSAGE][PASSED] - Object: 'Object Repository/Page_Home  Arc/input_field_policy_accept' is clicked on

2018-07-13 12:57:11 - [MESSAGE][PASSED] - Object: 'Object Repository/Page_Home  Arc/button_Log in' is clicked on

2018-07-13 12:57:16 - [MESSAGE][PASSED] - Delayed 5 second(s)

2018-07-13 12:57:16 - [MESSAGE][PASSED] - Text of object 'Object Repository/Page_Arc dashboard/span_My Projects' is: 'My Projects'

2018-07-13 12:57:16 - [MESSAGE][PASSED] - Actual text 'My Projects' and expected text 'My Projects' are matched  using regular expression

2018-07-13 12:57:19 - [MESSAGE][PASSED] - Delayed 3 second(s)

2018-07-13 12:57:19 - [MESSAGE][PASSED] - com.arc.ReusableMethods.ReusableMethodsLogin.loginIntoArcWithGlobalVariable is PASSED

2018-07-13 12:57:19 - [TEST_STEP][FAILED] - Statement - Try: Unable to verify match between actual text 'US Building LEED v4 89013 Portfolio Con' and expected text 'US Building LEED v4 579692 Portfolio Con' (Root cause: Actual text 'US Building LEED v4 89013 Portfolio Con' and expected text 'US Building LEED v4 579692 Portfolio Con' are not matched)

2018-07-13 12:57:19 - [TEST_STEP][PASSED] - com.arc.ReusableMethods.ReusableMethodsSearch.searchProgramPortfolio: com.arc.ReusableMethods.ReusableMethodsSearch.searchProgramPortfolio is PASSED

2018-07-13 12:57:21 - [MESSAGE][PASSED] - Delayed 2 second(s)

2018-07-13 12:57:21 - [MESSAGE][PASSED] - Object: 'Object Repository/Page_Arc dashboard/input_searchBar1' is clicked on

2018-07-13 12:57:22 - [MESSAGE][PASSED] - Text 'Building Portfolio 123321' is set on object 'Object Repository/Page_Arc dashboard/input_searchBar1'

2018-07-13 12:57:22 - [MESSAGE][PASSED] - Object: 'Object Repository/Page_Arc dashboard/input_searchBar1' is clicked on

2018-07-13 12:57:25 - [MESSAGE][PASSED] - Delayed 3 second(s)

2018-07-13 12:57:25 - [MESSAGE][PASSED] - Text of object 'Object Repository/Portfolio/Common/TNoPortfolio (1 portfolio)' is: 'Portfolio (1 portfolio)'

2018-07-13 12:57:25 - [MESSAGE][PASSED] - Actual text 'Portfolio (1 portfolio)' and expected text 'Portfolio (1 portfolio)' are matched 

2018-07-13 12:57:25 - [MESSAGE][PASSED] - Object: 'Object Repository/Page_Arc dashboard/search_Result' is clicked on

2018-07-13 12:57:30 - [MESSAGE][PASSED] - Delayed 5 second(s)

2018-07-13 12:57:30 - [MESSAGE][PASSED] - com.arc.ReusableMethods.ReusableMethodsSearch.searchProgramPortfolio is PASSED

2018-07-13 12:57:30 - [TEST_STEP][FAILED] - com.arc.ReusableMethods.ResuableMethodsPortfolio.analyticsHExperiaceScore: Unable to verify match between actual text 'US Building LEED v4 89013 Portfolio Con' and expected text 'US Building LEED v4 579692 Portfolio Con' (Root cause: Actual text 'US Building LEED v4 89013 Portfolio Con' and expected text 'US Building LEED v4 579692 Portfolio Con' are not matched)

2018-07-13 12:57:30 - [MESSAGE][PASSED] - Object: 'Object Repository/Page_Arc dashboard/a_Projects' is clicked on

2018-07-13 12:57:31 - [MESSAGE][PASSED] - Delayed 1 second(s)

2018-07-13 12:57:32 - [MESSAGE][PASSED] - Object: 'Object Repository/Portfolio/Common/a_ Analytics' is clicked on

2018-07-13 12:57:34 - [MESSAGE][PASSED] - Delayed 2 second(s)

2018-07-13 12:57:34 - [MESSAGE][PASSED] - Object: 'Object Repository/Portfolio/Common/a_ Human Experience' is clicked on

2018-07-13 12:57:39 - [MESSAGE][PASSED] - Delayed 5 second(s)

2018-07-13 12:57:39 - [MESSAGE][PASSED] - Text of object 'Object Repository/Portfolio/Common/HighestScore ' is: '12'

2018-07-13 12:57:39 - [MESSAGE][PASSED] - Actual text '12' and expected text '12' are matched 

2018-07-13 12:57:39 - [MESSAGE][PASSED] - Text of object 'Object Repository/Portfolio/Common/AverageScore' is: '7'

2018-07-13 12:57:39 - [MESSAGE][PASSED] - Actual text '7' and expected text '7' are matched 

2018-07-13 12:57:39 - [MESSAGE][PASSED] - Text of object 'Object Repository/Portfolio/Common/LowestScore ' is: '0'

2018-07-13 12:57:39 - [MESSAGE][PASSED] - Actual text '0' and expected text '0' are matched 

2018-07-13 12:57:39 - [MESSAGE][PASSED] - Object: 'Object Repository/Portfolio/Common/span_Lowest 5 Performers' is clicked on

2018-07-13 12:57:41 - [MESSAGE][PASSED] - Delayed 2 second(s)

2018-07-13 12:57:41 - [MESSAGE][PASSED] - Object: 'Object Repository/Portfolio/Common/a_Top 5 Performers' is clicked on

2018-07-13 12:57:46 - [MESSAGE][PASSED] - Delayed 5 second(s)

2018-07-13 12:57:46 - [MESSAGE][PASSED] - Text of object 'Object Repository/Portfolio/TranHum/FProjectName1' is: 'US Building LEED v4 89013 Portfolio Con'

2018-07-13 12:57:46 - [MESSAGE][FAILED] - Unable to verify match between actual text 'US Building LEED v4 89013 Portfolio Con' and expected text 'US Building LEED v4 579692 Portfolio Con' (Root cause: Actual text 'US Building LEED v4 89013 Portfolio Con' and expected text 'US Building LEED v4 579692 Portfolio Con' are not matched)

2018-07-13 12:57:46 - [MESSAGE][FAILED] - Unable to verify match between actual text 'US Building LEED v4 89013 Portfolio Con' and expected text 'US Building LEED v4 579692 Portfolio Con' (Root cause: Actual text 'US Building LEED v4 89013 Portfolio Con' and expected text 'US Building LEED v4 579692 Portfolio Con' are not matched)

2018-07-13 12:57:46 - [TEST_STEP][PASSED] - Statement - Catch (Throwable t): null

2018-07-13 12:57:46 - [TEST_STEP][PASSED] - Statement - out.println(t.getLocalizedMessage()): null

2018-07-13 12:57:46 - [TEST_STEP][PASSED] - Statement - e1 = new java.lang.Error(t.getMessage()): null

2018-07-13 12:57:46 - [TEST_STEP][PASSED] - Statement - e1.setStackTrace(t.getStackTrace()): null

2018-07-13 12:57:46 - [TEST_STEP][PASSED] - Statement - e1.printStackTrace(): null

2018-07-13 12:57:46 - [TEST_STEP][PASSED] - Start listener action : afterTestCase: Browser is closed

2018-07-13 12:57:46 - [TEST_STEP][PASSED] - switchToDefaultContent: Switching to default content

2018-07-13 12:57:46 - [TEST_STEP][PASSED] - Statement - com.kms.katalon.core.util.KeywordUtil.markWarning("Test Case Name : " + testCase.getTestCaseId()): Test Case Name : Test Cases/Buildings/MyPortfolios/AnalyticsHumanExperienceScoreTest

2018-07-13 12:57:46 - [MESSAGE][WARNING] - Test Case Name : Test Cases/Buildings/MyPortfolios/AnalyticsHumanExperienceScoreTest

2018-07-13 12:57:46 - [TEST_STEP][PASSED] - Statement - com.kms.katalon.core.util.KeywordUtil.markWarning("Test Case Status : " + testCase.getTestCaseStatus()): Test Case Status : FAILED

2018-07-13 12:57:46 - [MESSAGE][WARNING] - Test Case Status : FAILED

2018-07-13 12:57:46 - [TEST_STEP][PASSED] - Statement - If ("FAILED".equalsIgnoreCase(testCase.getTestCaseStatus())): Taking screenshot successfully

2018-07-13 12:57:46 - [TEST_STEP][PASSED] - Statement - println("Test case Fail taking Screenshot"): null

2018-07-13 12:57:46 - [TEST_STEP][PASSED] - Statement - Try: Taking screenshot successfully

2018-07-13 12:57:46 - [TEST_STEP][PASSED] - Statement - data = new java.util.Date(java.lang.System.currentTimeMillis()): null

2018-07-13 12:57:46 - [TEST_STEP][PASSED] - Statement - formatarDate = new java.text.SimpleDateFormat(yyyyMMddHHmmss): null

2018-07-13 12:57:47 - [TEST_STEP][PASSED] - takeScreenshot: Taking screenshot successfully

2018-07-13 12:57:47 - [MESSAGE][PASSED] - Taking screenshot successfully
[[ATTACHMENT|C:\\Users\\Group 10\\git\\KatalonStudio\\ArcWithKatalonStudio\\ScreenShot\\screenshot_20180713125746.png]]

2018-07-13 12:57:47 - [TEST_STEP][PASSED] - closeBrowser: Browser is closed

2018-07-13 12:57:48 - [MESSAGE][PASSED] - Browser is closed]]></system-out>
         <system-err><![CDATA[2018-07-13 12:56:28 - [TEST_CASE][FAILED] - Test Cases/Buildings/MyPortfolios/AnalyticsHumanExperienceScoreTest: Test Cases/Buildings/MyPortfolios/AnalyticsHumanExperienceScoreTest FAILED because (of) Unable to verify match between actual text 'US Building LEED v4 89013 Portfolio Con' and expected text 'US Building LEED v4 579692 Portfolio Con' (Root cause: Actual text 'US Building LEED v4 89013 Portfolio Con' and expected text 'US Building LEED v4 579692 Portfolio Con' are not matched)]]></system-err>
      </testcase>
      <testcase name="Test Cases/Buildings/MyPortfolios/AnalyticsHumExpDataTest" classname="Test Cases/Buildings/MyPortfolios/AnalyticsHumExpDataTest" status="PASSED">
         <system-out><![CDATA[2018-07-13 12:57:48 - [TEST_CASE][PASSED] - Test Cases/Buildings/MyPortfolios/AnalyticsHumExpDataTest: Test Cases/Buildings/MyPortfolios/AnalyticsHumExpDataTest

2018-07-13 12:57:48 - [TEST_STEP][PASSED] - Start listener action : beforeTestListener: com.arc.ReusableMethods.ReusableMethodsLogin.loginIntoArcWithGlobalVariable is PASSED

2018-07-13 12:57:48 - [TEST_STEP][PASSED] - com.arc.ReusableMethods.ReusableMethodsLogin.loginIntoArcWithGlobalVariable: com.arc.ReusableMethods.ReusableMethodsLogin.loginIntoArcWithGlobalVariable is PASSED

2018-07-13 12:57:57 - [MESSAGE][PASSED] - Browser is opened with url: 'http://www.stg.arconline.io/'

2018-07-13 12:57:58 - [MESSAGE][PASSED] - Current window maximized

2018-07-13 12:57:58 - [MESSAGE][PASSED] - Wait for page load successfully

2018-07-13 12:57:58 - [MESSAGE][PASSED] - Object: 'Object Repository/Page_Home  Arc/button_ACCEPT AND CLOSE' is clicked on

2018-07-13 12:57:58 - [MESSAGE][PASSED] - Object: 'Object Repository/Page_Home  Arc/Click_Log in' is clicked on

2018-07-13 12:57:59 - [MESSAGE][PASSED] - Text 'Saurav@groupten.com' is set on object 'Object Repository/Page_Home  Arc/input_name'

2018-07-13 12:57:59 - [MESSAGE][PASSED] - Text 'LEEDg10' is set on object 'Object Repository/Page_Home  Arc/input_pass'

2018-07-13 12:57:59 - [MESSAGE][PASSED] - Object: 'Object Repository/Page_Home  Arc/input_field_policy_accept' is clicked on

2018-07-13 12:58:18 - [MESSAGE][PASSED] - Object: 'Object Repository/Page_Home  Arc/button_Log in' is clicked on

2018-07-13 12:58:23 - [MESSAGE][PASSED] - Delayed 5 second(s)

2018-07-13 12:58:23 - [MESSAGE][PASSED] - Text of object 'Object Repository/Page_Arc dashboard/span_My Projects' is: 'My Projects'

2018-07-13 12:58:23 - [MESSAGE][PASSED] - Actual text 'My Projects' and expected text 'My Projects' are matched  using regular expression

2018-07-13 12:58:26 - [MESSAGE][PASSED] - Delayed 3 second(s)

2018-07-13 12:58:26 - [MESSAGE][PASSED] - com.arc.ReusableMethods.ReusableMethodsLogin.loginIntoArcWithGlobalVariable is PASSED

2018-07-13 12:58:26 - [TEST_STEP][PASSED] - Statement - Try: com.arc.ReusableMethods.ResuableMethodsPortfolio.humExpTransportationMetrics is PASSED

2018-07-13 12:58:26 - [TEST_STEP][PASSED] - com.arc.ReusableMethods.ReusableMethodsSearch.searchProgramPortfolio: com.arc.ReusableMethods.ReusableMethodsSearch.searchProgramPortfolio is PASSED

2018-07-13 12:58:28 - [MESSAGE][PASSED] - Delayed 2 second(s)

2018-07-13 12:58:29 - [MESSAGE][PASSED] - Object: 'Object Repository/Page_Arc dashboard/input_searchBar1' is clicked on

2018-07-13 12:58:29 - [MESSAGE][PASSED] - Text 'Building Portfolio 123321' is set on object 'Object Repository/Page_Arc dashboard/input_searchBar1'

2018-07-13 12:58:29 - [MESSAGE][PASSED] - Object: 'Object Repository/Page_Arc dashboard/input_searchBar1' is clicked on

2018-07-13 12:58:32 - [MESSAGE][PASSED] - Delayed 3 second(s)

2018-07-13 12:58:32 - [MESSAGE][PASSED] - Text of object 'Object Repository/Portfolio/Common/TNoPortfolio (1 portfolio)' is: 'Portfolio (1 portfolio)'

2018-07-13 12:58:32 - [MESSAGE][PASSED] - Actual text 'Portfolio (1 portfolio)' and expected text 'Portfolio (1 portfolio)' are matched 

2018-07-13 12:58:33 - [MESSAGE][PASSED] - Object: 'Object Repository/Page_Arc dashboard/search_Result' is clicked on

2018-07-13 12:58:38 - [MESSAGE][PASSED] - Delayed 5 second(s)

2018-07-13 12:58:38 - [MESSAGE][PASSED] - com.arc.ReusableMethods.ReusableMethodsSearch.searchProgramPortfolio is PASSED

2018-07-13 12:58:38 - [TEST_STEP][PASSED] - com.arc.ReusableMethods.ResuableMethodsPortfolio.humExpTransportationMetrics: com.arc.ReusableMethods.ResuableMethodsPortfolio.humExpTransportationMetrics is PASSED

2018-07-13 12:58:38 - [MESSAGE][PASSED] - Object: 'Object Repository/Page_Arc dashboard/a_Projects' is clicked on

2018-07-13 12:58:39 - [MESSAGE][PASSED] - Delayed 1 second(s)

2018-07-13 12:58:40 - [MESSAGE][PASSED] - Object: 'Object Repository/Portfolio/Goal/a_ Goals' is clicked on

2018-07-13 12:58:42 - [MESSAGE][PASSED] - Delayed 2 second(s)

2018-07-13 12:58:42 - [MESSAGE][PASSED] - Text of object 'Object Repository/Portfolio/Goal/HumanExpGoal' is: '10'

2018-07-13 12:58:42 - [MESSAGE][PASSED] - Text of object 'Object Repository/Portfolio/Total/humExpAvgScore' is: '7 avg. score'

2018-07-13 12:58:42 - [MESSAGE][PASSED] - Text of object 'Object Repository/Portfolio/Total/GHumExp' is: '7'

2018-07-13 12:58:42 - [MESSAGE][PASSED] - Object: 'Object Repository/Portfolio/Common/a_ Analytics' is clicked on

2018-07-13 12:58:44 - [MESSAGE][PASSED] - Delayed 2 second(s)

2018-07-13 12:58:44 - [MESSAGE][PASSED] - Object: 'Object Repository/Portfolio/Common/a_ Total' is clicked on

2018-07-13 12:58:49 - [MESSAGE][PASSED] - Delayed 5 second(s)

2018-07-13 12:58:49 - [MESSAGE][PASSED] - Text of object 'Object Repository/Portfolio/Total/AvgOccupaintSatisfaction' is: '3.70'

2018-07-13 12:58:50 - [MESSAGE][PASSED] - Object: 'Object Repository/Portfolio/Common/a_ Human Experience' is clicked on

2018-07-13 12:58:55 - [MESSAGE][PASSED] - Delayed 5 second(s)

2018-07-13 12:58:55 - [MESSAGE][PASSED] - Text of object 'Object Repository/Portfolio/Total/AGoalHumExp' is: '10'

2018-07-13 12:58:55 - [MESSAGE][PASSED] - Text of object 'Object Repository/Portfolio/Total/humExpAvgScore' is: '7 avg. score'

2018-07-13 12:58:55 - [MESSAGE][PASSED] - Text of object 'Object Repository/Portfolio/Total/AhumExpAvgSatisfaction' is: '3.7000'

2018-07-13 12:58:55 - [MESSAGE][PASSED] - Text of object 'Object Repository/Portfolio/Total/AvgHumanExp' is: '7'

2018-07-13 12:58:55 - [MESSAGE][PASSED] - com.arc.ReusableMethods.ResuableMethodsPortfolio.humExpTransportationMetrics is PASSED

2018-07-13 12:58:55 - [TEST_STEP][PASSED] - Start listener action : afterTestCase: Browser is closed

2018-07-13 12:58:55 - [TEST_STEP][PASSED] - switchToDefaultContent: Switching to default content

2018-07-13 12:58:55 - [TEST_STEP][PASSED] - Statement - com.kms.katalon.core.util.KeywordUtil.markWarning("Test Case Name : " + testCase.getTestCaseId()): Test Case Name : Test Cases/Buildings/MyPortfolios/AnalyticsHumExpDataTest

2018-07-13 12:58:55 - [MESSAGE][WARNING] - Test Case Name : Test Cases/Buildings/MyPortfolios/AnalyticsHumExpDataTest

2018-07-13 12:58:55 - [TEST_STEP][PASSED] - Statement - com.kms.katalon.core.util.KeywordUtil.markWarning("Test Case Status : " + testCase.getTestCaseStatus()): Test Case Status : PASSED

2018-07-13 12:58:55 - [MESSAGE][WARNING] - Test Case Status : PASSED

2018-07-13 12:58:55 - [TEST_STEP][PASSED] - Statement - If ("FAILED".equalsIgnoreCase(testCase.getTestCaseStatus())): null

2018-07-13 12:58:55 - [TEST_STEP][PASSED] - closeBrowser: Browser is closed

2018-07-13 12:58:56 - [MESSAGE][PASSED] - Browser is closed]]></system-out>
         <system-err><![CDATA[]]></system-err>
      </testcase>
      <testcase name="Test Cases/Buildings/MyPortfolios/AnalyticsTransportationScoreTest" classname="Test Cases/Buildings/MyPortfolios/AnalyticsTransportationScoreTest" status="FAILED">
         <failure type="FAILED" message="Unable to verify match between actual text 'US Building LEED v4 695583 Portfolio Con' and expected text 'US Building LEED v4 6473 Portfolio Con' (Root cause: Actual text 'US Building LEED v4 695583 Portfolio Con' and expected text 'US Building LEED v4 6473 Portfolio Con' are not matched)"/>
         <system-out><![CDATA[2018-07-13 12:58:56 - [TEST_CASE][FAILED] - Test Cases/Buildings/MyPortfolios/AnalyticsTransportationScoreTest: Test Cases/Buildings/MyPortfolios/AnalyticsTransportationScoreTest FAILED because (of) Unable to verify match between actual text 'US Building LEED v4 695583 Portfolio Con' and expected text 'US Building LEED v4 6473 Portfolio Con' (Root cause: Actual text 'US Building LEED v4 695583 Portfolio Con' and expected text 'US Building LEED v4 6473 Portfolio Con' are not matched)

2018-07-13 12:58:56 - [TEST_STEP][PASSED] - Start listener action : beforeTestListener: com.arc.ReusableMethods.ReusableMethodsLogin.loginIntoArcWithGlobalVariable is PASSED

2018-07-13 12:58:56 - [TEST_STEP][PASSED] - com.arc.ReusableMethods.ReusableMethodsLogin.loginIntoArcWithGlobalVariable: com.arc.ReusableMethods.ReusableMethodsLogin.loginIntoArcWithGlobalVariable is PASSED

2018-07-13 12:59:05 - [MESSAGE][PASSED] - Browser is opened with url: 'http://www.stg.arconline.io/'

2018-07-13 12:59:06 - [MESSAGE][PASSED] - Current window maximized

2018-07-13 12:59:06 - [MESSAGE][PASSED] - Wait for page load successfully

2018-07-13 12:59:06 - [MESSAGE][PASSED] - Object: 'Object Repository/Page_Home  Arc/button_ACCEPT AND CLOSE' is clicked on

2018-07-13 12:59:06 - [MESSAGE][PASSED] - Object: 'Object Repository/Page_Home  Arc/Click_Log in' is clicked on

2018-07-13 12:59:07 - [MESSAGE][PASSED] - Text 'Saurav@groupten.com' is set on object 'Object Repository/Page_Home  Arc/input_name'

2018-07-13 12:59:07 - [MESSAGE][PASSED] - Text 'LEEDg10' is set on object 'Object Repository/Page_Home  Arc/input_pass'

2018-07-13 12:59:07 - [MESSAGE][PASSED] - Object: 'Object Repository/Page_Home  Arc/input_field_policy_accept' is clicked on

2018-07-13 12:59:20 - [MESSAGE][PASSED] - Object: 'Object Repository/Page_Home  Arc/button_Log in' is clicked on

2018-07-13 12:59:25 - [MESSAGE][PASSED] - Delayed 5 second(s)

2018-07-13 12:59:25 - [MESSAGE][PASSED] - Text of object 'Object Repository/Page_Arc dashboard/span_My Projects' is: 'My Projects'

2018-07-13 12:59:25 - [MESSAGE][PASSED] - Actual text 'My Projects' and expected text 'My Projects' are matched  using regular expression

2018-07-13 12:59:28 - [MESSAGE][PASSED] - Delayed 3 second(s)

2018-07-13 12:59:28 - [MESSAGE][PASSED] - com.arc.ReusableMethods.ReusableMethodsLogin.loginIntoArcWithGlobalVariable is PASSED

2018-07-13 12:59:28 - [TEST_STEP][FAILED] - Statement - Try: Unable to verify match between actual text 'US Building LEED v4 695583 Portfolio Con' and expected text 'US Building LEED v4 6473 Portfolio Con' (Root cause: Actual text 'US Building LEED v4 695583 Portfolio Con' and expected text 'US Building LEED v4 6473 Portfolio Con' are not matched)

2018-07-13 12:59:28 - [TEST_STEP][PASSED] - com.arc.ReusableMethods.ReusableMethodsSearch.searchProgramPortfolio: com.arc.ReusableMethods.ReusableMethodsSearch.searchProgramPortfolio is PASSED

2018-07-13 12:59:30 - [MESSAGE][PASSED] - Delayed 2 second(s)

2018-07-13 12:59:30 - [MESSAGE][PASSED] - Object: 'Object Repository/Page_Arc dashboard/input_searchBar1' is clicked on

2018-07-13 12:59:30 - [MESSAGE][PASSED] - Text 'Building Portfolio 123321' is set on object 'Object Repository/Page_Arc dashboard/input_searchBar1'

2018-07-13 12:59:31 - [MESSAGE][PASSED] - Object: 'Object Repository/Page_Arc dashboard/input_searchBar1' is clicked on

2018-07-13 12:59:34 - [MESSAGE][PASSED] - Delayed 3 second(s)

2018-07-13 12:59:34 - [MESSAGE][PASSED] - Text of object 'Object Repository/Portfolio/Common/TNoPortfolio (1 portfolio)' is: 'Portfolio (1 portfolio)'

2018-07-13 12:59:34 - [MESSAGE][PASSED] - Actual text 'Portfolio (1 portfolio)' and expected text 'Portfolio (1 portfolio)' are matched 

2018-07-13 12:59:34 - [MESSAGE][PASSED] - Object: 'Object Repository/Page_Arc dashboard/search_Result' is clicked on

2018-07-13 12:59:39 - [MESSAGE][PASSED] - Delayed 5 second(s)

2018-07-13 12:59:39 - [MESSAGE][PASSED] - com.arc.ReusableMethods.ReusableMethodsSearch.searchProgramPortfolio is PASSED

2018-07-13 12:59:39 - [TEST_STEP][FAILED] - com.arc.ReusableMethods.ResuableMethodsPortfolio.analyticsTransportScore: Unable to verify match between actual text 'US Building LEED v4 695583 Portfolio Con' and expected text 'US Building LEED v4 6473 Portfolio Con' (Root cause: Actual text 'US Building LEED v4 695583 Portfolio Con' and expected text 'US Building LEED v4 6473 Portfolio Con' are not matched)

2018-07-13 12:59:39 - [MESSAGE][PASSED] - Object: 'Object Repository/Page_Arc dashboard/a_Projects' is clicked on

2018-07-13 12:59:40 - [MESSAGE][PASSED] - Delayed 1 second(s)

2018-07-13 12:59:40 - [MESSAGE][PASSED] - Object: 'Object Repository/Portfolio/Common/a_ Analytics' is clicked on

2018-07-13 12:59:42 - [MESSAGE][PASSED] - Delayed 2 second(s)

2018-07-13 12:59:43 - [MESSAGE][PASSED] - Object: 'Object Repository/Portfolio/Common/a_ Transportation' is clicked on

2018-07-13 12:59:48 - [MESSAGE][PASSED] - Delayed 5 second(s)

2018-07-13 12:59:48 - [MESSAGE][PASSED] - Text of object 'Object Repository/Portfolio/Common/HighestScore ' is: '14'

2018-07-13 12:59:48 - [MESSAGE][PASSED] - Actual text '14' and expected text '14' are matched 

2018-07-13 12:59:48 - [MESSAGE][PASSED] - Text of object 'Object Repository/Portfolio/Common/AverageScore' is: '5'

2018-07-13 12:59:48 - [MESSAGE][PASSED] - Actual text '5' and expected text '5' are matched 

2018-07-13 12:59:48 - [MESSAGE][PASSED] - Text of object 'Object Repository/Portfolio/Common/LowestScore ' is: '0'

2018-07-13 12:59:48 - [MESSAGE][PASSED] - Actual text '0' and expected text '0' are matched 

2018-07-13 12:59:48 - [MESSAGE][PASSED] - Object: 'Object Repository/Portfolio/Common/span_Lowest 5 Performers' is clicked on

2018-07-13 12:59:50 - [MESSAGE][PASSED] - Delayed 2 second(s)

2018-07-13 12:59:50 - [MESSAGE][PASSED] - Object: 'Object Repository/Portfolio/Common/a_Top 5 Performers' is clicked on

2018-07-13 12:59:55 - [MESSAGE][PASSED] - Delayed 5 second(s)

2018-07-13 12:59:55 - [MESSAGE][PASSED] - Text of object 'Object Repository/Portfolio/TranHum/FProjectName1' is: 'US Building LEED v4 695583 Portfolio Con'

2018-07-13 12:59:55 - [MESSAGE][FAILED] - Unable to verify match between actual text 'US Building LEED v4 695583 Portfolio Con' and expected text 'US Building LEED v4 6473 Portfolio Con' (Root cause: Actual text 'US Building LEED v4 695583 Portfolio Con' and expected text 'US Building LEED v4 6473 Portfolio Con' are not matched)

2018-07-13 12:59:55 - [MESSAGE][FAILED] - Unable to verify match between actual text 'US Building LEED v4 695583 Portfolio Con' and expected text 'US Building LEED v4 6473 Portfolio Con' (Root cause: Actual text 'US Building LEED v4 695583 Portfolio Con' and expected text 'US Building LEED v4 6473 Portfolio Con' are not matched)

2018-07-13 12:59:55 - [TEST_STEP][PASSED] - Statement - Catch (Throwable t): null

2018-07-13 12:59:55 - [TEST_STEP][PASSED] - Statement - out.println(t.getLocalizedMessage()): null

2018-07-13 12:59:55 - [TEST_STEP][PASSED] - Statement - e1 = new java.lang.Error(t.getMessage()): null

2018-07-13 12:59:55 - [TEST_STEP][PASSED] - Statement - e1.setStackTrace(t.getStackTrace()): null

2018-07-13 12:59:55 - [TEST_STEP][PASSED] - Statement - e1.printStackTrace(): null

2018-07-13 12:59:55 - [TEST_STEP][PASSED] - Start listener action : afterTestCase: Browser is closed

2018-07-13 12:59:55 - [TEST_STEP][PASSED] - switchToDefaultContent: Switching to default content

2018-07-13 12:59:55 - [TEST_STEP][PASSED] - Statement - com.kms.katalon.core.util.KeywordUtil.markWarning("Test Case Name : " + testCase.getTestCaseId()): Test Case Name : Test Cases/Buildings/MyPortfolios/AnalyticsTransportationScoreTest

2018-07-13 12:59:55 - [MESSAGE][WARNING] - Test Case Name : Test Cases/Buildings/MyPortfolios/AnalyticsTransportationScoreTest

2018-07-13 12:59:55 - [TEST_STEP][PASSED] - Statement - com.kms.katalon.core.util.KeywordUtil.markWarning("Test Case Status : " + testCase.getTestCaseStatus()): Test Case Status : FAILED

2018-07-13 12:59:55 - [MESSAGE][WARNING] - Test Case Status : FAILED

2018-07-13 12:59:55 - [TEST_STEP][PASSED] - Statement - If ("FAILED".equalsIgnoreCase(testCase.getTestCaseStatus())): Taking screenshot successfully

2018-07-13 12:59:55 - [TEST_STEP][PASSED] - Statement - println("Test case Fail taking Screenshot"): null

2018-07-13 12:59:55 - [TEST_STEP][PASSED] - Statement - Try: Taking screenshot successfully

2018-07-13 12:59:55 - [TEST_STEP][PASSED] - Statement - data = new java.util.Date(java.lang.System.currentTimeMillis()): null

2018-07-13 12:59:55 - [TEST_STEP][PASSED] - Statement - formatarDate = new java.text.SimpleDateFormat(yyyyMMddHHmmss): null

2018-07-13 12:59:56 - [TEST_STEP][PASSED] - takeScreenshot: Taking screenshot successfully

2018-07-13 12:59:56 - [MESSAGE][PASSED] - Taking screenshot successfully
[[ATTACHMENT|C:\\Users\\Group 10\\git\\KatalonStudio\\ArcWithKatalonStudio\\ScreenShot\\screenshot_20180713125955.png]]

2018-07-13 12:59:56 - [TEST_STEP][PASSED] - closeBrowser: Browser is closed

2018-07-13 12:59:57 - [MESSAGE][PASSED] - Browser is closed]]></system-out>
         <system-err><![CDATA[2018-07-13 12:58:56 - [TEST_CASE][FAILED] - Test Cases/Buildings/MyPortfolios/AnalyticsTransportationScoreTest: Test Cases/Buildings/MyPortfolios/AnalyticsTransportationScoreTest FAILED because (of) Unable to verify match between actual text 'US Building LEED v4 695583 Portfolio Con' and expected text 'US Building LEED v4 6473 Portfolio Con' (Root cause: Actual text 'US Building LEED v4 695583 Portfolio Con' and expected text 'US Building LEED v4 6473 Portfolio Con' are not matched)]]></system-err>
      </testcase>
      <testcase name="Test Cases/Buildings/MyPortfolios/AnalyticsTransportDataTest" classname="Test Cases/Buildings/MyPortfolios/AnalyticsTransportDataTest" status="PASSED">
         <system-out><![CDATA[2018-07-13 12:59:57 - [TEST_CASE][PASSED] - Test Cases/Buildings/MyPortfolios/AnalyticsTransportDataTest: Test Cases/Buildings/MyPortfolios/AnalyticsTransportDataTest

2018-07-13 12:59:57 - [TEST_STEP][PASSED] - Start listener action : beforeTestListener: com.arc.ReusableMethods.ReusableMethodsLogin.loginIntoArcWithGlobalVariable is PASSED

2018-07-13 12:59:57 - [TEST_STEP][PASSED] - com.arc.ReusableMethods.ReusableMethodsLogin.loginIntoArcWithGlobalVariable: com.arc.ReusableMethods.ReusableMethodsLogin.loginIntoArcWithGlobalVariable is PASSED

2018-07-13 13:00:06 - [MESSAGE][PASSED] - Browser is opened with url: 'http://www.stg.arconline.io/'

2018-07-13 13:00:07 - [MESSAGE][PASSED] - Current window maximized

2018-07-13 13:00:07 - [MESSAGE][PASSED] - Wait for page load successfully

2018-07-13 13:00:07 - [MESSAGE][PASSED] - Object: 'Object Repository/Page_Home  Arc/button_ACCEPT AND CLOSE' is clicked on

2018-07-13 13:00:07 - [MESSAGE][PASSED] - Object: 'Object Repository/Page_Home  Arc/Click_Log in' is clicked on

2018-07-13 13:00:08 - [MESSAGE][PASSED] - Text 'Saurav@groupten.com' is set on object 'Object Repository/Page_Home  Arc/input_name'

2018-07-13 13:00:08 - [MESSAGE][PASSED] - Text 'LEEDg10' is set on object 'Object Repository/Page_Home  Arc/input_pass'

2018-07-13 13:00:09 - [MESSAGE][PASSED] - Object: 'Object Repository/Page_Home  Arc/input_field_policy_accept' is clicked on

2018-07-13 13:00:22 - [MESSAGE][PASSED] - Object: 'Object Repository/Page_Home  Arc/button_Log in' is clicked on

2018-07-13 13:00:27 - [MESSAGE][PASSED] - Delayed 5 second(s)

2018-07-13 13:00:27 - [MESSAGE][PASSED] - Text of object 'Object Repository/Page_Arc dashboard/span_My Projects' is: 'My Projects'

2018-07-13 13:00:27 - [MESSAGE][PASSED] - Actual text 'My Projects' and expected text 'My Projects' are matched  using regular expression

2018-07-13 13:00:30 - [MESSAGE][PASSED] - Delayed 3 second(s)

2018-07-13 13:00:30 - [MESSAGE][PASSED] - com.arc.ReusableMethods.ReusableMethodsLogin.loginIntoArcWithGlobalVariable is PASSED

2018-07-13 13:00:30 - [TEST_STEP][PASSED] - Statement - Try: com.arc.ReusableMethods.ResuableMethodsPortfolio.transprtTransportationMetrics is PASSED

2018-07-13 13:00:30 - [TEST_STEP][PASSED] - com.arc.ReusableMethods.ReusableMethodsSearch.searchProgramPortfolio: com.arc.ReusableMethods.ReusableMethodsSearch.searchProgramPortfolio is PASSED

2018-07-13 13:00:32 - [MESSAGE][PASSED] - Delayed 2 second(s)

2018-07-13 13:00:32 - [MESSAGE][PASSED] - Object: 'Object Repository/Page_Arc dashboard/input_searchBar1' is clicked on

2018-07-13 13:00:32 - [MESSAGE][PASSED] - Text 'Building Portfolio 123321' is set on object 'Object Repository/Page_Arc dashboard/input_searchBar1'

2018-07-13 13:00:33 - [MESSAGE][PASSED] - Object: 'Object Repository/Page_Arc dashboard/input_searchBar1' is clicked on

2018-07-13 13:00:36 - [MESSAGE][PASSED] - Delayed 3 second(s)

2018-07-13 13:00:36 - [MESSAGE][PASSED] - Text of object 'Object Repository/Portfolio/Common/TNoPortfolio (1 portfolio)' is: 'Portfolio (1 portfolio)'

2018-07-13 13:00:36 - [MESSAGE][PASSED] - Actual text 'Portfolio (1 portfolio)' and expected text 'Portfolio (1 portfolio)' are matched 

2018-07-13 13:00:36 - [MESSAGE][PASSED] - Object: 'Object Repository/Page_Arc dashboard/search_Result' is clicked on

2018-07-13 13:00:41 - [MESSAGE][PASSED] - Delayed 5 second(s)

2018-07-13 13:00:41 - [MESSAGE][PASSED] - com.arc.ReusableMethods.ReusableMethodsSearch.searchProgramPortfolio is PASSED

2018-07-13 13:00:41 - [TEST_STEP][PASSED] - com.arc.ReusableMethods.ResuableMethodsPortfolio.transprtTransportationMetrics: com.arc.ReusableMethods.ResuableMethodsPortfolio.transprtTransportationMetrics is PASSED

2018-07-13 13:00:41 - [MESSAGE][PASSED] - Object: 'Object Repository/Page_Arc dashboard/a_Projects' is clicked on

2018-07-13 13:00:42 - [MESSAGE][PASSED] - Delayed 1 second(s)

2018-07-13 13:00:42 - [MESSAGE][PASSED] - Object: 'Object Repository/Portfolio/Common/a_ Analytics' is clicked on

2018-07-13 13:00:44 - [MESSAGE][PASSED] - Delayed 2 second(s)

2018-07-13 13:00:45 - [MESSAGE][PASSED] - Object: 'Object Repository/Portfolio/Common/a_ Total' is clicked on

2018-07-13 13:00:50 - [MESSAGE][PASSED] - Delayed 5 second(s)

2018-07-13 13:00:50 - [MESSAGE][PASSED] - Text of object 'Object Repository/Portfolio/Total/Lessthan50000' is: '9'

2018-07-13 13:00:50 - [MESSAGE][PASSED] - Text of object 'Object Repository/Portfolio/Total/Lessthan250000' is: '0'

2018-07-13 13:00:50 - [MESSAGE][PASSED] - Text of object 'Object Repository/Portfolio/Total/Lessthan500000' is: '0'

2018-07-13 13:00:50 - [MESSAGE][PASSED] - Text of object 'Object Repository/Portfolio/Total/Lessthan1000000' is: '1'

2018-07-13 13:00:50 - [MESSAGE][PASSED] - Text of object 'Object Repository/Portfolio/Total/Morethan1000000' is: '0'

2018-07-13 13:00:50 - [MESSAGE][PASSED] - Text of object 'Object Repository/Portfolio/Total/TransportDaliyAvg' is: '3.68'

2018-07-13 13:00:50 - [MESSAGE][PASSED] - Text of object 'Object Repository/Portfolio/Total/AOccupanit' is: '123 occupants'

2018-07-13 13:00:50 - [MESSAGE][PASSED] - Text of object 'Object Repository/Portfolio/Total/AvgSqaurefoot' is: '51802 sf'

2018-07-13 13:00:51 - [MESSAGE][PASSED] - Object: 'Object Repository/Portfolio/Common/a_ Transportation' is clicked on

2018-07-13 13:00:56 - [MESSAGE][PASSED] - Delayed 5 second(s)

2018-07-13 13:00:56 - [MESSAGE][PASSED] - Text of object 'Object Repository/Portfolio/Total/TransprotAvgEmissionOccpint' is: '0.0299'

2018-07-13 13:00:56 - [MESSAGE][PASSED] - Text of object 'Object Repository/Portfolio/Total/TransportAvgDistOccupaint' is: '0.0001'

2018-07-13 13:00:56 - [MESSAGE][PASSED] - com.arc.ReusableMethods.ResuableMethodsPortfolio.transprtTransportationMetrics is PASSED

2018-07-13 13:00:56 - [TEST_STEP][PASSED] - Start listener action : afterTestCase: Browser is closed

2018-07-13 13:00:56 - [TEST_STEP][PASSED] - switchToDefaultContent: Switching to default content

2018-07-13 13:00:56 - [TEST_STEP][PASSED] - Statement - com.kms.katalon.core.util.KeywordUtil.markWarning("Test Case Name : " + testCase.getTestCaseId()): Test Case Name : Test Cases/Buildings/MyPortfolios/AnalyticsTransportDataTest

2018-07-13 13:00:56 - [MESSAGE][WARNING] - Test Case Name : Test Cases/Buildings/MyPortfolios/AnalyticsTransportDataTest

2018-07-13 13:00:56 - [TEST_STEP][PASSED] - Statement - com.kms.katalon.core.util.KeywordUtil.markWarning("Test Case Status : " + testCase.getTestCaseStatus()): Test Case Status : PASSED

2018-07-13 13:00:56 - [MESSAGE][WARNING] - Test Case Status : PASSED

2018-07-13 13:00:56 - [TEST_STEP][PASSED] - Statement - If ("FAILED".equalsIgnoreCase(testCase.getTestCaseStatus())): null

2018-07-13 13:00:56 - [TEST_STEP][PASSED] - closeBrowser: Browser is closed

2018-07-13 13:00:57 - [MESSAGE][PASSED] - Browser is closed]]></system-out>
         <system-err><![CDATA[]]></system-err>
      </testcase>
      <testcase name="Test Cases/Buildings/MyPortfolios/AnalyticsWaterDataTest" classname="Test Cases/Buildings/MyPortfolios/AnalyticsWaterDataTest" status="PASSED">
         <system-out><![CDATA[2018-07-13 13:00:57 - [TEST_CASE][PASSED] - Test Cases/Buildings/MyPortfolios/AnalyticsWaterDataTest: Test Cases/Buildings/MyPortfolios/AnalyticsWaterDataTest

2018-07-13 13:00:57 - [TEST_STEP][PASSED] - Start listener action : beforeTestListener: com.arc.ReusableMethods.ReusableMethodsLogin.loginIntoArcWithGlobalVariable is PASSED

2018-07-13 13:00:57 - [TEST_STEP][PASSED] - com.arc.ReusableMethods.ReusableMethodsLogin.loginIntoArcWithGlobalVariable: com.arc.ReusableMethods.ReusableMethodsLogin.loginIntoArcWithGlobalVariable is PASSED

2018-07-13 13:01:07 - [MESSAGE][PASSED] - Browser is opened with url: 'http://www.stg.arconline.io/'

2018-07-13 13:01:08 - [MESSAGE][PASSED] - Current window maximized

2018-07-13 13:01:08 - [MESSAGE][PASSED] - Wait for page load successfully

2018-07-13 13:01:08 - [MESSAGE][PASSED] - Object: 'Object Repository/Page_Home  Arc/button_ACCEPT AND CLOSE' is clicked on

2018-07-13 13:01:08 - [MESSAGE][PASSED] - Object: 'Object Repository/Page_Home  Arc/Click_Log in' is clicked on

2018-07-13 13:01:09 - [MESSAGE][PASSED] - Text 'Saurav@groupten.com' is set on object 'Object Repository/Page_Home  Arc/input_name'

2018-07-13 13:01:09 - [MESSAGE][PASSED] - Text 'LEEDg10' is set on object 'Object Repository/Page_Home  Arc/input_pass'

2018-07-13 13:01:09 - [MESSAGE][PASSED] - Object: 'Object Repository/Page_Home  Arc/input_field_policy_accept' is clicked on

2018-07-13 13:01:21 - [MESSAGE][PASSED] - Object: 'Object Repository/Page_Home  Arc/button_Log in' is clicked on

2018-07-13 13:01:26 - [MESSAGE][PASSED] - Delayed 5 second(s)

2018-07-13 13:01:27 - [MESSAGE][PASSED] - Text of object 'Object Repository/Page_Arc dashboard/span_My Projects' is: 'My Projects'

2018-07-13 13:01:27 - [MESSAGE][PASSED] - Actual text 'My Projects' and expected text 'My Projects' are matched  using regular expression

2018-07-13 13:01:30 - [MESSAGE][PASSED] - Delayed 3 second(s)

2018-07-13 13:01:30 - [MESSAGE][PASSED] - com.arc.ReusableMethods.ReusableMethodsLogin.loginIntoArcWithGlobalVariable is PASSED

2018-07-13 13:01:30 - [TEST_STEP][PASSED] - Statement - Try: com.arc.ReusableMethods.ResuableMethodsPortfolio.waterConsumptionTest is PASSED

2018-07-13 13:01:30 - [TEST_STEP][PASSED] - com.arc.ReusableMethods.ReusableMethodsSearch.searchProgramPortfolio: com.arc.ReusableMethods.ReusableMethodsSearch.searchProgramPortfolio is PASSED

2018-07-13 13:01:32 - [MESSAGE][PASSED] - Delayed 2 second(s)

2018-07-13 13:01:32 - [MESSAGE][PASSED] - Object: 'Object Repository/Page_Arc dashboard/input_searchBar1' is clicked on

2018-07-13 13:01:32 - [MESSAGE][PASSED] - Text 'Building Portfolio 123321' is set on object 'Object Repository/Page_Arc dashboard/input_searchBar1'

2018-07-13 13:01:32 - [MESSAGE][PASSED] - Object: 'Object Repository/Page_Arc dashboard/input_searchBar1' is clicked on

2018-07-13 13:01:35 - [MESSAGE][PASSED] - Delayed 3 second(s)

2018-07-13 13:01:35 - [MESSAGE][PASSED] - Text of object 'Object Repository/Portfolio/Common/TNoPortfolio (1 portfolio)' is: 'Portfolio (1 portfolio)'

2018-07-13 13:01:35 - [MESSAGE][PASSED] - Actual text 'Portfolio (1 portfolio)' and expected text 'Portfolio (1 portfolio)' are matched 

2018-07-13 13:01:36 - [MESSAGE][PASSED] - Object: 'Object Repository/Page_Arc dashboard/search_Result' is clicked on

2018-07-13 13:01:41 - [MESSAGE][PASSED] - Delayed 5 second(s)

2018-07-13 13:01:41 - [MESSAGE][PASSED] - com.arc.ReusableMethods.ReusableMethodsSearch.searchProgramPortfolio is PASSED

2018-07-13 13:01:41 - [TEST_STEP][PASSED] - com.arc.ReusableMethods.ResuableMethodsPortfolio.waterConsumptionTest: com.arc.ReusableMethods.ResuableMethodsPortfolio.waterConsumptionTest is PASSED

2018-07-13 13:01:41 - [MESSAGE][PASSED] - Object: 'Object Repository/Page_Arc dashboard/a_Projects' is clicked on

2018-07-13 13:01:42 - [MESSAGE][PASSED] - Delayed 1 second(s)

2018-07-13 13:01:42 - [MESSAGE][PASSED] - Object: 'Object Repository/Portfolio/Common/a_ Analytics' is clicked on

2018-07-13 13:01:44 - [MESSAGE][PASSED] - Delayed 2 second(s)

2018-07-13 13:01:44 - [MESSAGE][PASSED] - Object: 'Object Repository/Portfolio/Common/a_ Total' is clicked on

2018-07-13 13:01:49 - [MESSAGE][PASSED] - Delayed 5 second(s)

2018-07-13 13:01:50 - [MESSAGE][PASSED] - Text of object 'Object Repository/Portfolio/Total/Lessthan50000' is: '9'

2018-07-13 13:01:50 - [MESSAGE][PASSED] - Text of object 'Object Repository/Portfolio/Total/Lessthan250000' is: '0'

2018-07-13 13:01:50 - [MESSAGE][PASSED] - Text of object 'Object Repository/Portfolio/Total/Lessthan500000' is: '0'

2018-07-13 13:01:50 - [MESSAGE][PASSED] - Text of object 'Object Repository/Portfolio/Total/Lessthan1000000' is: '1'

2018-07-13 13:01:50 - [MESSAGE][PASSED] - Text of object 'Object Repository/Portfolio/Total/Morethan1000000' is: '0'

2018-07-13 13:01:50 - [MESSAGE][PASSED] - Text of object 'Object Repository/Portfolio/Total/AnnualWaterConsuption' is: '0'

2018-07-13 13:01:50 - [MESSAGE][PASSED] - Text of object 'Object Repository/Portfolio/Total/AOccupanit' is: '123 occupants'

2018-07-13 13:01:50 - [MESSAGE][PASSED] - Text of object 'Object Repository/Portfolio/Total/AvgSqaurefoot' is: '51802 sf'

2018-07-13 13:01:50 - [MESSAGE][PASSED] - Object: 'Object Repository/Portfolio/Common/a_ Water' is clicked on

2018-07-13 13:01:55 - [MESSAGE][PASSED] - Delayed 5 second(s)

2018-07-13 13:01:55 - [MESSAGE][PASSED] - Text of object 'Object Repository/Portfolio/Total/WaterGoal' is: '50%'

2018-07-13 13:01:55 - [MESSAGE][PASSED] - Text of object 'Object Repository/Portfolio/Total/RTarget' is: '0.00'

2018-07-13 13:01:55 - [MESSAGE][PASSED] - Text of object 'Object Repository/Portfolio/Total/AverageOccpantGallons' is: '0.0000'

2018-07-13 13:01:55 - [MESSAGE][PASSED] - Text of object 'Object Repository/Portfolio/Total/AverageSquareFootGallons' is: '0.0000'

2018-07-13 13:01:55 - [MESSAGE][PASSED] - com.arc.ReusableMethods.ResuableMethodsPortfolio.waterConsumptionTest is PASSED

2018-07-13 13:01:55 - [TEST_STEP][PASSED] - Start listener action : afterTestCase: Browser is closed

2018-07-13 13:01:55 - [TEST_STEP][PASSED] - switchToDefaultContent: Switching to default content

2018-07-13 13:01:55 - [TEST_STEP][PASSED] - Statement - com.kms.katalon.core.util.KeywordUtil.markWarning("Test Case Name : " + testCase.getTestCaseId()): Test Case Name : Test Cases/Buildings/MyPortfolios/AnalyticsWaterDataTest

2018-07-13 13:01:55 - [MESSAGE][WARNING] - Test Case Name : Test Cases/Buildings/MyPortfolios/AnalyticsWaterDataTest

2018-07-13 13:01:55 - [TEST_STEP][PASSED] - Statement - com.kms.katalon.core.util.KeywordUtil.markWarning("Test Case Status : " + testCase.getTestCaseStatus()): Test Case Status : PASSED

2018-07-13 13:01:55 - [MESSAGE][WARNING] - Test Case Status : PASSED

2018-07-13 13:01:55 - [TEST_STEP][PASSED] - Statement - If ("FAILED".equalsIgnoreCase(testCase.getTestCaseStatus())): null

2018-07-13 13:01:55 - [TEST_STEP][PASSED] - closeBrowser: Browser is closed

2018-07-13 13:01:56 - [MESSAGE][PASSED] - Browser is closed]]></system-out>
         <system-err><![CDATA[]]></system-err>
      </testcase>
      <testcase name="Test Cases/Buildings/MyPortfolios/GoalCertificationTest" classname="Test Cases/Buildings/MyPortfolios/GoalCertificationTest" status="PASSED">
         <system-out><![CDATA[2018-07-13 13:01:56 - [TEST_CASE][PASSED] - Test Cases/Buildings/MyPortfolios/GoalCertificationTest: Test Cases/Buildings/MyPortfolios/GoalCertificationTest

2018-07-13 13:01:56 - [TEST_STEP][PASSED] - Start listener action : beforeTestListener: com.arc.ReusableMethods.ReusableMethodsLogin.loginIntoArcWithGlobalVariable is PASSED

2018-07-13 13:01:56 - [TEST_STEP][PASSED] - com.arc.ReusableMethods.ReusableMethodsLogin.loginIntoArcWithGlobalVariable: com.arc.ReusableMethods.ReusableMethodsLogin.loginIntoArcWithGlobalVariable is PASSED

2018-07-13 13:02:05 - [MESSAGE][PASSED] - Browser is opened with url: 'http://www.stg.arconline.io/'

2018-07-13 13:02:06 - [MESSAGE][PASSED] - Current window maximized

2018-07-13 13:02:06 - [MESSAGE][PASSED] - Wait for page load successfully

2018-07-13 13:02:06 - [MESSAGE][PASSED] - Object: 'Object Repository/Page_Home  Arc/button_ACCEPT AND CLOSE' is clicked on

2018-07-13 13:02:06 - [MESSAGE][PASSED] - Object: 'Object Repository/Page_Home  Arc/Click_Log in' is clicked on

2018-07-13 13:02:08 - [MESSAGE][PASSED] - Text 'Saurav@groupten.com' is set on object 'Object Repository/Page_Home  Arc/input_name'

2018-07-13 13:02:08 - [MESSAGE][PASSED] - Text 'LEEDg10' is set on object 'Object Repository/Page_Home  Arc/input_pass'

2018-07-13 13:02:08 - [MESSAGE][PASSED] - Object: 'Object Repository/Page_Home  Arc/input_field_policy_accept' is clicked on

2018-07-13 13:02:23 - [MESSAGE][PASSED] - Object: 'Object Repository/Page_Home  Arc/button_Log in' is clicked on

2018-07-13 13:02:28 - [MESSAGE][PASSED] - Delayed 5 second(s)

2018-07-13 13:02:28 - [MESSAGE][PASSED] - Text of object 'Object Repository/Page_Arc dashboard/span_My Projects' is: 'My Projects'

2018-07-13 13:02:28 - [MESSAGE][PASSED] - Actual text 'My Projects' and expected text 'My Projects' are matched  using regular expression

2018-07-13 13:02:31 - [MESSAGE][PASSED] - Delayed 3 second(s)

2018-07-13 13:02:31 - [MESSAGE][PASSED] - com.arc.ReusableMethods.ReusableMethodsLogin.loginIntoArcWithGlobalVariable is PASSED

2018-07-13 13:02:31 - [TEST_STEP][PASSED] - Statement - Try: com.arc.ReusableMethods.ResuableMethodsPortfolio.goalCertification is PASSED

2018-07-13 13:02:31 - [TEST_STEP][PASSED] - com.arc.ReusableMethods.ReusableMethodsSearch.searchProgramPortfolio: com.arc.ReusableMethods.ReusableMethodsSearch.searchProgramPortfolio is PASSED

2018-07-13 13:02:33 - [MESSAGE][PASSED] - Delayed 2 second(s)

2018-07-13 13:02:33 - [MESSAGE][PASSED] - Object: 'Object Repository/Page_Arc dashboard/input_searchBar1' is clicked on

2018-07-13 13:02:33 - [MESSAGE][PASSED] - Text 'Building Portfolio 123321' is set on object 'Object Repository/Page_Arc dashboard/input_searchBar1'

2018-07-13 13:02:34 - [MESSAGE][PASSED] - Object: 'Object Repository/Page_Arc dashboard/input_searchBar1' is clicked on

2018-07-13 13:02:37 - [MESSAGE][PASSED] - Delayed 3 second(s)

2018-07-13 13:02:37 - [MESSAGE][PASSED] - Text of object 'Object Repository/Portfolio/Common/TNoPortfolio (1 portfolio)' is: 'Portfolio (1 portfolio)'

2018-07-13 13:02:37 - [MESSAGE][PASSED] - Actual text 'Portfolio (1 portfolio)' and expected text 'Portfolio (1 portfolio)' are matched 

2018-07-13 13:02:37 - [MESSAGE][PASSED] - Object: 'Object Repository/Page_Arc dashboard/search_Result' is clicked on

2018-07-13 13:02:42 - [MESSAGE][PASSED] - Delayed 5 second(s)

2018-07-13 13:02:42 - [MESSAGE][PASSED] - com.arc.ReusableMethods.ReusableMethodsSearch.searchProgramPortfolio is PASSED

2018-07-13 13:02:42 - [TEST_STEP][PASSED] - com.arc.ReusableMethods.ResuableMethodsPortfolio.goalCertification: com.arc.ReusableMethods.ResuableMethodsPortfolio.goalCertification is PASSED

2018-07-13 13:02:42 - [MESSAGE][PASSED] - Object: 'Object Repository/Page_Arc dashboard/a_Projects' is clicked on

2018-07-13 13:02:43 - [MESSAGE][PASSED] - Delayed 1 second(s)

2018-07-13 13:02:44 - [MESSAGE][PASSED] - Object: 'Object Repository/Portfolio/Goal/a_ Goals' is clicked on

2018-07-13 13:02:46 - [MESSAGE][PASSED] - Delayed 2 second(s)

2018-07-13 13:02:46 - [MESSAGE][PASSED] - Text of object 'Object Repository/Portfolio/Goal/CertificationsUnit' is: 'Certifications'

2018-07-13 13:02:46 - [MESSAGE][PASSED] - Actual text 'Certifications' and expected text 'Certifications' are matched 

2018-07-13 13:02:46 - [MESSAGE][PASSED] - Text of object 'Object Repository/Portfolio/Goal/certification_percent_reduction' is cleared

2018-07-13 13:02:46 - [MESSAGE][PASSED] - Keys '80' sent to object: 'Object Repository/Portfolio/Goal/certification_percent_reduction'

2018-07-13 13:02:46 - [MESSAGE][PASSED] - Object: 'Object Repository/Portfolio/Goal/certification_currentProgess' is clicked on

2018-07-13 13:02:48 - [MESSAGE][PASSED] - Delayed 2 second(s)

2018-07-13 13:02:48 - [MESSAGE][PASSED] - Text of object 'Object Repository/Portfolio/Goal/CertificationDiffGoal' is: '80.00 %'

2018-07-13 13:02:48 - [MESSAGE][PASSED] - Text of object 'Object Repository/Portfolio/Goal/certification_currentProgess' is: '0.00 %'

2018-07-13 13:02:48 - [MESSAGE][PASSED] - com.arc.ReusableMethods.ResuableMethodsPortfolio.goalCertification is PASSED

2018-07-13 13:02:48 - [TEST_STEP][PASSED] - Start listener action : afterTestCase: Browser is closed

2018-07-13 13:02:48 - [TEST_STEP][PASSED] - switchToDefaultContent: Switching to default content

2018-07-13 13:02:48 - [TEST_STEP][PASSED] - Statement - com.kms.katalon.core.util.KeywordUtil.markWarning("Test Case Name : " + testCase.getTestCaseId()): Test Case Name : Test Cases/Buildings/MyPortfolios/GoalCertificationTest

2018-07-13 13:02:48 - [MESSAGE][WARNING] - Test Case Name : Test Cases/Buildings/MyPortfolios/GoalCertificationTest

2018-07-13 13:02:48 - [TEST_STEP][PASSED] - Statement - com.kms.katalon.core.util.KeywordUtil.markWarning("Test Case Status : " + testCase.getTestCaseStatus()): Test Case Status : PASSED

2018-07-13 13:02:48 - [MESSAGE][WARNING] - Test Case Status : PASSED

2018-07-13 13:02:48 - [TEST_STEP][PASSED] - Statement - If ("FAILED".equalsIgnoreCase(testCase.getTestCaseStatus())): null

2018-07-13 13:02:48 - [TEST_STEP][PASSED] - closeBrowser: Browser is closed

2018-07-13 13:02:49 - [MESSAGE][PASSED] - Browser is closed]]></system-out>
         <system-err><![CDATA[]]></system-err>
      </testcase>
      <testcase name="Test Cases/Buildings/MyPortfolios/GoalHumanExperienceTest" classname="Test Cases/Buildings/MyPortfolios/GoalHumanExperienceTest" status="PASSED">
         <system-out><![CDATA[2018-07-13 13:02:49 - [TEST_CASE][PASSED] - Test Cases/Buildings/MyPortfolios/GoalHumanExperienceTest: Test Cases/Buildings/MyPortfolios/GoalHumanExperienceTest

2018-07-13 13:02:49 - [TEST_STEP][PASSED] - Start listener action : beforeTestListener: com.arc.ReusableMethods.ReusableMethodsLogin.loginIntoArcWithGlobalVariable is PASSED

2018-07-13 13:02:49 - [TEST_STEP][PASSED] - com.arc.ReusableMethods.ReusableMethodsLogin.loginIntoArcWithGlobalVariable: com.arc.ReusableMethods.ReusableMethodsLogin.loginIntoArcWithGlobalVariable is PASSED

2018-07-13 13:02:59 - [MESSAGE][PASSED] - Browser is opened with url: 'http://www.stg.arconline.io/'

2018-07-13 13:03:00 - [MESSAGE][PASSED] - Current window maximized

2018-07-13 13:03:00 - [MESSAGE][PASSED] - Wait for page load successfully

2018-07-13 13:03:00 - [MESSAGE][PASSED] - Object: 'Object Repository/Page_Home  Arc/button_ACCEPT AND CLOSE' is clicked on

2018-07-13 13:03:00 - [MESSAGE][PASSED] - Object: 'Object Repository/Page_Home  Arc/Click_Log in' is clicked on

2018-07-13 13:03:01 - [MESSAGE][PASSED] - Text 'Saurav@groupten.com' is set on object 'Object Repository/Page_Home  Arc/input_name'

2018-07-13 13:03:01 - [MESSAGE][PASSED] - Text 'LEEDg10' is set on object 'Object Repository/Page_Home  Arc/input_pass'

2018-07-13 13:03:01 - [MESSAGE][PASSED] - Object: 'Object Repository/Page_Home  Arc/input_field_policy_accept' is clicked on

2018-07-13 13:03:16 - [MESSAGE][PASSED] - Object: 'Object Repository/Page_Home  Arc/button_Log in' is clicked on

2018-07-13 13:03:21 - [MESSAGE][PASSED] - Delayed 5 second(s)

2018-07-13 13:03:21 - [MESSAGE][PASSED] - Text of object 'Object Repository/Page_Arc dashboard/span_My Projects' is: 'My Projects'

2018-07-13 13:03:21 - [MESSAGE][PASSED] - Actual text 'My Projects' and expected text 'My Projects' are matched  using regular expression

2018-07-13 13:03:24 - [MESSAGE][PASSED] - Delayed 3 second(s)

2018-07-13 13:03:24 - [MESSAGE][PASSED] - com.arc.ReusableMethods.ReusableMethodsLogin.loginIntoArcWithGlobalVariable is PASSED

2018-07-13 13:03:25 - [TEST_STEP][PASSED] - Statement - Try: com.arc.ReusableMethods.ResuableMethodsPortfolio.goalHumanExp is PASSED

2018-07-13 13:03:25 - [TEST_STEP][PASSED] - com.arc.ReusableMethods.ReusableMethodsSearch.searchProgramPortfolio: com.arc.ReusableMethods.ReusableMethodsSearch.searchProgramPortfolio is PASSED

2018-07-13 13:03:27 - [MESSAGE][PASSED] - Delayed 2 second(s)

2018-07-13 13:03:27 - [MESSAGE][PASSED] - Object: 'Object Repository/Page_Arc dashboard/input_searchBar1' is clicked on

2018-07-13 13:03:27 - [MESSAGE][PASSED] - Text 'Building Portfolio 123321' is set on object 'Object Repository/Page_Arc dashboard/input_searchBar1'

2018-07-13 13:03:27 - [MESSAGE][PASSED] - Object: 'Object Repository/Page_Arc dashboard/input_searchBar1' is clicked on

2018-07-13 13:03:30 - [MESSAGE][PASSED] - Delayed 3 second(s)

2018-07-13 13:03:30 - [MESSAGE][PASSED] - Text of object 'Object Repository/Portfolio/Common/TNoPortfolio (1 portfolio)' is: 'Portfolio (1 portfolio)'

2018-07-13 13:03:30 - [MESSAGE][PASSED] - Actual text 'Portfolio (1 portfolio)' and expected text 'Portfolio (1 portfolio)' are matched 

2018-07-13 13:03:31 - [MESSAGE][PASSED] - Object: 'Object Repository/Page_Arc dashboard/search_Result' is clicked on

2018-07-13 13:03:36 - [MESSAGE][PASSED] - Delayed 5 second(s)

2018-07-13 13:03:36 - [MESSAGE][PASSED] - com.arc.ReusableMethods.ReusableMethodsSearch.searchProgramPortfolio is PASSED

2018-07-13 13:03:36 - [TEST_STEP][PASSED] - com.arc.ReusableMethods.ResuableMethodsPortfolio.goalHumanExp: com.arc.ReusableMethods.ResuableMethodsPortfolio.goalHumanExp is PASSED

2018-07-13 13:03:36 - [MESSAGE][PASSED] - Object: 'Object Repository/Page_Arc dashboard/a_Projects' is clicked on

2018-07-13 13:03:37 - [MESSAGE][PASSED] - Delayed 1 second(s)

2018-07-13 13:03:38 - [MESSAGE][PASSED] - Object: 'Object Repository/Portfolio/Goal/a_ Goals' is clicked on

2018-07-13 13:03:40 - [MESSAGE][PASSED] - Delayed 2 second(s)

2018-07-13 13:03:40 - [MESSAGE][PASSED] - Text of object 'Object Repository/Portfolio/Goal/humExpUnit_Average Score' is: 'Average Score'

2018-07-13 13:03:41 - [MESSAGE][PASSED] - Delayed 1 second(s)

2018-07-13 13:03:41 - [MESSAGE][PASSED] - Actual text 'Average Score' and expected text 'Average Score' are matched 

2018-07-13 13:03:41 - [MESSAGE][PASSED] - Text of object 'Object Repository/Portfolio/Goal/humanExp_percent_reduction' is cleared

2018-07-13 13:03:41 - [MESSAGE][PASSED] - Keys '10' sent to object: 'Object Repository/Portfolio/Goal/humanExp_percent_reduction'

2018-07-13 13:03:41 - [MESSAGE][PASSED] - Text of object 'Object Repository/Portfolio/Goal/humanExp_baseline_value' is cleared

2018-07-13 13:03:41 - [MESSAGE][PASSED] - Keys '20' sent to object: 'Object Repository/Portfolio/Goal/humanExp_baseline_value'

2018-07-13 13:03:41 - [MESSAGE][PASSED] - Object: 'Object Repository/Portfolio/Goal/humExpDiffGoal' is clicked on

2018-07-13 13:03:44 - [MESSAGE][PASSED] - Delayed 3 second(s)

2018-07-13 13:03:44 - [MESSAGE][PASSED] - Text of object 'Object Repository/Portfolio/Goal/humExpCurrentProgress' is: '7'

2018-07-13 13:03:44 - [MESSAGE][PASSED] - Text of object 'Object Repository/Portfolio/Goal/humExpDiffGoal' is: '3'

2018-07-13 13:03:47 - [MESSAGE][PASSED] - All options with label '2017' are selected in object 'Object Repository/Portfolio/Goal/humExp_score_baseline_year'  using regular expression

2018-07-13 13:03:48 - [MESSAGE][PASSED] - Delayed 1 second(s)

2018-07-13 13:03:50 - [MESSAGE][PASSED] - All options with label '2019' are selected in object 'Object Repository/Portfolio/Goal/humExp_score_target_year'  using regular expression

2018-07-13 13:03:50 - [MESSAGE][PASSED] - Text of object 'Object Repository/Portfolio/Goal/HumanExpGoal' is: '5'

2018-07-13 13:03:50 - [MESSAGE][PASSED] - Object 'Object Repository/Portfolio/Goal/humanexp_textarea' is clickable

2018-07-13 13:03:50 - [MESSAGE][PASSED] - Object: 'Object Repository/Portfolio/Goal/humanexp_textarea' is clicked on

2018-07-13 13:03:50 - [MESSAGE][PASSED] - Text of object 'Object Repository/Portfolio/Goal/humanexp_textarea' is cleared

2018-07-13 13:03:55 - [MESSAGE][PASSED] - Keys 'Achieved a 100% reduction from 2016 Human Experiance and GHG emissions levels by 2018, a goal derived using the Science-Based Targets SDA.The most common oxidation state of Transportaion in inorganic compounds is +4, while +2 is found in carbon monoxide and transition metal carbonyl complexes. The largest sources of inorganic carbon are limestones, dolomites and carbon dioxide, but significant quantities occur in organic deposits of coal, peat, oil, and methane clathrates. Carbon forms a vast number of compounds, more than any other element, with almost ten million compounds described to date Draft Tool' sent to object: 'Object Repository/Portfolio/Goal/humanexp_textarea'

2018-07-13 13:03:55 - [MESSAGE][PASSED] - Object: 'Object Repository/Portfolio/Goal/transport_currentProgess' is clicked on

2018-07-13 13:03:57 - [MESSAGE][PASSED] - Delayed 2 second(s)

2018-07-13 13:04:02 - [MESSAGE][PASSED] - Refresh successfully

2018-07-13 13:04:07 - [MESSAGE][PASSED] - Delayed 5 second(s)

2018-07-13 13:04:07 - [MESSAGE][PASSED] - Attribute 'value' of object 'Object Repository/Portfolio/Goal/humanExp_baseline_value' is: '20.00'

2018-07-13 13:04:07 - [MESSAGE][PASSED] - Attribute 'value' of object 'Object Repository/Portfolio/Goal/humanExp_percent_reduction' is: '10'

2018-07-13 13:04:07 - [MESSAGE][PASSED] - Attribute 'value' of object 'Object Repository/Portfolio/Goal/humanexp_textarea' is: 'Achieved a 100% reduction from 2016 Human Experiance and GHG emissions levels by 2018, a goal derived using the Science-Based Targets SDA.The most common oxidation state of Transportaion in inorganic compounds is +4, while +2 is found in carbon monoxide and transition metal carbonyl complexes. The largest sources of inorganic carbon are limestones, dolomites and carbon dioxide, but significant quantities occur in organic deposits of coal, peat, oil, and methane clathrates. Carbon forms a vast number of compounds, more than any other element, with almost ten million compounds described to date Draft Tool'

2018-07-13 13:04:07 - [MESSAGE][PASSED] - com.arc.ReusableMethods.ResuableMethodsPortfolio.goalHumanExp is PASSED

2018-07-13 13:04:07 - [TEST_STEP][PASSED] - Start listener action : afterTestCase: Browser is closed

2018-07-13 13:04:07 - [TEST_STEP][PASSED] - switchToDefaultContent: Switching to default content

2018-07-13 13:04:07 - [TEST_STEP][PASSED] - Statement - com.kms.katalon.core.util.KeywordUtil.markWarning("Test Case Name : " + testCase.getTestCaseId()): Test Case Name : Test Cases/Buildings/MyPortfolios/GoalHumanExperienceTest

2018-07-13 13:04:07 - [MESSAGE][WARNING] - Test Case Name : Test Cases/Buildings/MyPortfolios/GoalHumanExperienceTest

2018-07-13 13:04:07 - [TEST_STEP][PASSED] - Statement - com.kms.katalon.core.util.KeywordUtil.markWarning("Test Case Status : " + testCase.getTestCaseStatus()): Test Case Status : PASSED

2018-07-13 13:04:07 - [MESSAGE][WARNING] - Test Case Status : PASSED

2018-07-13 13:04:07 - [TEST_STEP][PASSED] - Statement - If ("FAILED".equalsIgnoreCase(testCase.getTestCaseStatus())): null

2018-07-13 13:04:07 - [TEST_STEP][PASSED] - closeBrowser: Browser is closed

2018-07-13 13:04:07 - [MESSAGE][PASSED] - Browser is closed]]></system-out>
         <system-err><![CDATA[]]></system-err>
      </testcase>
      <testcase name="Test Cases/Buildings/MyPortfolios/GoalTransportationTest" classname="Test Cases/Buildings/MyPortfolios/GoalTransportationTest" status="PASSED">
         <system-out><![CDATA[2018-07-13 13:04:07 - [TEST_CASE][PASSED] - Test Cases/Buildings/MyPortfolios/GoalTransportationTest: Test Cases/Buildings/MyPortfolios/GoalTransportationTest

2018-07-13 13:04:07 - [TEST_STEP][PASSED] - Start listener action : beforeTestListener: com.arc.ReusableMethods.ReusableMethodsLogin.loginIntoArcWithGlobalVariable is PASSED

2018-07-13 13:04:07 - [TEST_STEP][PASSED] - com.arc.ReusableMethods.ReusableMethodsLogin.loginIntoArcWithGlobalVariable: com.arc.ReusableMethods.ReusableMethodsLogin.loginIntoArcWithGlobalVariable is PASSED

2018-07-13 13:04:16 - [MESSAGE][PASSED] - Browser is opened with url: 'http://www.stg.arconline.io/'

2018-07-13 13:04:17 - [MESSAGE][PASSED] - Current window maximized

2018-07-13 13:04:17 - [MESSAGE][PASSED] - Wait for page load successfully

2018-07-13 13:04:17 - [MESSAGE][PASSED] - Object: 'Object Repository/Page_Home  Arc/button_ACCEPT AND CLOSE' is clicked on

2018-07-13 13:04:17 - [MESSAGE][PASSED] - Object: 'Object Repository/Page_Home  Arc/Click_Log in' is clicked on

2018-07-13 13:04:18 - [MESSAGE][PASSED] - Text 'Saurav@groupten.com' is set on object 'Object Repository/Page_Home  Arc/input_name'

2018-07-13 13:04:18 - [MESSAGE][PASSED] - Text 'LEEDg10' is set on object 'Object Repository/Page_Home  Arc/input_pass'

2018-07-13 13:04:18 - [MESSAGE][PASSED] - Object: 'Object Repository/Page_Home  Arc/input_field_policy_accept' is clicked on

2018-07-13 13:04:30 - [MESSAGE][PASSED] - Object: 'Object Repository/Page_Home  Arc/button_Log in' is clicked on

2018-07-13 13:04:35 - [MESSAGE][PASSED] - Delayed 5 second(s)

2018-07-13 13:04:35 - [MESSAGE][PASSED] - Text of object 'Object Repository/Page_Arc dashboard/span_My Projects' is: 'My Projects'

2018-07-13 13:04:35 - [MESSAGE][PASSED] - Actual text 'My Projects' and expected text 'My Projects' are matched  using regular expression

2018-07-13 13:04:38 - [MESSAGE][PASSED] - Delayed 3 second(s)

2018-07-13 13:04:38 - [MESSAGE][PASSED] - com.arc.ReusableMethods.ReusableMethodsLogin.loginIntoArcWithGlobalVariable is PASSED

2018-07-13 13:04:38 - [TEST_STEP][PASSED] - Statement - Try: com.arc.ReusableMethods.ResuableMethodsPortfolio.goalHumanExp is PASSED

2018-07-13 13:04:38 - [TEST_STEP][PASSED] - com.arc.ReusableMethods.ReusableMethodsSearch.searchProgramPortfolio: com.arc.ReusableMethods.ReusableMethodsSearch.searchProgramPortfolio is PASSED

2018-07-13 13:04:40 - [MESSAGE][PASSED] - Delayed 2 second(s)

2018-07-13 13:04:40 - [MESSAGE][PASSED] - Object: 'Object Repository/Page_Arc dashboard/input_searchBar1' is clicked on

2018-07-13 13:04:41 - [MESSAGE][PASSED] - Text 'Building Portfolio 123321' is set on object 'Object Repository/Page_Arc dashboard/input_searchBar1'

2018-07-13 13:04:41 - [MESSAGE][PASSED] - Object: 'Object Repository/Page_Arc dashboard/input_searchBar1' is clicked on

2018-07-13 13:04:44 - [MESSAGE][PASSED] - Delayed 3 second(s)

2018-07-13 13:04:44 - [MESSAGE][PASSED] - Text of object 'Object Repository/Portfolio/Common/TNoPortfolio (1 portfolio)' is: 'Portfolio (1 portfolio)'

2018-07-13 13:04:44 - [MESSAGE][PASSED] - Actual text 'Portfolio (1 portfolio)' and expected text 'Portfolio (1 portfolio)' are matched 

2018-07-13 13:04:44 - [MESSAGE][PASSED] - Object: 'Object Repository/Page_Arc dashboard/search_Result' is clicked on

2018-07-13 13:04:49 - [MESSAGE][PASSED] - Delayed 5 second(s)

2018-07-13 13:04:49 - [MESSAGE][PASSED] - com.arc.ReusableMethods.ReusableMethodsSearch.searchProgramPortfolio is PASSED

2018-07-13 13:04:49 - [TEST_STEP][PASSED] - com.arc.ReusableMethods.ResuableMethodsPortfolio.goalHumanExp: com.arc.ReusableMethods.ResuableMethodsPortfolio.goalHumanExp is PASSED

2018-07-13 13:04:49 - [MESSAGE][PASSED] - Object: 'Object Repository/Page_Arc dashboard/a_Projects' is clicked on

2018-07-13 13:04:50 - [MESSAGE][PASSED] - Delayed 1 second(s)

2018-07-13 13:04:51 - [MESSAGE][PASSED] - Object: 'Object Repository/Portfolio/Goal/a_ Goals' is clicked on

2018-07-13 13:04:53 - [MESSAGE][PASSED] - Delayed 2 second(s)

2018-07-13 13:04:53 - [MESSAGE][PASSED] - Text of object 'Object Repository/Portfolio/Goal/humExpUnit_Average Score' is: 'Average Score'

2018-07-13 13:04:54 - [MESSAGE][PASSED] - Delayed 1 second(s)

2018-07-13 13:04:54 - [MESSAGE][PASSED] - Actual text 'Average Score' and expected text 'Average Score' are matched 

2018-07-13 13:04:54 - [MESSAGE][PASSED] - Text of object 'Object Repository/Portfolio/Goal/humanExp_percent_reduction' is cleared

2018-07-13 13:04:54 - [MESSAGE][PASSED] - Keys '10' sent to object: 'Object Repository/Portfolio/Goal/humanExp_percent_reduction'

2018-07-13 13:04:54 - [MESSAGE][PASSED] - Text of object 'Object Repository/Portfolio/Goal/humanExp_baseline_value' is cleared

2018-07-13 13:04:54 - [MESSAGE][PASSED] - Keys '20' sent to object: 'Object Repository/Portfolio/Goal/humanExp_baseline_value'

2018-07-13 13:04:55 - [MESSAGE][PASSED] - Object: 'Object Repository/Portfolio/Goal/humExpDiffGoal' is clicked on

2018-07-13 13:04:58 - [MESSAGE][PASSED] - Delayed 3 second(s)

2018-07-13 13:04:58 - [MESSAGE][PASSED] - Text of object 'Object Repository/Portfolio/Goal/humExpCurrentProgress' is: '7'

2018-07-13 13:04:58 - [MESSAGE][PASSED] - Text of object 'Object Repository/Portfolio/Goal/humExpDiffGoal' is: '3'

2018-07-13 13:05:01 - [MESSAGE][PASSED] - All options with label '2017' are selected in object 'Object Repository/Portfolio/Goal/humExp_score_baseline_year'  using regular expression

2018-07-13 13:05:02 - [MESSAGE][PASSED] - Delayed 1 second(s)

2018-07-13 13:05:03 - [MESSAGE][PASSED] - All options with label '2019' are selected in object 'Object Repository/Portfolio/Goal/humExp_score_target_year'  using regular expression

2018-07-13 13:05:03 - [MESSAGE][PASSED] - Text of object 'Object Repository/Portfolio/Goal/HumanExpGoal' is: '5'

2018-07-13 13:05:03 - [MESSAGE][PASSED] - Object 'Object Repository/Portfolio/Goal/humanexp_textarea' is clickable

2018-07-13 13:05:03 - [MESSAGE][PASSED] - Object: 'Object Repository/Portfolio/Goal/humanexp_textarea' is clicked on

2018-07-13 13:05:03 - [MESSAGE][PASSED] - Text of object 'Object Repository/Portfolio/Goal/humanexp_textarea' is cleared

2018-07-13 13:05:09 - [MESSAGE][PASSED] - Keys 'Achieved a 100% reduction from 2016 Human Experiance and GHG emissions levels by 2018, a goal derived using the Science-Based Targets SDA.The most common oxidation state of Transportaion in inorganic compounds is +4, while +2 is found in carbon monoxide and transition metal carbonyl complexes. The largest sources of inorganic carbon are limestones, dolomites and carbon dioxide, but significant quantities occur in organic deposits of coal, peat, oil, and methane clathrates. Carbon forms a vast number of compounds, more than any other element, with almost ten million compounds described to date Draft Tool' sent to object: 'Object Repository/Portfolio/Goal/humanexp_textarea'

2018-07-13 13:05:09 - [MESSAGE][PASSED] - Object: 'Object Repository/Portfolio/Goal/transport_currentProgess' is clicked on

2018-07-13 13:05:11 - [MESSAGE][PASSED] - Delayed 2 second(s)

2018-07-13 13:05:18 - [MESSAGE][PASSED] - Refresh successfully

2018-07-13 13:05:23 - [MESSAGE][PASSED] - Delayed 5 second(s)

2018-07-13 13:05:23 - [MESSAGE][PASSED] - Attribute 'value' of object 'Object Repository/Portfolio/Goal/humanExp_baseline_value' is: '20.00'

2018-07-13 13:05:23 - [MESSAGE][PASSED] - Attribute 'value' of object 'Object Repository/Portfolio/Goal/humanExp_percent_reduction' is: '10'

2018-07-13 13:05:23 - [MESSAGE][PASSED] - Attribute 'value' of object 'Object Repository/Portfolio/Goal/humanexp_textarea' is: 'Achieved a 100% reduction from 2016 Human Experiance and GHG emissions levels by 2018, a goal derived using the Science-Based Targets SDA.The most common oxidation state of Transportaion in inorganic compounds is +4, while +2 is found in carbon monoxide and transition metal carbonyl complexes. The largest sources of inorganic carbon are limestones, dolomites and carbon dioxide, but significant quantities occur in organic deposits of coal, peat, oil, and methane clathrates. Carbon forms a vast number of compounds, more than any other element, with almost ten million compounds described to date Draft Tool'

2018-07-13 13:05:23 - [MESSAGE][PASSED] - com.arc.ReusableMethods.ResuableMethodsPortfolio.goalHumanExp is PASSED

2018-07-13 13:05:23 - [TEST_STEP][PASSED] - Start listener action : afterTestCase: Browser is closed

2018-07-13 13:05:23 - [TEST_STEP][PASSED] - switchToDefaultContent: Switching to default content

2018-07-13 13:05:23 - [TEST_STEP][PASSED] - Statement - com.kms.katalon.core.util.KeywordUtil.markWarning("Test Case Name : " + testCase.getTestCaseId()): Test Case Name : Test Cases/Buildings/MyPortfolios/GoalTransportationTest

2018-07-13 13:05:23 - [MESSAGE][WARNING] - Test Case Name : Test Cases/Buildings/MyPortfolios/GoalTransportationTest

2018-07-13 13:05:23 - [TEST_STEP][PASSED] - Statement - com.kms.katalon.core.util.KeywordUtil.markWarning("Test Case Status : " + testCase.getTestCaseStatus()): Test Case Status : PASSED

2018-07-13 13:05:23 - [MESSAGE][WARNING] - Test Case Status : PASSED

2018-07-13 13:05:23 - [TEST_STEP][PASSED] - Statement - If ("FAILED".equalsIgnoreCase(testCase.getTestCaseStatus())): null

2018-07-13 13:05:23 - [TEST_STEP][PASSED] - closeBrowser: Browser is closed

2018-07-13 13:05:23 - [MESSAGE][PASSED] - Browser is closed]]></system-out>
         <system-err><![CDATA[]]></system-err>
      </testcase>
      <testcase name="Test Cases/Buildings/MyPortfolios/EditTeamMemberRoleTest" classname="Test Cases/Buildings/MyPortfolios/EditTeamMemberRoleTest" status="PASSED">
         <system-out><![CDATA[2018-07-13 13:05:23 - [TEST_CASE][PASSED] - Test Cases/Buildings/MyPortfolios/EditTeamMemberRoleTest: Test Cases/Buildings/MyPortfolios/EditTeamMemberRoleTest

2018-07-13 13:05:23 - [TEST_STEP][PASSED] - Start listener action : beforeTestListener: com.arc.ReusableMethods.ReusableMethodsLogin.loginIntoArcWithGlobalVariable is PASSED

2018-07-13 13:05:23 - [TEST_STEP][PASSED] - com.arc.ReusableMethods.ReusableMethodsLogin.loginIntoArcWithGlobalVariable: com.arc.ReusableMethods.ReusableMethodsLogin.loginIntoArcWithGlobalVariable is PASSED

2018-07-13 13:05:31 - [MESSAGE][PASSED] - Browser is opened with url: 'http://www.stg.arconline.io/'

2018-07-13 13:05:32 - [MESSAGE][PASSED] - Current window maximized

2018-07-13 13:05:32 - [MESSAGE][PASSED] - Wait for page load successfully

2018-07-13 13:05:32 - [MESSAGE][PASSED] - Object: 'Object Repository/Page_Home  Arc/button_ACCEPT AND CLOSE' is clicked on

2018-07-13 13:05:32 - [MESSAGE][PASSED] - Object: 'Object Repository/Page_Home  Arc/Click_Log in' is clicked on

2018-07-13 13:05:33 - [MESSAGE][PASSED] - Text 'Saurav@groupten.com' is set on object 'Object Repository/Page_Home  Arc/input_name'

2018-07-13 13:05:33 - [MESSAGE][PASSED] - Text 'LEEDg10' is set on object 'Object Repository/Page_Home  Arc/input_pass'

2018-07-13 13:05:33 - [MESSAGE][PASSED] - Object: 'Object Repository/Page_Home  Arc/input_field_policy_accept' is clicked on

2018-07-13 13:05:45 - [MESSAGE][PASSED] - Object: 'Object Repository/Page_Home  Arc/button_Log in' is clicked on

2018-07-13 13:05:50 - [MESSAGE][PASSED] - Delayed 5 second(s)

2018-07-13 13:05:50 - [MESSAGE][PASSED] - Text of object 'Object Repository/Page_Arc dashboard/span_My Projects' is: 'My Projects'

2018-07-13 13:05:50 - [MESSAGE][PASSED] - Actual text 'My Projects' and expected text 'My Projects' are matched  using regular expression

2018-07-13 13:05:53 - [MESSAGE][PASSED] - Delayed 3 second(s)

2018-07-13 13:05:53 - [MESSAGE][PASSED] - com.arc.ReusableMethods.ReusableMethodsLogin.loginIntoArcWithGlobalVariable is PASSED

2018-07-13 13:05:53 - [TEST_STEP][PASSED] - Statement - Try: com.arc.ReusableMethods.ResuableMethodsPortfolio.editTeamMember is PASSED

2018-07-13 13:05:53 - [TEST_STEP][PASSED] - com.arc.ReusableMethods.ReusableMethodsSearch.searchProgramPortfolio: com.arc.ReusableMethods.ReusableMethodsSearch.searchProgramPortfolio is PASSED

2018-07-13 13:05:55 - [MESSAGE][PASSED] - Delayed 2 second(s)

2018-07-13 13:05:56 - [MESSAGE][PASSED] - Object: 'Object Repository/Page_Arc dashboard/input_searchBar1' is clicked on

2018-07-13 13:05:56 - [MESSAGE][PASSED] - Text 'Building Portfolio 123321' is set on object 'Object Repository/Page_Arc dashboard/input_searchBar1'

2018-07-13 13:05:56 - [MESSAGE][PASSED] - Object: 'Object Repository/Page_Arc dashboard/input_searchBar1' is clicked on

2018-07-13 13:05:59 - [MESSAGE][PASSED] - Delayed 3 second(s)

2018-07-13 13:05:59 - [MESSAGE][PASSED] - Text of object 'Object Repository/Portfolio/Common/TNoPortfolio (1 portfolio)' is: 'Portfolio (1 portfolio)'

2018-07-13 13:05:59 - [MESSAGE][PASSED] - Actual text 'Portfolio (1 portfolio)' and expected text 'Portfolio (1 portfolio)' are matched 

2018-07-13 13:06:00 - [MESSAGE][PASSED] - Object: 'Object Repository/Page_Arc dashboard/search_Result' is clicked on

2018-07-13 13:06:05 - [MESSAGE][PASSED] - Delayed 5 second(s)

2018-07-13 13:06:05 - [MESSAGE][PASSED] - com.arc.ReusableMethods.ReusableMethodsSearch.searchProgramPortfolio is PASSED

2018-07-13 13:06:05 - [TEST_STEP][PASSED] - com.arc.ReusableMethods.ResuableMethodsPortfolio.editTeamMember: com.arc.ReusableMethods.ResuableMethodsPortfolio.editTeamMember is PASSED

2018-07-13 13:06:05 - [MESSAGE][PASSED] - Object: 'Object Repository/Page_Arc dashboard/a_Projects' is clicked on

2018-07-13 13:06:06 - [MESSAGE][PASSED] - Delayed 1 second(s)

2018-07-13 13:06:06 - [MESSAGE][PASSED] - Object: 'Object Repository/Portfolio/Total/a_ Manage' is clicked on

2018-07-13 13:06:07 - [MESSAGE][PASSED] - Delayed 1 second(s)

2018-07-13 13:06:07 - [MESSAGE][PASSED] - Object: 'Object Repository/Portfolio/Total/a_ Team' is double clicked on

2018-07-13 13:06:11 - [MESSAGE][PASSED] - Delayed 4 second(s)

2018-07-13 13:06:11 - [MESSAGE][PASSED] - Object: 'Object Repository/Portfolio/Total/EditRole' is clicked on

2018-07-13 13:06:11 - [MESSAGE][PASSED] - Object: 'Object Repository/Portfolio/Total/EditAuthRight' is clicked on

2018-07-13 13:06:11 - [MESSAGE][PASSED] - Object: 'Object Repository/Portfolio/Total/SelectRole' is clicked on

2018-07-13 13:06:12 - [MESSAGE][PASSED] - Object: 'Object Repository/Portfolio/Total/SaveRole' is clicked on

2018-07-13 13:06:17 - [MESSAGE][PASSED] - Delayed 5 second(s)

2018-07-13 13:06:17 - [MESSAGE][PASSED] - Text of object 'Object Repository/Portfolio/Total/GetRole' is: 'Can Edit'

2018-07-13 13:06:17 - [MESSAGE][PASSED] - Actual text 'Can Edit' and expected text 'Can Edit' are matched 

2018-07-13 13:06:17 - [MESSAGE][PASSED] - com.arc.ReusableMethods.ResuableMethodsPortfolio.editTeamMember is PASSED

2018-07-13 13:06:17 - [TEST_STEP][PASSED] - Start listener action : afterTestCase: Browser is closed

2018-07-13 13:06:17 - [TEST_STEP][PASSED] - switchToDefaultContent: Switching to default content

2018-07-13 13:06:17 - [TEST_STEP][PASSED] - Statement - com.kms.katalon.core.util.KeywordUtil.markWarning("Test Case Name : " + testCase.getTestCaseId()): Test Case Name : Test Cases/Buildings/MyPortfolios/EditTeamMemberRoleTest

2018-07-13 13:06:17 - [MESSAGE][WARNING] - Test Case Name : Test Cases/Buildings/MyPortfolios/EditTeamMemberRoleTest

2018-07-13 13:06:17 - [TEST_STEP][PASSED] - Statement - com.kms.katalon.core.util.KeywordUtil.markWarning("Test Case Status : " + testCase.getTestCaseStatus()): Test Case Status : PASSED

2018-07-13 13:06:17 - [MESSAGE][WARNING] - Test Case Status : PASSED

2018-07-13 13:06:17 - [TEST_STEP][PASSED] - Statement - If ("FAILED".equalsIgnoreCase(testCase.getTestCaseStatus())): null

2018-07-13 13:06:17 - [TEST_STEP][PASSED] - closeBrowser: Browser is closed

2018-07-13 13:06:18 - [MESSAGE][PASSED] - Browser is closed]]></system-out>
         <system-err><![CDATA[]]></system-err>
      </testcase>
      <testcase name="Test Cases/Buildings/MyPortfolios/EditPortfolioDetailTest" classname="Test Cases/Buildings/MyPortfolios/EditPortfolioDetailTest" status="ERROR">
         <error type="ERROR" message="Test Cases/Buildings/MyPortfolios/EditPortfolioDetailTest FAILED because (of) org.codehaus.groovy.runtime.InvokerInvocationException: java.lang.AssertionError: Not Valid expected [true] but found [false]"/>
         <system-out><![CDATA[2018-07-13 13:06:18 - [TEST_CASE][ERROR] - Test Cases/Buildings/MyPortfolios/EditPortfolioDetailTest: Test Cases/Buildings/MyPortfolios/EditPortfolioDetailTest FAILED because (of) org.codehaus.groovy.runtime.InvokerInvocationException: java.lang.AssertionError: Not Valid expected [true] but found [false]

2018-07-13 13:06:18 - [TEST_STEP][PASSED] - Start listener action : beforeTestListener: com.arc.ReusableMethods.ReusableMethodsLogin.loginIntoArcWithGlobalVariable is PASSED

2018-07-13 13:06:18 - [TEST_STEP][PASSED] - com.arc.ReusableMethods.ReusableMethodsLogin.loginIntoArcWithGlobalVariable: com.arc.ReusableMethods.ReusableMethodsLogin.loginIntoArcWithGlobalVariable is PASSED

2018-07-13 13:06:26 - [MESSAGE][PASSED] - Browser is opened with url: 'http://www.stg.arconline.io/'

2018-07-13 13:06:27 - [MESSAGE][PASSED] - Current window maximized

2018-07-13 13:06:28 - [MESSAGE][PASSED] - Wait for page load successfully

2018-07-13 13:06:28 - [MESSAGE][PASSED] - Object: 'Object Repository/Page_Home  Arc/button_ACCEPT AND CLOSE' is clicked on

2018-07-13 13:06:28 - [MESSAGE][PASSED] - Object: 'Object Repository/Page_Home  Arc/Click_Log in' is clicked on

2018-07-13 13:06:29 - [MESSAGE][PASSED] - Text 'Saurav@groupten.com' is set on object 'Object Repository/Page_Home  Arc/input_name'

2018-07-13 13:06:29 - [MESSAGE][PASSED] - Text 'LEEDg10' is set on object 'Object Repository/Page_Home  Arc/input_pass'

2018-07-13 13:06:29 - [MESSAGE][PASSED] - Object: 'Object Repository/Page_Home  Arc/input_field_policy_accept' is clicked on

2018-07-13 13:06:41 - [MESSAGE][PASSED] - Object: 'Object Repository/Page_Home  Arc/button_Log in' is clicked on

2018-07-13 13:06:46 - [MESSAGE][PASSED] - Delayed 5 second(s)

2018-07-13 13:06:46 - [MESSAGE][PASSED] - Text of object 'Object Repository/Page_Arc dashboard/span_My Projects' is: 'My Projects'

2018-07-13 13:06:46 - [MESSAGE][PASSED] - Actual text 'My Projects' and expected text 'My Projects' are matched  using regular expression

2018-07-13 13:06:49 - [MESSAGE][PASSED] - Delayed 3 second(s)

2018-07-13 13:06:49 - [MESSAGE][PASSED] - com.arc.ReusableMethods.ReusableMethodsLogin.loginIntoArcWithGlobalVariable is PASSED

2018-07-13 13:06:49 - [TEST_STEP][FAILED] - Statement - Try: java.lang.AssertionError: Not Valid expected [true] but found [false]

2018-07-13 13:06:49 - [TEST_STEP][PASSED] - com.arc.ReusableMethods.ReusableMethodsSearch.searchProgramPortfolio: com.arc.ReusableMethods.ReusableMethodsSearch.searchProgramPortfolio is PASSED

2018-07-13 13:06:51 - [MESSAGE][PASSED] - Delayed 2 second(s)

2018-07-13 13:06:52 - [MESSAGE][PASSED] - Object: 'Object Repository/Page_Arc dashboard/input_searchBar1' is clicked on

2018-07-13 13:06:52 - [MESSAGE][PASSED] - Text 'Building Portfolio 123321' is set on object 'Object Repository/Page_Arc dashboard/input_searchBar1'

2018-07-13 13:06:52 - [MESSAGE][PASSED] - Object: 'Object Repository/Page_Arc dashboard/input_searchBar1' is clicked on

2018-07-13 13:06:55 - [MESSAGE][PASSED] - Delayed 3 second(s)

2018-07-13 13:06:55 - [MESSAGE][PASSED] - Text of object 'Object Repository/Portfolio/Common/TNoPortfolio (1 portfolio)' is: 'Portfolio (1 portfolio)'

2018-07-13 13:06:55 - [MESSAGE][PASSED] - Actual text 'Portfolio (1 portfolio)' and expected text 'Portfolio (1 portfolio)' are matched 

2018-07-13 13:06:55 - [MESSAGE][PASSED] - Object: 'Object Repository/Page_Arc dashboard/search_Result' is clicked on

2018-07-13 13:07:00 - [MESSAGE][PASSED] - Delayed 5 second(s)

2018-07-13 13:07:00 - [MESSAGE][PASSED] - com.arc.ReusableMethods.ReusableMethodsSearch.searchProgramPortfolio is PASSED

2018-07-13 13:07:00 - [TEST_STEP][FAILED] - com.arc.ReusableMethods.ResuableMethodsPortfolio.editPortfolioDetails: java.lang.AssertionError: Not Valid expected [true] but found [false]

2018-07-13 13:07:01 - [MESSAGE][PASSED] - Object: 'Object Repository/Page_Arc dashboard/a_Projects' is clicked on

2018-07-13 13:07:02 - [MESSAGE][PASSED] - Delayed 1 second(s)

2018-07-13 13:07:02 - [MESSAGE][PASSED] - Object: 'Object Repository/Portfolio/Total/a_ Manage' is clicked on

2018-07-13 13:07:02 - [MESSAGE][PASSED] - Object: 'Object Repository/Portfolio/Total/a_ Portfolio' is clicked on

2018-07-13 13:07:02 - [MESSAGE][PASSED] - Object: 'Object Repository/Portfolio/Total/span_Edit' is clicked on

2018-07-13 13:07:03 - [MESSAGE][PASSED] - Delayed 1 second(s)

2018-07-13 13:07:04 - [MESSAGE][PASSED] - Text of object 'Object Repository/Portfolio/Total/portfolio_name' is cleared

2018-07-13 13:07:05 - [MESSAGE][PASSED] - Keys 'Building Portfolio 123321' sent to object: 'Object Repository/Portfolio/Total/portfolio_name'

2018-07-13 13:07:05 - [MESSAGE][PASSED] - Text of object 'Object Repository/Portfolio/Total/textarea_organization' is cleared

2018-07-13 13:07:05 - [MESSAGE][PASSED] - Keys 'V Architecture' sent to object: 'Object Repository/Portfolio/Total/textarea_organization'

2018-07-13 13:07:05 - [MESSAGE][PASSED] - Object: 'Object Repository/Portfolio/Total/textarea_organization' is clicked on

2018-07-13 13:07:06 - [MESSAGE][PASSED] - Delayed 1 second(s)

2018-07-13 13:07:06 - [MESSAGE][PASSED] - Object: 'Object Repository/Portfolio/Total/OrgV Architecture' is clicked on

2018-07-13 13:07:07 - [MESSAGE][PASSED] - Delayed 1 second(s)

2018-07-13 13:07:07 - [MESSAGE][PASSED] - All options with label 'Turkey' are selected in object 'Object Repository/Portfolio/Total/org_country' 

2018-07-13 13:07:07 - [MESSAGE][PASSED] - Text of object 'Object Repository/Portfolio/Total/textarea_Mob' is cleared

2018-07-13 13:07:08 - [MESSAGE][PASSED] - Keys '9486861522' sent to object: 'Object Repository/Portfolio/Total/textarea_Mob'

2018-07-13 13:07:08 - [MESSAGE][PASSED] - Text of object 'Object Repository/Portfolio/Total/textarea_Location' is cleared

2018-07-13 13:07:08 - [MESSAGE][PASSED] - Keys 'Bristol' sent to object: 'Object Repository/Portfolio/Total/textarea_Location'

2018-07-13 13:07:08 - [MESSAGE][PASSED] - Text of object 'Object Repository/Portfolio/Total/textarea_Email' is cleared

2018-07-13 13:07:08 - [MESSAGE][PASSED] - Keys 'usgbcarc@gmail.com' sent to object: 'Object Repository/Portfolio/Total/textarea_Email'

2018-07-13 13:07:08 - [MESSAGE][PASSED] - Text of object 'Object Repository/Portfolio/Total/textarea_Description' is cleared

2018-07-13 13:07:09 - [MESSAGE][PASSED] - Keys 'US Building LEED V4 Projects Registration' sent to object: 'Object Repository/Portfolio/Total/textarea_Description'

2018-07-13 13:07:09 - [MESSAGE][PASSED] - Object: 'Object Repository/Portfolio/Total/span_Save' is clicked on

2018-07-13 13:07:11 - [MESSAGE][PASSED] - Delayed 2 second(s)

2018-07-13 13:07:15 - [MESSAGE][PASSED] - Refresh successfully

2018-07-13 13:07:15 - [MESSAGE][PASSED] - Wait for page load successfully

2018-07-13 13:07:15 - [MESSAGE][PASSED] - Attribute 'value' of object 'Object Repository/Portfolio/Total/portfolio_name' is: 'Building Portfolio 123321'

2018-07-13 13:07:15 - [MESSAGE][PASSED] - Attribute 'value' of object 'Object Repository/Portfolio/Total/textarea_organization' is: 'Z Park'

2018-07-13 13:07:15 - [MESSAGE][FAILED] - java.lang.AssertionError: Not Valid expected [true] but found [false]

2018-07-13 13:07:15 - [TEST_STEP][PASSED] - Statement - Catch (Throwable t): null

2018-07-13 13:07:15 - [TEST_STEP][PASSED] - Statement - out.println(t.getLocalizedMessage()): null

2018-07-13 13:07:15 - [TEST_STEP][PASSED] - Statement - e1 = new java.lang.Error(t.getMessage()): null

2018-07-13 13:07:15 - [TEST_STEP][PASSED] - Statement - e1.setStackTrace(t.getStackTrace()): null

2018-07-13 13:07:15 - [TEST_STEP][PASSED] - Statement - e1.printStackTrace(): null

2018-07-13 13:07:15 - [TEST_STEP][PASSED] - Start listener action : afterTestCase: Browser is closed

2018-07-13 13:07:15 - [TEST_STEP][PASSED] - switchToDefaultContent: Switching to default content

2018-07-13 13:07:16 - [TEST_STEP][PASSED] - Statement - com.kms.katalon.core.util.KeywordUtil.markWarning("Test Case Name : " + testCase.getTestCaseId()): Test Case Name : Test Cases/Buildings/MyPortfolios/EditPortfolioDetailTest

2018-07-13 13:07:16 - [MESSAGE][WARNING] - Test Case Name : Test Cases/Buildings/MyPortfolios/EditPortfolioDetailTest

2018-07-13 13:07:16 - [TEST_STEP][PASSED] - Statement - com.kms.katalon.core.util.KeywordUtil.markWarning("Test Case Status : " + testCase.getTestCaseStatus()): Test Case Status : FAILED

2018-07-13 13:07:16 - [MESSAGE][WARNING] - Test Case Status : FAILED

2018-07-13 13:07:16 - [TEST_STEP][PASSED] - Statement - If ("FAILED".equalsIgnoreCase(testCase.getTestCaseStatus())): Taking screenshot successfully

2018-07-13 13:07:16 - [TEST_STEP][PASSED] - Statement - println("Test case Fail taking Screenshot"): null

2018-07-13 13:07:16 - [TEST_STEP][PASSED] - Statement - Try: Taking screenshot successfully

2018-07-13 13:07:16 - [TEST_STEP][PASSED] - Statement - data = new java.util.Date(java.lang.System.currentTimeMillis()): null

2018-07-13 13:07:16 - [TEST_STEP][PASSED] - Statement - formatarDate = new java.text.SimpleDateFormat(yyyyMMddHHmmss): null

2018-07-13 13:07:16 - [TEST_STEP][PASSED] - takeScreenshot: Taking screenshot successfully

2018-07-13 13:07:17 - [MESSAGE][PASSED] - Taking screenshot successfully
[[ATTACHMENT|C:\\Users\\Group 10\\git\\KatalonStudio\\ArcWithKatalonStudio\\ScreenShot\\screenshot_20180713130716.png]]

2018-07-13 13:07:17 - [TEST_STEP][PASSED] - closeBrowser: Browser is closed

2018-07-13 13:07:18 - [MESSAGE][PASSED] - Browser is closed]]></system-out>
         <system-err><![CDATA[2018-07-13 13:06:18 - [TEST_CASE][ERROR] - Test Cases/Buildings/MyPortfolios/EditPortfolioDetailTest: Test Cases/Buildings/MyPortfolios/EditPortfolioDetailTest FAILED because (of) org.codehaus.groovy.runtime.InvokerInvocationException: java.lang.AssertionError: Not Valid expected [true] but found [false]]]></system-err>
      </testcase>
      <testcase name="Test Cases/Buildings/MyPortfolios/LogoutToArcTest" classname="Test Cases/Buildings/MyPortfolios/LogoutToArcTest" status="PASSED">
         <system-out><![CDATA[2018-07-13 13:07:18 - [TEST_CASE][PASSED] - Test Cases/Buildings/MyPortfolios/LogoutToArcTest: Test Cases/Buildings/MyPortfolios/LogoutToArcTest

2018-07-13 13:07:18 - [TEST_STEP][PASSED] - Start listener action : beforeTestListener: com.arc.ReusableMethods.ReusableMethodsLogin.loginIntoArcWithGlobalVariable is PASSED

2018-07-13 13:07:18 - [TEST_STEP][PASSED] - com.arc.ReusableMethods.ReusableMethodsLogin.loginIntoArcWithGlobalVariable: com.arc.ReusableMethods.ReusableMethodsLogin.loginIntoArcWithGlobalVariable is PASSED

2018-07-13 13:07:26 - [MESSAGE][PASSED] - Browser is opened with url: 'http://www.stg.arconline.io/'

2018-07-13 13:07:27 - [MESSAGE][PASSED] - Current window maximized

2018-07-13 13:07:27 - [MESSAGE][PASSED] - Wait for page load successfully

2018-07-13 13:07:27 - [MESSAGE][PASSED] - Object: 'Object Repository/Page_Home  Arc/button_ACCEPT AND CLOSE' is clicked on

2018-07-13 13:07:27 - [MESSAGE][PASSED] - Object: 'Object Repository/Page_Home  Arc/Click_Log in' is clicked on

2018-07-13 13:07:28 - [MESSAGE][PASSED] - Text 'Saurav@groupten.com' is set on object 'Object Repository/Page_Home  Arc/input_name'

2018-07-13 13:07:28 - [MESSAGE][PASSED] - Text 'LEEDg10' is set on object 'Object Repository/Page_Home  Arc/input_pass'

2018-07-13 13:07:28 - [MESSAGE][PASSED] - Object: 'Object Repository/Page_Home  Arc/input_field_policy_accept' is clicked on

2018-07-13 13:07:40 - [MESSAGE][PASSED] - Object: 'Object Repository/Page_Home  Arc/button_Log in' is clicked on

2018-07-13 13:07:45 - [MESSAGE][PASSED] - Delayed 5 second(s)

2018-07-13 13:07:45 - [MESSAGE][PASSED] - Text of object 'Object Repository/Page_Arc dashboard/span_My Projects' is: 'My Projects'

2018-07-13 13:07:45 - [MESSAGE][PASSED] - Actual text 'My Projects' and expected text 'My Projects' are matched  using regular expression

2018-07-13 13:07:48 - [MESSAGE][PASSED] - Delayed 3 second(s)

2018-07-13 13:07:48 - [MESSAGE][PASSED] - com.arc.ReusableMethods.ReusableMethodsLogin.loginIntoArcWithGlobalVariable is PASSED

2018-07-13 13:07:48 - [TEST_STEP][PASSED] - Statement - Try: com.arc.ReusableMethods.ReusableMethodsLogin.logoutFromArcApplication is PASSED

2018-07-13 13:07:48 - [TEST_STEP][PASSED] - com.arc.ReusableMethods.ReusableMethodsLogin.logoutFromArcApplication: com.arc.ReusableMethods.ReusableMethodsLogin.logoutFromArcApplication is PASSED

2018-07-13 13:07:48 - [MESSAGE][PASSED] - Object: 'Object Repository/Page_Arc dashboard/b_caret' is clicked on

2018-07-13 13:07:49 - [MESSAGE][PASSED] - Delayed 1 second(s)

2018-07-13 13:07:49 - [MESSAGE][PASSED] - Object: 'Object Repository/Page_Arc dashboard/a_ Log Out' is clicked on

2018-07-13 13:07:59 - [MESSAGE][PASSED] - Delayed 10 second(s)

2018-07-13 13:08:00 - [MESSAGE][PASSED] - Wait for page load successfully

2018-07-13 13:08:00 - [MESSAGE][PASSED] - Text of object 'Object Repository/Page_Home  Arc/Click_Log in' is: 'LOG IN'

2018-07-13 13:08:00 - [MESSAGE][PASSED] - Actual text 'LOG IN' and expected text 'LOG IN' are matched 

2018-07-13 13:08:00 - [MESSAGE][PASSED] - com.arc.ReusableMethods.ReusableMethodsLogin.logoutFromArcApplication is PASSED

2018-07-13 13:08:00 - [TEST_STEP][PASSED] - Start listener action : afterTestCase: Browser is closed

2018-07-13 13:08:00 - [TEST_STEP][PASSED] - switchToDefaultContent: Switching to default content

2018-07-13 13:08:00 - [TEST_STEP][PASSED] - Statement - com.kms.katalon.core.util.KeywordUtil.markWarning("Test Case Name : " + testCase.getTestCaseId()): Test Case Name : Test Cases/Buildings/MyPortfolios/LogoutToArcTest

2018-07-13 13:08:00 - [MESSAGE][WARNING] - Test Case Name : Test Cases/Buildings/MyPortfolios/LogoutToArcTest

2018-07-13 13:08:00 - [TEST_STEP][PASSED] - Statement - com.kms.katalon.core.util.KeywordUtil.markWarning("Test Case Status : " + testCase.getTestCaseStatus()): Test Case Status : PASSED

2018-07-13 13:08:00 - [MESSAGE][WARNING] - Test Case Status : PASSED

2018-07-13 13:08:00 - [TEST_STEP][PASSED] - Statement - If ("FAILED".equalsIgnoreCase(testCase.getTestCaseStatus())): null

2018-07-13 13:08:00 - [TEST_STEP][PASSED] - closeBrowser: Browser is closed

2018-07-13 13:08:00 - [MESSAGE][PASSED] - Browser is closed]]></system-out>
         <system-err><![CDATA[]]></system-err>
      </testcase>
      <system-out><![CDATA[2018-07-13 12:33:18 - [TEST_SUITE][FAILED] - Portfolios TestSuite: Test Cases/Buildings/MyPortfolios/AnalyticsWaterScoreTest FAILED because (of) Unable to verify match between actual text '8' and expected text '9' (Root cause: Actual text '8' and expected text '9' are not matched)]]></system-out>
      <system-err><![CDATA[2018-07-13 12:33:18 - [TEST_SUITE][FAILED] - Portfolios TestSuite: Test Cases/Buildings/MyPortfolios/AnalyticsWaterScoreTest FAILED because (of) Unable to verify match between actual text '8' and expected text '9' (Root cause: Actual text '8' and expected text '9' are not matched)]]></system-err>
   </testsuite>
</testsuites>
